{"/home/martin/Desktop/My all/Solvit/github/tasks/Task-management-backend/src/app.ts": {"path":"/home/martin/Desktop/My all/Solvit/github/tasks/Task-management-backend/src/app.ts","statementMap":{"0":{"start":{"line":1,"column":0},"end":{"line":1,"column":30}},"1":{"start":{"line":2,"column":0},"end":{"line":2,"column":37}},"2":{"start":{"line":3,"column":0},"end":{"line":3,"column":63}},"3":{"start":{"line":4,"column":0},"end":{"line":4,"column":63}},"4":{"start":{"line":5,"column":0},"end":{"line":5,"column":63}},"5":{"start":{"line":6,"column":0},"end":{"line":6,"column":74}},"6":{"start":{"line":7,"column":0},"end":{"line":7,"column":69}},"7":{"start":{"line":8,"column":0},"end":{"line":8,"column":72}},"8":{"start":{"line":10,"column":12},"end":{"line":10,"column":21}},"9":{"start":{"line":12,"column":0},"end":{"line":12,"column":24}},"10":{"start":{"line":13,"column":0},"end":{"line":13,"column":27}},"11":{"start":{"line":15,"column":0},"end":{"line":15,"column":33}},"12":{"start":{"line":16,"column":0},"end":{"line":16,"column":34}},"13":{"start":{"line":17,"column":0},"end":{"line":17,"column":34}},"14":{"start":{"line":18,"column":0},"end":{"line":18,"column":46}},"15":{"start":{"line":19,"column":0},"end":{"line":19,"column":39}},"16":{"start":{"line":20,"column":0},"end":{"line":20,"column":null}},"17":{"start":{"line":23,"column":0},"end":{"line":23,"column":19}}},"fnMap":{},"branchMap":{},"s":{"0":1,"1":1,"2":1,"3":1,"4":1,"5":1,"6":1,"7":1,"8":1,"9":1,"10":1,"11":1,"12":1,"13":1,"14":1,"15":1,"16":1,"17":1},"f":{},"b":{}}
,"/home/martin/Desktop/My all/Solvit/github/tasks/Task-management-backend/src/application/services/AudithLogService.ts": {"path":"/home/martin/Desktop/My all/Solvit/github/tasks/Task-management-backend/src/application/services/AudithLogService.ts","statementMap":{"0":{"start":{"line":2,"column":0},"end":{"line":2,"column":40}},"1":{"start":{"line":5,"column":24},"end":{"line":5,"column":54}},"2":{"start":{"line":14,"column":20},"end":{"line":19,"column":null}},"3":{"start":{"line":22,"column":8},"end":{"line":22,"column":42}},"4":{"start":{"line":4,"column":0},"end":{"line":4,"column":13}}},"fnMap":{"0":{"name":"(anonymous_7)","decl":{"start":{"line":5,"column":4},"end":{"line":5,"column":24}},"loc":{"start":{"line":5,"column":54},"end":{"line":5,"column":58}}},"1":{"name":"(anonymous_8)","decl":{"start":{"line":7,"column":10},"end":{"line":7,"column":19}},"loc":{"start":{"line":13,"column":5},"end":{"line":23,"column":null}}}},"branchMap":{},"s":{"0":1,"1":1,"2":0,"3":0,"4":1},"f":{"0":1,"1":0},"b":{}}
,"/home/martin/Desktop/My all/Solvit/github/tasks/Task-management-backend/src/application/services/AurhService.ts": {"path":"/home/martin/Desktop/My all/Solvit/github/tasks/Task-management-backend/src/application/services/AurhService.ts","statementMap":{"0":{"start":{"line":2,"column":0},"end":{"line":2,"column":62}},"1":{"start":{"line":3,"column":0},"end":{"line":3,"column":103}},"2":{"start":{"line":4,"column":0},"end":{"line":4,"column":91}},"3":{"start":{"line":5,"column":0},"end":{"line":5,"column":40}},"4":{"start":{"line":6,"column":0},"end":{"line":6,"column":60}},"5":{"start":{"line":7,"column":0},"end":{"line":7,"column":31}},"6":{"start":{"line":8,"column":0},"end":{"line":8,"column":52}},"7":{"start":{"line":18,"column":16},"end":{"line":18,"column":41}},"8":{"start":{"line":22,"column":21},"end":{"line":22,"column":59}},"9":{"start":{"line":23,"column":8},"end":{"line":23,"column":64}},"10":{"start":{"line":23,"column":18},"end":{"line":23,"column":64}},"11":{"start":{"line":25,"column":22},"end":{"line":25,"column":68}},"12":{"start":{"line":26,"column":8},"end":{"line":26,"column":66}},"13":{"start":{"line":26,"column":19},"end":{"line":26,"column":66}},"14":{"start":{"line":28,"column":29},"end":{"line":30,"column":26}},"15":{"start":{"line":32,"column":22},"end":{"line":32,"column":71}},"16":{"start":{"line":32,"column":55},"end":{"line":32,"column":64}},"17":{"start":{"line":34,"column":50},"end":{"line":37,"column":10}},"18":{"start":{"line":38,"column":28},"end":{"line":38,"column":62}},"19":{"start":{"line":40,"column":52},"end":{"line":44,"column":10}},"20":{"start":{"line":45,"column":29},"end":{"line":45,"column":65}},"21":{"start":{"line":47,"column":26},"end":{"line":47,"column":36}},"22":{"start":{"line":48,"column":8},"end":{"line":48,"column":51}},"23":{"start":{"line":50,"column":8},"end":{"line":54,"column":11}},"24":{"start":{"line":56,"column":8},"end":{"line":56,"column":50}},"25":{"start":{"line":61,"column":29},"end":{"line":66,"column":10}},"26":{"start":{"line":68,"column":8},"end":{"line":70,"column":null}},"27":{"start":{"line":69,"column":12},"end":{"line":69,"column":61}},"28":{"start":{"line":72,"column":8},"end":{"line":72,"column":54}},"29":{"start":{"line":95,"column":28},"end":{"line":100,"column":10}},"30":{"start":{"line":102,"column":8},"end":{"line":104,"column":null}},"31":{"start":{"line":103,"column":12},"end":{"line":103,"column":72}},"32":{"start":{"line":106,"column":24},"end":{"line":106,"column":56}},"33":{"start":{"line":109,"column":8},"end":{"line":114,"column":11}},"34":{"start":{"line":116,"column":31},"end":{"line":119,"column":10}},"35":{"start":{"line":121,"column":32},"end":{"line":125,"column":10}},"36":{"start":{"line":127,"column":8},"end":{"line":131,"column":11}},"37":{"start":{"line":133,"column":8},"end":{"line":136,"column":10}},"38":{"start":{"line":16,"column":0},"end":{"line":16,"column":13}}},"fnMap":{"0":{"name":"(anonymous_7)","decl":{"start":{"line":17,"column":4},"end":{"line":17,"column":null}},"loc":{"start":{"line":18,"column":41},"end":{"line":19,"column":8}}},"1":{"name":"(anonymous_8)","decl":{"start":{"line":21,"column":10},"end":{"line":21,"column":15}},"loc":{"start":{"line":21,"column":47},"end":{"line":58,"column":null}}},"2":{"name":"(anonymous_10)","decl":{"start":{"line":32,"column":47},"end":{"line":32,"column":51}},"loc":{"start":{"line":32,"column":55},"end":{"line":32,"column":64}}},"3":{"name":"(anonymous_11)","decl":{"start":{"line":60,"column":10},"end":{"line":60,"column":16}},"loc":{"start":{"line":60,"column":37},"end":{"line":73,"column":null}}},"4":{"name":"(anonymous_13)","decl":{"start":{"line":94,"column":10},"end":{"line":94,"column":17}},"loc":{"start":{"line":94,"column":38},"end":{"line":137,"column":null}}}},"branchMap":{"0":{"loc":{"start":{"line":23,"column":8},"end":{"line":23,"column":64}},"type":"if","locations":[{"start":{"line":23,"column":8},"end":{"line":23,"column":64}},{"start":{},"end":{}}]},"1":{"loc":{"start":{"line":26,"column":8},"end":{"line":26,"column":66}},"type":"if","locations":[{"start":{"line":26,"column":8},"end":{"line":26,"column":66}},{"start":{},"end":{}}]},"2":{"loc":{"start":{"line":32,"column":22},"end":{"line":32,"column":71}},"type":"binary-expr","locations":[{"start":{"line":32,"column":22},"end":{"line":32,"column":65}},{"start":{"line":32,"column":69},"end":{"line":32,"column":71}}]},"3":{"loc":{"start":{"line":32,"column":22},"end":{"line":32,"column":65}},"type":"cond-expr","locations":[{"start":{"line":32,"column":41},"end":{"line":32,"column":43}},{"start":{"line":32,"column":41},"end":{"line":32,"column":65}}]},"4":{"loc":{"start":{"line":32,"column":22},"end":{"line":32,"column":43}},"type":"binary-expr","locations":[{"start":{"line":32,"column":22},"end":{"line":32,"column":43}},{"start":{"line":32,"column":41},"end":{"line":32,"column":43}}]},"5":{"loc":{"start":{"line":32,"column":22},"end":{"line":32,"column":41}},"type":"cond-expr","locations":[{"start":{"line":32,"column":34},"end":{"line":32,"column":36}},{"start":{"line":32,"column":22},"end":{"line":32,"column":41}}]},"6":{"loc":{"start":{"line":32,"column":22},"end":{"line":32,"column":36}},"type":"binary-expr","locations":[{"start":{"line":32,"column":22},"end":{"line":32,"column":36}},{"start":{"line":32,"column":22},"end":{"line":32,"column":36}}]},"7":{"loc":{"start":{"line":68,"column":8},"end":{"line":70,"column":null}},"type":"if","locations":[{"start":{"line":68,"column":8},"end":{"line":70,"column":null}},{"start":{},"end":{}}]},"8":{"loc":{"start":{"line":102,"column":8},"end":{"line":104,"column":null}},"type":"if","locations":[{"start":{"line":102,"column":8},"end":{"line":104,"column":null}},{"start":{},"end":{}}]},"9":{"loc":{"start":{"line":102,"column":12},"end":{"line":102,"column":62}},"type":"binary-expr","locations":[{"start":{"line":102,"column":12},"end":{"line":102,"column":24}},{"start":{"line":102,"column":28},"end":{"line":102,"column":62}}]}},"s":{"0":1,"1":1,"2":1,"3":1,"4":1,"5":1,"6":1,"7":1,"8":6,"9":6,"10":1,"11":5,"12":5,"13":0,"14":5,"15":5,"16":5,"17":5,"18":5,"19":5,"20":5,"21":5,"22":5,"23":5,"24":2,"25":2,"26":2,"27":1,"28":1,"29":2,"30":1,"31":1,"32":0,"33":0,"34":0,"35":0,"36":0,"37":0,"38":1},"f":{"0":1,"1":6,"2":5,"3":2,"4":2},"b":{"0":[1,5],"1":[0,5],"2":[5,0],"3":[0,5],"4":[5,5],"5":[0,5],"6":[5,5],"7":[1,1],"8":[1,0],"9":[1,0]}}
,"/home/martin/Desktop/My all/Solvit/github/tasks/Task-management-backend/src/application/services/PermissionService.ts": {"path":"/home/martin/Desktop/My all/Solvit/github/tasks/Task-management-backend/src/application/services/PermissionService.ts","statementMap":{"0":{"start":{"line":2,"column":0},"end":{"line":2,"column":42}},"1":{"start":{"line":3,"column":0},"end":{"line":3,"column":40}},"2":{"start":{"line":6,"column":24},"end":{"line":6,"column":55}},"3":{"start":{"line":9,"column":23},"end":{"line":9,"column":59}},"4":{"start":{"line":10,"column":8},"end":{"line":10,"column":73}},"5":{"start":{"line":10,"column":20},"end":{"line":10,"column":73}},"6":{"start":{"line":12,"column":27},"end":{"line":15,"column":null}},"7":{"start":{"line":18,"column":8},"end":{"line":18,"column":48}},"8":{"start":{"line":22,"column":27},"end":{"line":22,"column":63}},"9":{"start":{"line":23,"column":8},"end":{"line":23,"column":73}},"10":{"start":{"line":23,"column":25},"end":{"line":23,"column":73}},"11":{"start":{"line":24,"column":8},"end":{"line":24,"column":26}},"12":{"start":{"line":28,"column":27},"end":{"line":28,"column":59}},"13":{"start":{"line":29,"column":8},"end":{"line":29,"column":73}},"14":{"start":{"line":29,"column":25},"end":{"line":29,"column":73}},"15":{"start":{"line":30,"column":8},"end":{"line":30,"column":26}},"16":{"start":{"line":34,"column":27},"end":{"line":34,"column":59}},"17":{"start":{"line":35,"column":8},"end":{"line":35,"column":73}},"18":{"start":{"line":35,"column":25},"end":{"line":35,"column":73}},"19":{"start":{"line":37,"column":8},"end":{"line":37,"column":43}},"20":{"start":{"line":41,"column":8},"end":{"line":43,"column":null}},"21":{"start":{"line":42,"column":12},"end":{"line":42,"column":49}},"22":{"start":{"line":45,"column":8},"end":{"line":45,"column":39}},"23":{"start":{"line":5,"column":0},"end":{"line":5,"column":13}}},"fnMap":{"0":{"name":"(anonymous_7)","decl":{"start":{"line":6,"column":4},"end":{"line":6,"column":24}},"loc":{"start":{"line":6,"column":55},"end":{"line":6,"column":59}}},"1":{"name":"(anonymous_8)","decl":{"start":{"line":8,"column":10},"end":{"line":8,"column":16}},"loc":{"start":{"line":8,"column":51},"end":{"line":19,"column":null}}},"2":{"name":"(anonymous_10)","decl":{"start":{"line":21,"column":10},"end":{"line":21,"column":20}},"loc":{"start":{"line":21,"column":33},"end":{"line":25,"column":null}}},"3":{"name":"(anonymous_12)","decl":{"start":{"line":27,"column":10},"end":{"line":27,"column":18}},"loc":{"start":{"line":27,"column":29},"end":{"line":31,"column":null}}},"4":{"name":"(anonymous_14)","decl":{"start":{"line":33,"column":10},"end":{"line":33,"column":20}},"loc":{"start":{"line":33,"column":31},"end":{"line":38,"column":null}}},"5":{"name":"(anonymous_16)","decl":{"start":{"line":40,"column":10},"end":{"line":40,"column":17}},"loc":{"start":{"line":40,"column":17},"end":{"line":46,"column":null}}}},"branchMap":{"0":{"loc":{"start":{"line":10,"column":8},"end":{"line":10,"column":73}},"type":"if","locations":[{"start":{"line":10,"column":8},"end":{"line":10,"column":73}},{"start":{},"end":{}}]},"1":{"loc":{"start":{"line":23,"column":8},"end":{"line":23,"column":73}},"type":"if","locations":[{"start":{"line":23,"column":8},"end":{"line":23,"column":73}},{"start":{},"end":{}}]},"2":{"loc":{"start":{"line":29,"column":8},"end":{"line":29,"column":73}},"type":"if","locations":[{"start":{"line":29,"column":8},"end":{"line":29,"column":73}},{"start":{},"end":{}}]},"3":{"loc":{"start":{"line":35,"column":8},"end":{"line":35,"column":73}},"type":"if","locations":[{"start":{"line":35,"column":8},"end":{"line":35,"column":73}},{"start":{},"end":{}}]},"4":{"loc":{"start":{"line":41,"column":8},"end":{"line":43,"column":null}},"type":"if","locations":[{"start":{"line":41,"column":8},"end":{"line":43,"column":null}},{"start":{},"end":{}}]}},"s":{"0":1,"1":1,"2":1,"3":0,"4":0,"5":0,"6":0,"7":0,"8":0,"9":0,"10":0,"11":0,"12":0,"13":0,"14":0,"15":0,"16":0,"17":0,"18":0,"19":0,"20":0,"21":0,"22":0,"23":1},"f":{"0":1,"1":0,"2":0,"3":0,"4":0,"5":0},"b":{"0":[0,0],"1":[0,0],"2":[0,0],"3":[0,0],"4":[0,0]}}
,"/home/martin/Desktop/My all/Solvit/github/tasks/Task-management-backend/src/application/services/RefreshTokenService.ts": {"path":"/home/martin/Desktop/My all/Solvit/github/tasks/Task-management-backend/src/application/services/RefreshTokenService.ts","statementMap":{"0":{"start":{"line":1,"column":0},"end":{"line":1,"column":103}},"1":{"start":{"line":2,"column":0},"end":{"line":2,"column":91}},"2":{"start":{"line":3,"column":0},"end":{"line":3,"column":67}},"3":{"start":{"line":4,"column":0},"end":{"line":4,"column":60}},"4":{"start":{"line":6,"column":0},"end":{"line":6,"column":31}},"5":{"start":{"line":75,"column":19},"end":{"line":81,"column":6}},"6":{"start":{"line":83,"column":4},"end":{"line":83,"column":77}},"7":{"start":{"line":83,"column":17},"end":{"line":83,"column":77}},"8":{"start":{"line":87,"column":4},"end":{"line":96,"column":null}},"9":{"start":{"line":88,"column":6},"end":{"line":88,"column":49}},"10":{"start":{"line":89,"column":6},"end":{"line":89,"column":89}},"11":{"start":{"line":89,"column":43},"end":{"line":89,"column":89}},"12":{"start":{"line":92,"column":6},"end":{"line":94,"column":null}},"13":{"start":{"line":93,"column":8},"end":{"line":93,"column":73}},"14":{"start":{"line":93,"column":67},"end":{"line":93,"column":71}},"15":{"start":{"line":95,"column":6},"end":{"line":95,"column":66}},"16":{"start":{"line":99,"column":4},"end":{"line":101,"column":null}},"17":{"start":{"line":100,"column":6},"end":{"line":100,"column":53}},"18":{"start":{"line":104,"column":17},"end":{"line":106,"column":30}},"19":{"start":{"line":108,"column":4},"end":{"line":108,"column":87}},"20":{"start":{"line":108,"column":33},"end":{"line":108,"column":87}},"21":{"start":{"line":110,"column":18},"end":{"line":110,"column":55}},"22":{"start":{"line":110,"column":48},"end":{"line":110,"column":54}},"23":{"start":{"line":113,"column":46},"end":{"line":116,"column":6}},"24":{"start":{"line":117,"column":27},"end":{"line":117,"column":61}},"25":{"start":{"line":119,"column":48},"end":{"line":123,"column":6}},"26":{"start":{"line":124,"column":28},"end":{"line":124,"column":64}},"27":{"start":{"line":127,"column":4},"end":{"line":134,"column":7}},"28":{"start":{"line":133,"column":6},"end":{"line":133,"column":54}},"29":{"start":{"line":136,"column":4},"end":{"line":136,"column":74}},"30":{"start":{"line":14,"column":0},"end":{"line":14,"column":13}}},"fnMap":{"0":{"name":"(anonymous_7)","decl":{"start":{"line":73,"column":8},"end":{"line":73,"column":15}},"loc":{"start":{"line":73,"column":36},"end":{"line":137,"column":null}}},"1":{"name":"(anonymous_9)","decl":{"start":{"line":93,"column":61},"end":{"line":93,"column":64}},"loc":{"start":{"line":93,"column":67},"end":{"line":93,"column":71}}},"2":{"name":"(anonymous_10)","decl":{"start":{"line":110,"column":41},"end":{"line":110,"column":42}},"loc":{"start":{"line":110,"column":48},"end":{"line":110,"column":54}}},"3":{"name":"(anonymous_11)","decl":{"start":{"line":131,"column":13},"end":{"line":131,"column":14}},"loc":{"start":{"line":131,"column":21},"end":{"line":134,"column":5}}}},"branchMap":{"0":{"loc":{"start":{"line":83,"column":4},"end":{"line":83,"column":77}},"type":"if","locations":[{"start":{"line":83,"column":4},"end":{"line":83,"column":77}},{"start":{},"end":{}}]},"1":{"loc":{"start":{"line":89,"column":6},"end":{"line":89,"column":89}},"type":"if","locations":[{"start":{"line":89,"column":6},"end":{"line":89,"column":89}},{"start":{},"end":{}}]},"2":{"loc":{"start":{"line":92,"column":6},"end":{"line":94,"column":null}},"type":"if","locations":[{"start":{"line":92,"column":6},"end":{"line":94,"column":null}},{"start":{},"end":{}}]},"3":{"loc":{"start":{"line":92,"column":10},"end":{"line":92,"column":37}},"type":"binary-expr","locations":[{"start":{"line":92,"column":10},"end":{"line":92,"column":16}},{"start":{"line":92,"column":20},"end":{"line":92,"column":37}}]},"4":{"loc":{"start":{"line":99,"column":4},"end":{"line":101,"column":null}},"type":"if","locations":[{"start":{"line":99,"column":4},"end":{"line":101,"column":null}},{"start":{},"end":{}}]},"5":{"loc":{"start":{"line":108,"column":4},"end":{"line":108,"column":87}},"type":"if","locations":[{"start":{"line":108,"column":4},"end":{"line":108,"column":87}},{"start":{},"end":{}}]},"6":{"loc":{"start":{"line":108,"column":8},"end":{"line":108,"column":31}},"type":"binary-expr","locations":[{"start":{"line":108,"column":8},"end":{"line":108,"column":13}},{"start":{"line":108,"column":17},"end":{"line":108,"column":31}}]},"7":{"loc":{"start":{"line":110,"column":19},"end":{"line":110,"column":35}},"type":"binary-expr","locations":[{"start":{"line":110,"column":19},"end":{"line":110,"column":29}},{"start":{"line":110,"column":33},"end":{"line":110,"column":35}}]}},"s":{"0":1,"1":1,"2":1,"3":1,"4":1,"5":0,"6":0,"7":0,"8":0,"9":0,"10":0,"11":0,"12":0,"13":0,"14":0,"15":0,"16":0,"17":0,"18":0,"19":0,"20":0,"21":0,"22":0,"23":0,"24":0,"25":0,"26":0,"27":0,"28":0,"29":0,"30":1},"f":{"0":0,"1":0,"2":0,"3":0},"b":{"0":[0,0],"1":[0,0],"2":[0,0],"3":[0,0],"4":[0,0],"5":[0,0],"6":[0,0],"7":[0,0]}}
,"/home/martin/Desktop/My all/Solvit/github/tasks/Task-management-backend/src/application/services/RoleService.ts": {"path":"/home/martin/Desktop/My all/Solvit/github/tasks/Task-management-backend/src/application/services/RoleService.ts","statementMap":{"0":{"start":{"line":2,"column":0},"end":{"line":2,"column":36}},"1":{"start":{"line":3,"column":0},"end":{"line":3,"column":40}},"2":{"start":{"line":6,"column":24},"end":{"line":6,"column":49}},"3":{"start":{"line":9,"column":23},"end":{"line":9,"column":59}},"4":{"start":{"line":10,"column":8},"end":{"line":10,"column":67}},"5":{"start":{"line":10,"column":20},"end":{"line":10,"column":67}},"6":{"start":{"line":12,"column":24},"end":{"line":15,"column":null}},"7":{"start":{"line":18,"column":8},"end":{"line":18,"column":45}},"8":{"start":{"line":22,"column":21},"end":{"line":22,"column":57}},"9":{"start":{"line":23,"column":8},"end":{"line":23,"column":61}},"10":{"start":{"line":23,"column":19},"end":{"line":23,"column":61}},"11":{"start":{"line":24,"column":8},"end":{"line":24,"column":20}},"12":{"start":{"line":28,"column":21},"end":{"line":28,"column":53}},"13":{"start":{"line":29,"column":8},"end":{"line":29,"column":61}},"14":{"start":{"line":29,"column":19},"end":{"line":29,"column":61}},"15":{"start":{"line":30,"column":8},"end":{"line":30,"column":20}},"16":{"start":{"line":34,"column":21},"end":{"line":34,"column":57}},"17":{"start":{"line":35,"column":8},"end":{"line":35,"column":61}},"18":{"start":{"line":35,"column":19},"end":{"line":35,"column":61}},"19":{"start":{"line":37,"column":8},"end":{"line":37,"column":67}},"20":{"start":{"line":41,"column":21},"end":{"line":41,"column":57}},"21":{"start":{"line":42,"column":8},"end":{"line":42,"column":61}},"22":{"start":{"line":42,"column":19},"end":{"line":42,"column":61}},"23":{"start":{"line":44,"column":8},"end":{"line":46,"column":null}},"24":{"start":{"line":45,"column":12},"end":{"line":45,"column":93}},"25":{"start":{"line":48,"column":8},"end":{"line":48,"column":67}},"26":{"start":{"line":52,"column":8},"end":{"line":54,"column":null}},"27":{"start":{"line":53,"column":12},"end":{"line":53,"column":49}},"28":{"start":{"line":56,"column":8},"end":{"line":56,"column":39}},"29":{"start":{"line":5,"column":0},"end":{"line":5,"column":13}}},"fnMap":{"0":{"name":"(anonymous_7)","decl":{"start":{"line":6,"column":4},"end":{"line":6,"column":24}},"loc":{"start":{"line":6,"column":49},"end":{"line":6,"column":53}}},"1":{"name":"(anonymous_8)","decl":{"start":{"line":8,"column":10},"end":{"line":8,"column":16}},"loc":{"start":{"line":8,"column":51},"end":{"line":19,"column":null}}},"2":{"name":"(anonymous_10)","decl":{"start":{"line":21,"column":10},"end":{"line":21,"column":20}},"loc":{"start":{"line":21,"column":33},"end":{"line":25,"column":null}}},"3":{"name":"(anonymous_12)","decl":{"start":{"line":27,"column":10},"end":{"line":27,"column":18}},"loc":{"start":{"line":27,"column":29},"end":{"line":31,"column":null}}},"4":{"name":"(anonymous_14)","decl":{"start":{"line":33,"column":10},"end":{"line":33,"column":26}},"loc":{"start":{"line":33,"column":63},"end":{"line":38,"column":null}}},"5":{"name":"(anonymous_16)","decl":{"start":{"line":40,"column":10},"end":{"line":40,"column":26}},"loc":{"start":{"line":40,"column":63},"end":{"line":49,"column":null}}},"6":{"name":"(anonymous_18)","decl":{"start":{"line":51,"column":10},"end":{"line":51,"column":17}},"loc":{"start":{"line":51,"column":17},"end":{"line":57,"column":null}}}},"branchMap":{"0":{"loc":{"start":{"line":10,"column":8},"end":{"line":10,"column":67}},"type":"if","locations":[{"start":{"line":10,"column":8},"end":{"line":10,"column":67}},{"start":{},"end":{}}]},"1":{"loc":{"start":{"line":23,"column":8},"end":{"line":23,"column":61}},"type":"if","locations":[{"start":{"line":23,"column":8},"end":{"line":23,"column":61}},{"start":{},"end":{}}]},"2":{"loc":{"start":{"line":29,"column":8},"end":{"line":29,"column":61}},"type":"if","locations":[{"start":{"line":29,"column":8},"end":{"line":29,"column":61}},{"start":{},"end":{}}]},"3":{"loc":{"start":{"line":35,"column":8},"end":{"line":35,"column":61}},"type":"if","locations":[{"start":{"line":35,"column":8},"end":{"line":35,"column":61}},{"start":{},"end":{}}]},"4":{"loc":{"start":{"line":42,"column":8},"end":{"line":42,"column":61}},"type":"if","locations":[{"start":{"line":42,"column":8},"end":{"line":42,"column":61}},{"start":{},"end":{}}]},"5":{"loc":{"start":{"line":44,"column":8},"end":{"line":46,"column":null}},"type":"if","locations":[{"start":{"line":44,"column":8},"end":{"line":46,"column":null}},{"start":{},"end":{}}]},"6":{"loc":{"start":{"line":52,"column":8},"end":{"line":54,"column":null}},"type":"if","locations":[{"start":{"line":52,"column":8},"end":{"line":54,"column":null}},{"start":{},"end":{}}]}},"s":{"0":1,"1":1,"2":1,"3":0,"4":0,"5":0,"6":0,"7":0,"8":0,"9":0,"10":0,"11":0,"12":0,"13":0,"14":0,"15":0,"16":0,"17":0,"18":0,"19":0,"20":0,"21":0,"22":0,"23":0,"24":0,"25":0,"26":0,"27":0,"28":0,"29":1},"f":{"0":1,"1":0,"2":0,"3":0,"4":0,"5":0,"6":0},"b":{"0":[0,0],"1":[0,0],"2":[0,0],"3":[0,0],"4":[0,0],"5":[0,0],"6":[0,0]}}
,"/home/martin/Desktop/My all/Solvit/github/tasks/Task-management-backend/src/application/services/UserService.ts": {"path":"/home/martin/Desktop/My all/Solvit/github/tasks/Task-management-backend/src/application/services/UserService.ts","statementMap":{"0":{"start":{"line":3,"column":0},"end":{"line":3,"column":40}},"1":{"start":{"line":4,"column":0},"end":{"line":4,"column":59}},"2":{"start":{"line":7,"column":24},"end":{"line":7,"column":49}},"3":{"start":{"line":10,"column":25},"end":{"line":10,"column":63}},"4":{"start":{"line":11,"column":8},"end":{"line":11,"column":69}},"5":{"start":{"line":11,"column":22},"end":{"line":11,"column":69}},"6":{"start":{"line":13,"column":23},"end":{"line":13,"column":51}},"7":{"start":{"line":14,"column":8},"end":{"line":19,"column":18}},"8":{"start":{"line":23,"column":21},"end":{"line":23,"column":59}},"9":{"start":{"line":24,"column":8},"end":{"line":24,"column":61}},"10":{"start":{"line":24,"column":19},"end":{"line":24,"column":61}},"11":{"start":{"line":25,"column":8},"end":{"line":25,"column":20}},"12":{"start":{"line":29,"column":21},"end":{"line":29,"column":53}},"13":{"start":{"line":30,"column":8},"end":{"line":30,"column":61}},"14":{"start":{"line":30,"column":19},"end":{"line":30,"column":61}},"15":{"start":{"line":31,"column":8},"end":{"line":31,"column":20}},"16":{"start":{"line":35,"column":21},"end":{"line":35,"column":57}},"17":{"start":{"line":36,"column":8},"end":{"line":36,"column":61}},"18":{"start":{"line":36,"column":19},"end":{"line":36,"column":61}},"19":{"start":{"line":38,"column":8},"end":{"line":38,"column":55}},"20":{"start":{"line":42,"column":21},"end":{"line":42,"column":57}},"21":{"start":{"line":43,"column":8},"end":{"line":43,"column":61}},"22":{"start":{"line":43,"column":19},"end":{"line":43,"column":61}},"23":{"start":{"line":45,"column":8},"end":{"line":47,"column":null}},"24":{"start":{"line":46,"column":12},"end":{"line":46,"column":87}},"25":{"start":{"line":49,"column":8},"end":{"line":49,"column":55}},"26":{"start":{"line":53,"column":8},"end":{"line":55,"column":null}},"27":{"start":{"line":54,"column":12},"end":{"line":54,"column":84}},"28":{"start":{"line":57,"column":8},"end":{"line":57,"column":39}},"29":{"start":{"line":6,"column":0},"end":{"line":6,"column":13}}},"fnMap":{"0":{"name":"(anonymous_7)","decl":{"start":{"line":7,"column":4},"end":{"line":7,"column":24}},"loc":{"start":{"line":7,"column":49},"end":{"line":7,"column":53}}},"1":{"name":"(anonymous_8)","decl":{"start":{"line":9,"column":10},"end":{"line":9,"column":16}},"loc":{"start":{"line":9,"column":79},"end":{"line":20,"column":null}}},"2":{"name":"(anonymous_10)","decl":{"start":{"line":22,"column":10},"end":{"line":22,"column":21}},"loc":{"start":{"line":22,"column":35},"end":{"line":26,"column":null}}},"3":{"name":"(anonymous_12)","decl":{"start":{"line":28,"column":10},"end":{"line":28,"column":18}},"loc":{"start":{"line":28,"column":29},"end":{"line":32,"column":null}}},"4":{"name":"(anonymous_14)","decl":{"start":{"line":34,"column":10},"end":{"line":34,"column":20}},"loc":{"start":{"line":34,"column":51},"end":{"line":39,"column":null}}},"5":{"name":"(anonymous_16)","decl":{"start":{"line":41,"column":10},"end":{"line":41,"column":20}},"loc":{"start":{"line":41,"column":51},"end":{"line":50,"column":null}}},"6":{"name":"(anonymous_18)","decl":{"start":{"line":52,"column":10},"end":{"line":52,"column":17}},"loc":{"start":{"line":52,"column":17},"end":{"line":58,"column":null}}}},"branchMap":{"0":{"loc":{"start":{"line":9,"column":64},"end":{"line":9,"column":79}},"type":"default-arg","locations":[{"start":{"line":9,"column":75},"end":{"line":9,"column":79}}]},"1":{"loc":{"start":{"line":11,"column":8},"end":{"line":11,"column":69}},"type":"if","locations":[{"start":{"line":11,"column":8},"end":{"line":11,"column":69}},{"start":{},"end":{}}]},"2":{"loc":{"start":{"line":24,"column":8},"end":{"line":24,"column":61}},"type":"if","locations":[{"start":{"line":24,"column":8},"end":{"line":24,"column":61}},{"start":{},"end":{}}]},"3":{"loc":{"start":{"line":30,"column":8},"end":{"line":30,"column":61}},"type":"if","locations":[{"start":{"line":30,"column":8},"end":{"line":30,"column":61}},{"start":{},"end":{}}]},"4":{"loc":{"start":{"line":36,"column":8},"end":{"line":36,"column":61}},"type":"if","locations":[{"start":{"line":36,"column":8},"end":{"line":36,"column":61}},{"start":{},"end":{}}]},"5":{"loc":{"start":{"line":43,"column":8},"end":{"line":43,"column":61}},"type":"if","locations":[{"start":{"line":43,"column":8},"end":{"line":43,"column":61}},{"start":{},"end":{}}]},"6":{"loc":{"start":{"line":45,"column":8},"end":{"line":47,"column":null}},"type":"if","locations":[{"start":{"line":45,"column":8},"end":{"line":47,"column":null}},{"start":{},"end":{}}]},"7":{"loc":{"start":{"line":53,"column":8},"end":{"line":55,"column":null}},"type":"if","locations":[{"start":{"line":53,"column":8},"end":{"line":55,"column":null}},{"start":{},"end":{}}]}},"s":{"0":1,"1":1,"2":1,"3":0,"4":0,"5":0,"6":0,"7":0,"8":0,"9":0,"10":0,"11":0,"12":0,"13":0,"14":0,"15":0,"16":0,"17":0,"18":0,"19":0,"20":0,"21":0,"22":0,"23":0,"24":0,"25":0,"26":0,"27":0,"28":0,"29":1},"f":{"0":1,"1":0,"2":0,"3":0,"4":0,"5":0,"6":0},"b":{"0":[0],"1":[0,0],"2":[0,0],"3":[0,0],"4":[0,0],"5":[0,0],"6":[0,0],"7":[0,0]}}
,"/home/martin/Desktop/My all/Solvit/github/tasks/Task-management-backend/src/config/env.ts": {"path":"/home/martin/Desktop/My all/Solvit/github/tasks/Task-management-backend/src/config/env.ts","statementMap":{"0":{"start":{"line":1,"column":0},"end":{"line":1,"column":42}},"1":{"start":{"line":2,"column":0},"end":{"line":2,"column":9}},"2":{"start":{"line":4,"column":19},"end":{"line":8,"column":1}},"3":{"start":{"line":5,"column":16},"end":{"line":5,"column":32}},"4":{"start":{"line":6,"column":2},"end":{"line":6,"column":76}},"5":{"start":{"line":6,"column":14},"end":{"line":6,"column":76}},"6":{"start":{"line":7,"column":2},"end":{"line":7,"column":15}},"7":{"start":{"line":10,"column":17},"end":{"line":10,"column":54}},"8":{"start":{"line":13,"column":14},"end":{"line":13,"column":16}},"9":{"start":{"line":14,"column":14},"end":{"line":14,"column":16}},"10":{"start":{"line":15,"column":14},"end":{"line":15,"column":16}},"11":{"start":{"line":16,"column":14},"end":{"line":16,"column":49}},"12":{"start":{"line":18,"column":0},"end":{"line":36,"column":null}},"13":{"start":{"line":20,"column":4},"end":{"line":20,"column":41}},"14":{"start":{"line":21,"column":4},"end":{"line":21,"column":41}},"15":{"start":{"line":22,"column":4},"end":{"line":22,"column":41}},"16":{"start":{"line":23,"column":4},"end":{"line":23,"column":55}},"17":{"start":{"line":24,"column":4},"end":{"line":24,"column":10}},"18":{"start":{"line":26,"column":4},"end":{"line":26,"column":41}},"19":{"start":{"line":27,"column":4},"end":{"line":27,"column":41}},"20":{"start":{"line":28,"column":4},"end":{"line":28,"column":41}},"21":{"start":{"line":29,"column":4},"end":{"line":29,"column":55}},"22":{"start":{"line":30,"column":4},"end":{"line":30,"column":10}},"23":{"start":{"line":32,"column":4},"end":{"line":32,"column":40}},"24":{"start":{"line":33,"column":4},"end":{"line":33,"column":40}},"25":{"start":{"line":34,"column":4},"end":{"line":34,"column":40}},"26":{"start":{"line":35,"column":4},"end":{"line":35,"column":54}},"27":{"start":{"line":38,"column":13},"end":{"line":51,"column":2}}},"fnMap":{"0":{"name":"(anonymous_0)","decl":{"start":{"line":4,"column":19},"end":{"line":4,"column":20}},"loc":{"start":{"line":4,"column":43},"end":{"line":8,"column":1}}}},"branchMap":{"0":{"loc":{"start":{"line":6,"column":2},"end":{"line":6,"column":76}},"type":"if","locations":[{"start":{"line":6,"column":2},"end":{"line":6,"column":76}},{"start":{},"end":{}}]},"1":{"loc":{"start":{"line":10,"column":17},"end":{"line":10,"column":54}},"type":"cond-expr","locations":[{"start":{"line":10,"column":37},"end":{"line":10,"column":41}},{"start":{"line":10,"column":41},"end":{"line":10,"column":54}}]},"2":{"loc":{"start":{"line":10,"column":17},"end":{"line":10,"column":41}},"type":"binary-expr","locations":[{"start":{"line":10,"column":17},"end":{"line":10,"column":41}},{"start":{"line":10,"column":37},"end":{"line":10,"column":41}}]},"3":{"loc":{"start":{"line":16,"column":21},"end":{"line":16,"column":48}},"type":"cond-expr","locations":[{"start":{"line":16,"column":40},"end":{"line":16,"column":44}},{"start":{"line":16,"column":44},"end":{"line":16,"column":48}}]},"4":{"loc":{"start":{"line":16,"column":21},"end":{"line":16,"column":44}},"type":"binary-expr","locations":[{"start":{"line":16,"column":21},"end":{"line":16,"column":44}},{"start":{"line":16,"column":40},"end":{"line":16,"column":44}}]},"5":{"loc":{"start":{"line":18,"column":0},"end":{"line":36,"column":null}},"type":"switch","locations":[{"start":{"line":19,"column":2},"end":{"line":24,"column":10}},{"start":{"line":25,"column":2},"end":{"line":30,"column":10}},{"start":{"line":31,"column":2},"end":{"line":35,"column":54}}]},"6":{"loc":{"start":{"line":23,"column":21},"end":{"line":23,"column":53}},"type":"cond-expr","locations":[{"start":{"line":23,"column":45},"end":{"line":23,"column":49}},{"start":{"line":23,"column":49},"end":{"line":23,"column":53}}]},"7":{"loc":{"start":{"line":23,"column":21},"end":{"line":23,"column":49}},"type":"binary-expr","locations":[{"start":{"line":23,"column":21},"end":{"line":23,"column":49}},{"start":{"line":23,"column":45},"end":{"line":23,"column":49}}]},"8":{"loc":{"start":{"line":29,"column":21},"end":{"line":29,"column":53}},"type":"cond-expr","locations":[{"start":{"line":29,"column":45},"end":{"line":29,"column":49}},{"start":{"line":29,"column":49},"end":{"line":29,"column":53}}]},"9":{"loc":{"start":{"line":29,"column":21},"end":{"line":29,"column":49}},"type":"binary-expr","locations":[{"start":{"line":29,"column":21},"end":{"line":29,"column":49}},{"start":{"line":29,"column":45},"end":{"line":29,"column":49}}]},"10":{"loc":{"start":{"line":35,"column":21},"end":{"line":35,"column":52}},"type":"cond-expr","locations":[{"start":{"line":35,"column":44},"end":{"line":35,"column":48}},{"start":{"line":35,"column":48},"end":{"line":35,"column":52}}]},"11":{"loc":{"start":{"line":35,"column":21},"end":{"line":35,"column":48}},"type":"binary-expr","locations":[{"start":{"line":35,"column":21},"end":{"line":35,"column":48}},{"start":{"line":35,"column":44},"end":{"line":35,"column":48}}]},"12":{"loc":{"start":{"line":39,"column":15},"end":{"line":39,"column":39}},"type":"cond-expr","locations":[{"start":{"line":39,"column":31},"end":{"line":39,"column":35}},{"start":{"line":39,"column":35},"end":{"line":39,"column":39}}]},"13":{"loc":{"start":{"line":39,"column":15},"end":{"line":39,"column":35}},"type":"binary-expr","locations":[{"start":{"line":39,"column":15},"end":{"line":39,"column":35}},{"start":{"line":39,"column":31},"end":{"line":39,"column":35}}]},"14":{"loc":{"start":{"line":50,"column":29},"end":{"line":50,"column":65}},"type":"cond-expr","locations":[{"start":{"line":50,"column":59},"end":{"line":50,"column":63}},{"start":{"line":50,"column":63},"end":{"line":50,"column":65}}]},"15":{"loc":{"start":{"line":50,"column":29},"end":{"line":50,"column":63}},"type":"binary-expr","locations":[{"start":{"line":50,"column":29},"end":{"line":50,"column":63}},{"start":{"line":50,"column":59},"end":{"line":50,"column":63}}]}},"s":{"0":2,"1":2,"2":2,"3":12,"4":12,"5":0,"6":12,"7":2,"8":2,"9":2,"10":2,"11":2,"12":2,"13":2,"14":2,"15":2,"16":2,"17":2,"18":0,"19":0,"20":0,"21":0,"22":0,"23":0,"24":0,"25":0,"26":0,"27":2},"f":{"0":12},"b":{"0":[0,12],"1":[2,0],"2":[2,2],"3":[0,2],"4":[2,2],"5":[2,0,0],"6":[0,2],"7":[2,2],"8":[0,0],"9":[0,0],"10":[0,0],"11":[0,0],"12":[2,0],"13":[2,2],"14":[2,0],"15":[2,2]}}
,"/home/martin/Desktop/My all/Solvit/github/tasks/Task-management-backend/src/config/jwt.config.ts": {"path":"/home/martin/Desktop/My all/Solvit/github/tasks/Task-management-backend/src/config/jwt.config.ts","statementMap":{"0":{"start":{"line":2,"column":0},"end":{"line":2,"column":36}},"1":{"start":{"line":4,"column":0},"end":{"line":6,"column":null}},"2":{"start":{"line":5,"column":4},"end":{"line":5,"column":49}},"3":{"start":{"line":8,"column":13},"end":{"line":13,"column":2}}},"fnMap":{},"branchMap":{"0":{"loc":{"start":{"line":4,"column":0},"end":{"line":6,"column":null}},"type":"if","locations":[{"start":{"line":4,"column":0},"end":{"line":6,"column":null}},{"start":{},"end":{}}]},"1":{"loc":{"start":{"line":11,"column":20},"end":{"line":11,"column":57}},"type":"binary-expr","locations":[{"start":{"line":11,"column":20},"end":{"line":11,"column":48}},{"start":{"line":11,"column":52},"end":{"line":11,"column":57}}]},"2":{"loc":{"start":{"line":12,"column":21},"end":{"line":12,"column":58}},"type":"binary-expr","locations":[{"start":{"line":12,"column":21},"end":{"line":12,"column":50}},{"start":{"line":12,"column":54},"end":{"line":12,"column":58}}]}},"s":{"0":1,"1":1,"2":0,"3":1},"f":{},"b":{"0":[0,1],"1":[1,0],"2":[1,0]}}
,"/home/martin/Desktop/My all/Solvit/github/tasks/Task-management-backend/src/domain/index.ts": {"path":"/home/martin/Desktop/My all/Solvit/github/tasks/Task-management-backend/src/domain/index.ts","statementMap":{"0":{"start":{"line":1,"column":0},"end":{"line":1,"column":27}},"1":{"start":{"line":2,"column":0},"end":{"line":2,"column":31}}},"fnMap":{},"branchMap":{},"s":{"0":2,"1":2},"f":{},"b":{}}
,"/home/martin/Desktop/My all/Solvit/github/tasks/Task-management-backend/src/domain/entities/AuditLog.ts": {"path":"/home/martin/Desktop/My all/Solvit/github/tasks/Task-management-backend/src/domain/entities/AuditLog.ts","statementMap":{"0":{"start":{"line":3,"column":15},"end":{"line":3,"column":25}},"1":{"start":{"line":4,"column":15},"end":{"line":4,"column":29}},"2":{"start":{"line":5,"column":15},"end":{"line":5,"column":34}},"3":{"start":{"line":6,"column":15},"end":{"line":6,"column":33}},"4":{"start":{"line":7,"column":15},"end":{"line":7,"column":31}},"5":{"start":{"line":8,"column":15},"end":{"line":8,"column":28}},"6":{"start":{"line":1,"column":0},"end":{"line":1,"column":13}}},"fnMap":{"0":{"name":"(anonymous_0)","decl":{"start":{"line":2,"column":4},"end":{"line":2,"column":null}},"loc":{"start":{"line":8,"column":28},"end":{"line":9,"column":7}}}},"branchMap":{},"s":{"0":0,"1":0,"2":0,"3":0,"4":0,"5":0,"6":2},"f":{"0":0},"b":{}}
,"/home/martin/Desktop/My all/Solvit/github/tasks/Task-management-backend/src/domain/entities/Permission.ts": {"path":"/home/martin/Desktop/My all/Solvit/github/tasks/Task-management-backend/src/domain/entities/Permission.ts","statementMap":{"0":{"start":{"line":3,"column":15},"end":{"line":3,"column":25}},"1":{"start":{"line":4,"column":15},"end":{"line":4,"column":27}},"2":{"start":{"line":5,"column":16},"end":{"line":5,"column":36}},"3":{"start":{"line":1,"column":0},"end":{"line":1,"column":13}}},"fnMap":{"0":{"name":"(anonymous_0)","decl":{"start":{"line":2,"column":4},"end":{"line":2,"column":null}},"loc":{"start":{"line":5,"column":36},"end":{"line":6,"column":8}}}},"branchMap":{},"s":{"0":0,"1":0,"2":0,"3":2},"f":{"0":0},"b":{}}
,"/home/martin/Desktop/My all/Solvit/github/tasks/Task-management-backend/src/domain/entities/Role.ts": {"path":"/home/martin/Desktop/My all/Solvit/github/tasks/Task-management-backend/src/domain/entities/Role.ts","statementMap":{"0":{"start":{"line":3,"column":15},"end":{"line":3,"column":25}},"1":{"start":{"line":4,"column":15},"end":{"line":4,"column":27}},"2":{"start":{"line":5,"column":15},"end":{"line":5,"column":35}},"3":{"start":{"line":1,"column":0},"end":{"line":1,"column":13}}},"fnMap":{"0":{"name":"(anonymous_0)","decl":{"start":{"line":2,"column":4},"end":{"line":2,"column":null}},"loc":{"start":{"line":5,"column":35},"end":{"line":6,"column":7}}}},"branchMap":{},"s":{"0":0,"1":0,"2":0,"3":2},"f":{"0":0},"b":{}}
,"/home/martin/Desktop/My all/Solvit/github/tasks/Task-management-backend/src/domain/entities/RolePermission.ts": {"path":"/home/martin/Desktop/My all/Solvit/github/tasks/Task-management-backend/src/domain/entities/RolePermission.ts","statementMap":{"0":{"start":{"line":3,"column":15},"end":{"line":3,"column":29}},"1":{"start":{"line":4,"column":15},"end":{"line":4,"column":36}},"2":{"start":{"line":1,"column":0},"end":{"line":1,"column":13}}},"fnMap":{"0":{"name":"(anonymous_0)","decl":{"start":{"line":2,"column":4},"end":{"line":2,"column":null}},"loc":{"start":{"line":4,"column":36},"end":{"line":5,"column":7}}}},"branchMap":{},"s":{"0":0,"1":0,"2":2},"f":{"0":0},"b":{}}
,"/home/martin/Desktop/My all/Solvit/github/tasks/Task-management-backend/src/domain/entities/User.ts": {"path":"/home/martin/Desktop/My all/Solvit/github/tasks/Task-management-backend/src/domain/entities/User.ts","statementMap":{"0":{"start":{"line":3,"column":15},"end":{"line":3,"column":25}},"1":{"start":{"line":4,"column":15},"end":{"line":4,"column":27}},"2":{"start":{"line":5,"column":15},"end":{"line":5,"column":28}},"3":{"start":{"line":6,"column":15},"end":{"line":6,"column":31}},"4":{"start":{"line":7,"column":15},"end":{"line":7,"column":35}},"5":{"start":{"line":8,"column":15},"end":{"line":8,"column":33}},"6":{"start":{"line":9,"column":15},"end":{"line":9,"column":33}},"7":{"start":{"line":1,"column":0},"end":{"line":1,"column":13}}},"fnMap":{"0":{"name":"(anonymous_0)","decl":{"start":{"line":2,"column":4},"end":{"line":2,"column":null}},"loc":{"start":{"line":9,"column":43},"end":{"line":10,"column":7}}}},"branchMap":{"0":{"loc":{"start":{"line":7,"column":15},"end":{"line":7,"column":39}},"type":"default-arg","locations":[{"start":{"line":7,"column":35},"end":{"line":7,"column":39}}]},"1":{"loc":{"start":{"line":8,"column":15},"end":{"line":8,"column":43}},"type":"default-arg","locations":[{"start":{"line":8,"column":33},"end":{"line":8,"column":43}}]},"2":{"loc":{"start":{"line":9,"column":15},"end":{"line":9,"column":43}},"type":"default-arg","locations":[{"start":{"line":9,"column":33},"end":{"line":9,"column":43}}]}},"s":{"0":5,"1":5,"2":5,"3":5,"4":5,"5":5,"6":5,"7":2},"f":{"0":5},"b":{"0":[0],"1":[0],"2":[0]}}
,"/home/martin/Desktop/My all/Solvit/github/tasks/Task-management-backend/src/domain/entities/UserRole.ts": {"path":"/home/martin/Desktop/My all/Solvit/github/tasks/Task-management-backend/src/domain/entities/UserRole.ts","statementMap":{"0":{"start":{"line":3,"column":11},"end":{"line":3,"column":25}},"1":{"start":{"line":4,"column":11},"end":{"line":4,"column":25}},"2":{"start":{"line":1,"column":0},"end":{"line":1,"column":13}}},"fnMap":{"0":{"name":"(anonymous_0)","decl":{"start":{"line":2,"column":2},"end":{"line":2,"column":null}},"loc":{"start":{"line":4,"column":25},"end":{"line":5,"column":6}}}},"branchMap":{},"s":{"0":0,"1":0,"2":2},"f":{"0":0},"b":{}}
,"/home/martin/Desktop/My all/Solvit/github/tasks/Task-management-backend/src/domain/entities/index.ts": {"path":"/home/martin/Desktop/My all/Solvit/github/tasks/Task-management-backend/src/domain/entities/index.ts","statementMap":{"0":{"start":{"line":1,"column":0},"end":{"line":1,"column":29}},"1":{"start":{"line":2,"column":0},"end":{"line":2,"column":24}},"2":{"start":{"line":3,"column":0},"end":{"line":3,"column":34}},"3":{"start":{"line":4,"column":0},"end":{"line":4,"column":24}},"4":{"start":{"line":5,"column":0},"end":{"line":5,"column":28}},"5":{"start":{"line":6,"column":0},"end":{"line":6,"column":28}}},"fnMap":{},"branchMap":{},"s":{"0":2,"1":2,"2":2,"3":2,"4":2,"5":2},"f":{},"b":{}}
,"/home/martin/Desktop/My all/Solvit/github/tasks/Task-management-backend/src/domain/repositories/index.ts": {"path":"/home/martin/Desktop/My all/Solvit/github/tasks/Task-management-backend/src/domain/repositories/index.ts","statementMap":{"0":{"start":{"line":1,"column":0},"end":{"line":1,"column":39}},"1":{"start":{"line":2,"column":0},"end":{"line":2,"column":33}},"2":{"start":{"line":3,"column":0},"end":{"line":3,"column":33}},"3":{"start":{"line":4,"column":0},"end":{"line":4,"column":37}}},"fnMap":{},"branchMap":{},"s":{"0":2,"1":2,"2":2,"3":2},"f":{},"b":{}}
,"/home/martin/Desktop/My all/Solvit/github/tasks/Task-management-backend/src/infrastructure/index.ts": {"path":"/home/martin/Desktop/My all/Solvit/github/tasks/Task-management-backend/src/infrastructure/index.ts","statementMap":{"0":{"start":{"line":1,"column":0},"end":{"line":1,"column":27}},"1":{"start":{"line":2,"column":0},"end":{"line":2,"column":31}}},"fnMap":{},"branchMap":{},"s":{"0":2,"1":2},"f":{},"b":{}}
,"/home/martin/Desktop/My all/Solvit/github/tasks/Task-management-backend/src/infrastructure/database/index.ts": {"path":"/home/martin/Desktop/My all/Solvit/github/tasks/Task-management-backend/src/infrastructure/database/index.ts","statementMap":{"0":{"start":{"line":1,"column":0},"end":{"line":1,"column":25}},"1":{"start":{"line":2,"column":0},"end":{"line":2,"column":29}}},"fnMap":{},"branchMap":{},"s":{"0":2,"1":2},"f":{},"b":{}}
,"/home/martin/Desktop/My all/Solvit/github/tasks/Task-management-backend/src/infrastructure/database/sequelizer.ts": {"path":"/home/martin/Desktop/My all/Solvit/github/tasks/Task-management-backend/src/infrastructure/database/sequelizer.ts","statementMap":{"0":{"start":{"line":1,"column":0},"end":{"line":1,"column":38}},"1":{"start":{"line":2,"column":0},"end":{"line":2,"column":39}},"2":{"start":{"line":4,"column":13},"end":{"line":13,"column":3}}},"fnMap":{},"branchMap":{},"s":{"0":2,"1":2,"2":2},"f":{},"b":{}}
,"/home/martin/Desktop/My all/Solvit/github/tasks/Task-management-backend/src/infrastructure/database/models/AuditLogModel.ts": {"path":"/home/martin/Desktop/My all/Solvit/github/tasks/Task-management-backend/src/infrastructure/database/models/AuditLogModel.ts","statementMap":{"0":{"start":{"line":1,"column":0},"end":{"line":1,"column":56}},"1":{"start":{"line":13,"column":8},"end":{"line":52,"column":null}},"2":{"start":{"line":4,"column":0},"end":{"line":4,"column":13}}},"fnMap":{"0":{"name":"(anonymous_0)","decl":{"start":{"line":12,"column":4},"end":{"line":12,"column":10}},"loc":{"start":{"line":12,"column":42},"end":{"line":53,"column":5}}}},"branchMap":{},"s":{"0":2,"1":0,"2":2},"f":{"0":0},"b":{}}
,"/home/martin/Desktop/My all/Solvit/github/tasks/Task-management-backend/src/infrastructure/database/models/PermissionModel.ts": {"path":"/home/martin/Desktop/My all/Solvit/github/tasks/Task-management-backend/src/infrastructure/database/models/PermissionModel.ts","statementMap":{"0":{"start":{"line":1,"column":0},"end":{"line":1,"column":56}},"1":{"start":{"line":9,"column":8},"end":{"line":29,"column":null}},"2":{"start":{"line":3,"column":0},"end":{"line":3,"column":13}}},"fnMap":{"0":{"name":"(anonymous_0)","decl":{"start":{"line":8,"column":4},"end":{"line":8,"column":10}},"loc":{"start":{"line":8,"column":42},"end":{"line":30,"column":5}}}},"branchMap":{},"s":{"0":2,"1":2,"2":2},"f":{"0":2},"b":{}}
,"/home/martin/Desktop/My all/Solvit/github/tasks/Task-management-backend/src/infrastructure/database/models/RefreshTokenModel.ts": {"path":"/home/martin/Desktop/My all/Solvit/github/tasks/Task-management-backend/src/infrastructure/database/models/RefreshTokenModel.ts","statementMap":{"0":{"start":{"line":1,"column":0},"end":{"line":1,"column":56}},"1":{"start":{"line":13,"column":8},"end":{"line":46,"column":10}},"2":{"start":{"line":3,"column":0},"end":{"line":3,"column":13}}},"fnMap":{"0":{"name":"(anonymous_0)","decl":{"start":{"line":12,"column":4},"end":{"line":12,"column":10}},"loc":{"start":{"line":12,"column":42},"end":{"line":47,"column":5}}}},"branchMap":{},"s":{"0":2,"1":2,"2":2},"f":{"0":2},"b":{}}
,"/home/martin/Desktop/My all/Solvit/github/tasks/Task-management-backend/src/infrastructure/database/models/RoleModel.ts": {"path":"/home/martin/Desktop/My all/Solvit/github/tasks/Task-management-backend/src/infrastructure/database/models/RoleModel.ts","statementMap":{"0":{"start":{"line":1,"column":0},"end":{"line":1,"column":56}},"1":{"start":{"line":9,"column":8},"end":{"line":29,"column":null}},"2":{"start":{"line":3,"column":0},"end":{"line":3,"column":13}}},"fnMap":{"0":{"name":"(anonymous_0)","decl":{"start":{"line":8,"column":4},"end":{"line":8,"column":10}},"loc":{"start":{"line":8,"column":42},"end":{"line":30,"column":5}}}},"branchMap":{},"s":{"0":2,"1":2,"2":2},"f":{"0":2},"b":{}}
,"/home/martin/Desktop/My all/Solvit/github/tasks/Task-management-backend/src/infrastructure/database/models/RolePermissionModel.ts": {"path":"/home/martin/Desktop/My all/Solvit/github/tasks/Task-management-backend/src/infrastructure/database/models/RolePermissionModel.ts","statementMap":{"0":{"start":{"line":1,"column":0},"end":{"line":1,"column":56}},"1":{"start":{"line":11,"column":4},"end":{"line":37,"column":6}},"2":{"start":{"line":3,"column":0},"end":{"line":3,"column":13}}},"fnMap":{"0":{"name":"(anonymous_0)","decl":{"start":{"line":10,"column":2},"end":{"line":10,"column":8}},"loc":{"start":{"line":10,"column":40},"end":{"line":39,"column":3}}}},"branchMap":{},"s":{"0":2,"1":2,"2":2},"f":{"0":2},"b":{}}
,"/home/martin/Desktop/My all/Solvit/github/tasks/Task-management-backend/src/infrastructure/database/models/UserModel.ts": {"path":"/home/martin/Desktop/My all/Solvit/github/tasks/Task-management-backend/src/infrastructure/database/models/UserModel.ts","statementMap":{"0":{"start":{"line":1,"column":0},"end":{"line":1,"column":56}},"1":{"start":{"line":14,"column":8},"end":{"line":45,"column":10}},"2":{"start":{"line":3,"column":0},"end":{"line":3,"column":13}}},"fnMap":{"0":{"name":"(anonymous_0)","decl":{"start":{"line":13,"column":4},"end":{"line":13,"column":10}},"loc":{"start":{"line":13,"column":42},"end":{"line":46,"column":5}}}},"branchMap":{},"s":{"0":2,"1":2,"2":2},"f":{"0":2},"b":{}}
,"/home/martin/Desktop/My all/Solvit/github/tasks/Task-management-backend/src/infrastructure/database/models/UserRoleModel.ts": {"path":"/home/martin/Desktop/My all/Solvit/github/tasks/Task-management-backend/src/infrastructure/database/models/UserRoleModel.ts","statementMap":{"0":{"start":{"line":1,"column":0},"end":{"line":1,"column":56}},"1":{"start":{"line":11,"column":4},"end":{"line":37,"column":6}},"2":{"start":{"line":3,"column":0},"end":{"line":3,"column":13}}},"fnMap":{"0":{"name":"(anonymous_0)","decl":{"start":{"line":10,"column":2},"end":{"line":10,"column":8}},"loc":{"start":{"line":10,"column":40},"end":{"line":38,"column":3}}}},"branchMap":{},"s":{"0":2,"1":2,"2":2},"f":{"0":2},"b":{}}
,"/home/martin/Desktop/My all/Solvit/github/tasks/Task-management-backend/src/infrastructure/database/models/index.ts": {"path":"/home/martin/Desktop/My all/Solvit/github/tasks/Task-management-backend/src/infrastructure/database/models/index.ts","statementMap":{"0":{"start":{"line":1,"column":0},"end":{"line":1,"column":9}},"1":{"start":{"line":28,"column":2},"end":{"line":1,"column":42}},"2":{"start":{"line":2,"column":0},"end":{"line":2,"column":9}},"3":{"start":{"line":29,"column":2},"end":{"line":2,"column":40}},"4":{"start":{"line":3,"column":0},"end":{"line":3,"column":9}},"5":{"start":{"line":30,"column":2},"end":{"line":3,"column":40}},"6":{"start":{"line":4,"column":0},"end":{"line":4,"column":9}},"7":{"start":{"line":31,"column":2},"end":{"line":4,"column":52}},"8":{"start":{"line":5,"column":0},"end":{"line":5,"column":9}},"9":{"start":{"line":32,"column":2},"end":{"line":5,"column":48}},"10":{"start":{"line":6,"column":0},"end":{"line":6,"column":9}},"11":{"start":{"line":33,"column":2},"end":{"line":6,"column":60}},"12":{"start":{"line":7,"column":0},"end":{"line":7,"column":9}},"13":{"start":{"line":34,"column":2},"end":{"line":7,"column":56}},"14":{"start":{"line":9,"column":0},"end":{"line":9,"column":32}},"15":{"start":{"line":10,"column":0},"end":{"line":10,"column":32}},"16":{"start":{"line":11,"column":0},"end":{"line":11,"column":38}},"17":{"start":{"line":12,"column":0},"end":{"line":12,"column":36}},"18":{"start":{"line":13,"column":0},"end":{"line":13,"column":42}},"19":{"start":{"line":14,"column":0},"end":{"line":14,"column":40}},"20":{"start":{"line":17,"column":0},"end":{"line":17,"column":98}},"21":{"start":{"line":18,"column":0},"end":{"line":18,"column":98}},"22":{"start":{"line":20,"column":0},"end":{"line":20,"column":116}},"23":{"start":{"line":21,"column":0},"end":{"line":21,"column":116}},"24":{"start":{"line":23,"column":0},"end":{"line":23,"column":77}},"25":{"start":{"line":24,"column":0},"end":{"line":24,"column":84}},"26":{"start":{"line":37,"column":0},"end":{"line":37,"column":34}},"27":{"start":{"line":38,"column":0},"end":{"line":38,"column":28}},"28":{"start":{"line":39,"column":0},"end":{"line":39,"column":38}},"29":{"start":{"line":40,"column":0},"end":{"line":40,"column":28}},"30":{"start":{"line":41,"column":0},"end":{"line":41,"column":32}},"31":{"start":{"line":42,"column":0},"end":{"line":42,"column":36}},"32":{"start":{"line":43,"column":0},"end":{"line":43,"column":31}}},"fnMap":{"0":{"name":"(anonymous_4)","decl":{"start":{"line":28,"column":2},"end":{"line":28,"column":11}},"loc":{"start":{"line":28,"column":2},"end":{"line":1,"column":42}}},"1":{"name":"(anonymous_5)","decl":{"start":{"line":29,"column":2},"end":{"line":29,"column":11}},"loc":{"start":{"line":29,"column":2},"end":{"line":2,"column":40}}},"2":{"name":"(anonymous_6)","decl":{"start":{"line":30,"column":2},"end":{"line":30,"column":11}},"loc":{"start":{"line":30,"column":2},"end":{"line":3,"column":40}}},"3":{"name":"(anonymous_7)","decl":{"start":{"line":31,"column":2},"end":{"line":31,"column":17}},"loc":{"start":{"line":31,"column":2},"end":{"line":4,"column":52}}},"4":{"name":"(anonymous_8)","decl":{"start":{"line":32,"column":2},"end":{"line":32,"column":15}},"loc":{"start":{"line":32,"column":2},"end":{"line":5,"column":48}}},"5":{"name":"(anonymous_9)","decl":{"start":{"line":33,"column":2},"end":{"line":33,"column":21}},"loc":{"start":{"line":33,"column":2},"end":{"line":6,"column":60}}},"6":{"name":"(anonymous_10)","decl":{"start":{"line":34,"column":2},"end":{"line":34,"column":19}},"loc":{"start":{"line":34,"column":2},"end":{"line":7,"column":56}}}},"branchMap":{},"s":{"0":2,"1":2,"2":2,"3":17,"4":2,"5":11,"6":2,"7":4,"8":2,"9":6,"10":2,"11":2,"12":2,"13":11,"14":2,"15":2,"16":2,"17":2,"18":2,"19":2,"20":2,"21":2,"22":2,"23":2,"24":2,"25":2,"26":2,"27":2,"28":2,"29":2,"30":2,"31":2,"32":2},"f":{"0":0,"1":15,"2":9,"3":2,"4":4,"5":0,"6":9},"b":{}}
,"/home/martin/Desktop/My all/Solvit/github/tasks/Task-management-backend/src/infrastructure/repositories/SequelizeAuditLogRepository.ts": {"path":"/home/martin/Desktop/My all/Solvit/github/tasks/Task-management-backend/src/infrastructure/repositories/SequelizeAuditLogRepository.ts","statementMap":{"0":{"start":{"line":2,"column":0},"end":{"line":2,"column":40}},"1":{"start":{"line":3,"column":0},"end":{"line":3,"column":44}},"2":{"start":{"line":7,"column":24},"end":{"line":13,"column":10}},"3":{"start":{"line":15,"column":8},"end":{"line":22,"column":null}},"4":{"start":{"line":5,"column":0},"end":{"line":5,"column":13}}},"fnMap":{"0":{"name":"(anonymous_7)","decl":{"start":{"line":6,"column":10},"end":{"line":6,"column":16}},"loc":{"start":{"line":6,"column":30},"end":{"line":23,"column":null}}}},"branchMap":{},"s":{"0":1,"1":1,"2":0,"3":0,"4":1},"f":{"0":0},"b":{}}
,"/home/martin/Desktop/My all/Solvit/github/tasks/Task-management-backend/src/infrastructure/repositories/SequelizePermissionRepository.ts": {"path":"/home/martin/Desktop/My all/Solvit/github/tasks/Task-management-backend/src/infrastructure/repositories/SequelizePermissionRepository.ts","statementMap":{"0":{"start":{"line":2,"column":0},"end":{"line":2,"column":42}},"1":{"start":{"line":3,"column":0},"end":{"line":3,"column":46}},"2":{"start":{"line":7,"column":24},"end":{"line":10,"column":10}},"3":{"start":{"line":12,"column":8},"end":{"line":12,"column":77}},"4":{"start":{"line":16,"column":21},"end":{"line":16,"column":68}},"5":{"start":{"line":17,"column":8},"end":{"line":17,"column":82}},"6":{"start":{"line":21,"column":21},"end":{"line":21,"column":55}},"7":{"start":{"line":22,"column":8},"end":{"line":22,"column":82}},"8":{"start":{"line":26,"column":22},"end":{"line":26,"column":53}},"9":{"start":{"line":27,"column":8},"end":{"line":27,"column":75}},"10":{"start":{"line":27,"column":30},"end":{"line":27,"column":73}},"11":{"start":{"line":31,"column":8},"end":{"line":31,"column":57}},"12":{"start":{"line":5,"column":0},"end":{"line":5,"column":13}}},"fnMap":{"0":{"name":"(anonymous_7)","decl":{"start":{"line":6,"column":10},"end":{"line":6,"column":16}},"loc":{"start":{"line":6,"column":39},"end":{"line":13,"column":null}}},"1":{"name":"(anonymous_9)","decl":{"start":{"line":15,"column":10},"end":{"line":15,"column":20}},"loc":{"start":{"line":15,"column":33},"end":{"line":18,"column":null}}},"2":{"name":"(anonymous_11)","decl":{"start":{"line":20,"column":10},"end":{"line":20,"column":18}},"loc":{"start":{"line":20,"column":29},"end":{"line":23,"column":null}}},"3":{"name":"(anonymous_13)","decl":{"start":{"line":25,"column":10},"end":{"line":25,"column":17}},"loc":{"start":{"line":25,"column":17},"end":{"line":28,"column":null}}},"4":{"name":"(anonymous_15)","decl":{"start":{"line":27,"column":25},"end":{"line":27,"column":26}},"loc":{"start":{"line":27,"column":30},"end":{"line":27,"column":73}}},"5":{"name":"(anonymous_16)","decl":{"start":{"line":30,"column":10},"end":{"line":30,"column":20}},"loc":{"start":{"line":30,"column":31},"end":{"line":32,"column":null}}}},"branchMap":{"0":{"loc":{"start":{"line":17,"column":15},"end":{"line":17,"column":81}},"type":"cond-expr","locations":[{"start":{"line":17,"column":22},"end":{"line":17,"column":74}},{"start":{"line":17,"column":77},"end":{"line":17,"column":81}}]},"1":{"loc":{"start":{"line":22,"column":15},"end":{"line":22,"column":81}},"type":"cond-expr","locations":[{"start":{"line":22,"column":22},"end":{"line":22,"column":74}},{"start":{"line":22,"column":77},"end":{"line":22,"column":81}}]}},"s":{"0":2,"1":2,"2":0,"3":0,"4":0,"5":0,"6":0,"7":0,"8":0,"9":0,"10":0,"11":0,"12":2},"f":{"0":0,"1":0,"2":0,"3":0,"4":0,"5":0},"b":{"0":[0,0],"1":[0,0]}}
,"/home/martin/Desktop/My all/Solvit/github/tasks/Task-management-backend/src/infrastructure/repositories/SequelizeRoleRepository.ts": {"path":"/home/martin/Desktop/My all/Solvit/github/tasks/Task-management-backend/src/infrastructure/repositories/SequelizeRoleRepository.ts","statementMap":{"0":{"start":{"line":2,"column":0},"end":{"line":2,"column":36}},"1":{"start":{"line":3,"column":0},"end":{"line":3,"column":55}},"2":{"start":{"line":4,"column":0},"end":{"line":4,"column":50}},"3":{"start":{"line":8,"column":24},"end":{"line":11,"column":10}},"4":{"start":{"line":12,"column":8},"end":{"line":12,"column":71}},"5":{"start":{"line":16,"column":21},"end":{"line":16,"column":64}},"6":{"start":{"line":17,"column":8},"end":{"line":17,"column":75}},"7":{"start":{"line":21,"column":21},"end":{"line":21,"column":49}},"8":{"start":{"line":22,"column":8},"end":{"line":22,"column":75}},"9":{"start":{"line":26,"column":25},"end":{"line":28,"column":10}},"10":{"start":{"line":30,"column":8},"end":{"line":32,"column":null}},"11":{"start":{"line":31,"column":12},"end":{"line":31,"column":19}},"12":{"start":{"line":33,"column":8},"end":{"line":33,"column":65}},"13":{"start":{"line":37,"column":8},"end":{"line":39,"column":11}},"14":{"start":{"line":43,"column":22},"end":{"line":43,"column":47}},"15":{"start":{"line":44,"column":8},"end":{"line":46,"column":10}},"16":{"start":{"line":45,"column":17},"end":{"line":45,"column":54}},"17":{"start":{"line":6,"column":0},"end":{"line":6,"column":13}}},"fnMap":{"0":{"name":"(anonymous_7)","decl":{"start":{"line":7,"column":10},"end":{"line":7,"column":16}},"loc":{"start":{"line":7,"column":27},"end":{"line":13,"column":null}}},"1":{"name":"(anonymous_9)","decl":{"start":{"line":15,"column":10},"end":{"line":15,"column":20}},"loc":{"start":{"line":15,"column":33},"end":{"line":18,"column":null}}},"2":{"name":"(anonymous_11)","decl":{"start":{"line":20,"column":10},"end":{"line":20,"column":18}},"loc":{"start":{"line":20,"column":29},"end":{"line":23,"column":null}}},"3":{"name":"(anonymous_13)","decl":{"start":{"line":25,"column":10},"end":{"line":25,"column":26}},"loc":{"start":{"line":25,"column":63},"end":{"line":34,"column":null}}},"4":{"name":"(anonymous_15)","decl":{"start":{"line":36,"column":10},"end":{"line":36,"column":26}},"loc":{"start":{"line":36,"column":63},"end":{"line":40,"column":null}}},"5":{"name":"(anonymous_17)","decl":{"start":{"line":42,"column":10},"end":{"line":42,"column":17}},"loc":{"start":{"line":42,"column":17},"end":{"line":47,"column":null}}},"6":{"name":"(anonymous_19)","decl":{"start":{"line":45,"column":12},"end":{"line":45,"column":13}},"loc":{"start":{"line":45,"column":17},"end":{"line":45,"column":54}}}},"branchMap":{"0":{"loc":{"start":{"line":17,"column":15},"end":{"line":17,"column":74}},"type":"cond-expr","locations":[{"start":{"line":17,"column":22},"end":{"line":17,"column":68}},{"start":{"line":17,"column":70},"end":{"line":17,"column":74}}]},"1":{"loc":{"start":{"line":22,"column":15},"end":{"line":22,"column":74}},"type":"cond-expr","locations":[{"start":{"line":22,"column":22},"end":{"line":22,"column":68}},{"start":{"line":22,"column":70},"end":{"line":22,"column":74}}]},"2":{"loc":{"start":{"line":30,"column":8},"end":{"line":32,"column":null}},"type":"if","locations":[{"start":{"line":30,"column":8},"end":{"line":32,"column":null}},{"start":{},"end":{}}]}},"s":{"0":2,"1":2,"2":2,"3":0,"4":0,"5":0,"6":0,"7":0,"8":0,"9":0,"10":0,"11":0,"12":0,"13":0,"14":0,"15":0,"16":0,"17":2},"f":{"0":0,"1":0,"2":0,"3":0,"4":0,"5":0,"6":0},"b":{"0":[0,0],"1":[0,0],"2":[0,0]}}
,"/home/martin/Desktop/My all/Solvit/github/tasks/Task-management-backend/src/infrastructure/repositories/SequelizeUserRepository.ts": {"path":"/home/martin/Desktop/My all/Solvit/github/tasks/Task-management-backend/src/infrastructure/repositories/SequelizeUserRepository.ts","statementMap":{"0":{"start":{"line":2,"column":0},"end":{"line":2,"column":36}},"1":{"start":{"line":3,"column":0},"end":{"line":3,"column":40}},"2":{"start":{"line":4,"column":0},"end":{"line":4,"column":44}},"3":{"start":{"line":8,"column":24},"end":{"line":13,"column":10}},"4":{"start":{"line":15,"column":8},"end":{"line":23,"column":10}},"5":{"start":{"line":27,"column":21},"end":{"line":27,"column":66}},"6":{"start":{"line":28,"column":8},"end":{"line":38,"column":19}},"7":{"start":{"line":42,"column":21},"end":{"line":42,"column":49}},"8":{"start":{"line":43,"column":8},"end":{"line":53,"column":19}},"9":{"start":{"line":57,"column":25},"end":{"line":57,"column":83}},"10":{"start":{"line":58,"column":8},"end":{"line":60,"column":null}},"11":{"start":{"line":59,"column":12},"end":{"line":59,"column":59}},"12":{"start":{"line":64,"column":8},"end":{"line":64,"column":67}},"13":{"start":{"line":68,"column":22},"end":{"line":68,"column":47}},"14":{"start":{"line":69,"column":8},"end":{"line":80,"column":10}},"15":{"start":{"line":71,"column":16},"end":{"line":78,"column":null}},"16":{"start":{"line":6,"column":0},"end":{"line":6,"column":13}}},"fnMap":{"0":{"name":"(anonymous_7)","decl":{"start":{"line":7,"column":10},"end":{"line":7,"column":16}},"loc":{"start":{"line":7,"column":27},"end":{"line":24,"column":null}}},"1":{"name":"(anonymous_9)","decl":{"start":{"line":26,"column":10},"end":{"line":26,"column":21}},"loc":{"start":{"line":26,"column":35},"end":{"line":39,"column":null}}},"2":{"name":"(anonymous_11)","decl":{"start":{"line":41,"column":10},"end":{"line":41,"column":18}},"loc":{"start":{"line":41,"column":29},"end":{"line":54,"column":null}}},"3":{"name":"(anonymous_13)","decl":{"start":{"line":56,"column":10},"end":{"line":56,"column":20}},"loc":{"start":{"line":56,"column":51},"end":{"line":61,"column":null}}},"4":{"name":"(anonymous_15)","decl":{"start":{"line":63,"column":10},"end":{"line":63,"column":20}},"loc":{"start":{"line":63,"column":51},"end":{"line":65,"column":null}}},"5":{"name":"(anonymous_17)","decl":{"start":{"line":67,"column":10},"end":{"line":67,"column":17}},"loc":{"start":{"line":67,"column":17},"end":{"line":81,"column":null}}},"6":{"name":"(anonymous_19)","decl":{"start":{"line":70,"column":12},"end":{"line":70,"column":13}},"loc":{"start":{"line":71,"column":16},"end":{"line":78,"column":null}}}},"branchMap":{"0":{"loc":{"start":{"line":28,"column":15},"end":{"line":38,"column":18}},"type":"cond-expr","locations":[{"start":{"line":29,"column":14},"end":{"line":36,"column":null}},{"start":{"line":38,"column":14},"end":{"line":38,"column":18}}]},"1":{"loc":{"start":{"line":43,"column":15},"end":{"line":53,"column":18}},"type":"cond-expr","locations":[{"start":{"line":44,"column":14},"end":{"line":51,"column":null}},{"start":{"line":53,"column":14},"end":{"line":53,"column":18}}]},"2":{"loc":{"start":{"line":58,"column":8},"end":{"line":60,"column":null}},"type":"if","locations":[{"start":{"line":58,"column":8},"end":{"line":60,"column":null}},{"start":{},"end":{}}]}},"s":{"0":2,"1":2,"2":2,"3":0,"4":0,"5":6,"6":6,"7":0,"8":0,"9":0,"10":0,"11":0,"12":0,"13":0,"14":0,"15":0,"16":2},"f":{"0":0,"1":6,"2":0,"3":0,"4":0,"5":0,"6":0},"b":{"0":[5,1],"1":[0,0],"2":[0,0]}}
,"/home/martin/Desktop/My all/Solvit/github/tasks/Task-management-backend/src/infrastructure/repositories/index.ts": {"path":"/home/martin/Desktop/My all/Solvit/github/tasks/Task-management-backend/src/infrastructure/repositories/index.ts","statementMap":{"0":{"start":{"line":1,"column":0},"end":{"line":1,"column":48}},"1":{"start":{"line":2,"column":0},"end":{"line":2,"column":42}},"2":{"start":{"line":3,"column":0},"end":{"line":3,"column":42}}},"fnMap":{},"branchMap":{},"s":{"0":2,"1":2,"2":2},"f":{},"b":{}}
,"/home/martin/Desktop/My all/Solvit/github/tasks/Task-management-backend/src/presentation/controllers/auth.controller.ts": {"path":"/home/martin/Desktop/My all/Solvit/github/tasks/Task-management-backend/src/presentation/controllers/auth.controller.ts","statementMap":{"0":{"start":{"line":5,"column":24},"end":{"line":5,"column":48}},"1":{"start":{"line":7,"column":4},"end":{"line":15,"column":6}},"2":{"start":{"line":7,"column":70},"end":{"line":15,"column":6}},"3":{"start":{"line":8,"column":8},"end":{"line":14,"column":null}},"4":{"start":{"line":9,"column":40},"end":{"line":9,"column":48}},"5":{"start":{"line":10,"column":27},"end":{"line":10,"column":72}},"6":{"start":{"line":11,"column":12},"end":{"line":11,"column":29}},"7":{"start":{"line":13,"column":12},"end":{"line":13,"column":22}},"8":{"start":{"line":17,"column":4},"end":{"line":30,"column":6}},"9":{"start":{"line":17,"column":71},"end":{"line":30,"column":6}},"10":{"start":{"line":18,"column":8},"end":{"line":29,"column":null}},"11":{"start":{"line":19,"column":37},"end":{"line":19,"column":45}},"12":{"start":{"line":21,"column":12},"end":{"line":23,"column":null}},"13":{"start":{"line":22,"column":16},"end":{"line":22,"column":83}},"14":{"start":{"line":25,"column":27},"end":{"line":25,"column":70}},"15":{"start":{"line":26,"column":12},"end":{"line":26,"column":48}},"16":{"start":{"line":28,"column":12},"end":{"line":28,"column":22}},"17":{"start":{"line":32,"column":4},"end":{"line":40,"column":6}},"18":{"start":{"line":32,"column":72},"end":{"line":40,"column":6}},"19":{"start":{"line":33,"column":8},"end":{"line":39,"column":null}},"20":{"start":{"line":34,"column":37},"end":{"line":34,"column":45}},"21":{"start":{"line":35,"column":26},"end":{"line":35,"column":70}},"22":{"start":{"line":36,"column":12},"end":{"line":36,"column":28}},"23":{"start":{"line":38,"column":12},"end":{"line":38,"column":22}},"24":{"start":{"line":4,"column":0},"end":{"line":4,"column":13}}},"fnMap":{"0":{"name":"(anonymous_7)","decl":{"start":{"line":5,"column":4},"end":{"line":5,"column":24}},"loc":{"start":{"line":5,"column":48},"end":{"line":5,"column":52}}},"1":{"name":"(anonymous_8)","decl":{"start":{"line":7,"column":12},"end":{"line":7,"column":19}},"loc":{"start":{"line":7,"column":70},"end":{"line":15,"column":6}}},"2":{"name":"(anonymous_9)","decl":{"start":{"line":7,"column":70},"end":{"line":7,"column":null}},"loc":{"start":{"line":7,"column":70},"end":{"line":15,"column":5}}},"3":{"name":"(anonymous_10)","decl":{"start":{"line":17,"column":13},"end":{"line":17,"column":20}},"loc":{"start":{"line":17,"column":71},"end":{"line":30,"column":6}}},"4":{"name":"(anonymous_11)","decl":{"start":{"line":17,"column":71},"end":{"line":17,"column":null}},"loc":{"start":{"line":17,"column":71},"end":{"line":30,"column":5}}},"5":{"name":"(anonymous_12)","decl":{"start":{"line":32,"column":14},"end":{"line":32,"column":21}},"loc":{"start":{"line":32,"column":72},"end":{"line":40,"column":6}}},"6":{"name":"(anonymous_13)","decl":{"start":{"line":32,"column":72},"end":{"line":32,"column":null}},"loc":{"start":{"line":32,"column":72},"end":{"line":40,"column":5}}}},"branchMap":{"0":{"loc":{"start":{"line":21,"column":12},"end":{"line":23,"column":null}},"type":"if","locations":[{"start":{"line":21,"column":12},"end":{"line":23,"column":null}},{"start":{},"end":{}}]},"1":{"loc":{"start":{"line":21,"column":16},"end":{"line":21,"column":65}},"type":"binary-expr","locations":[{"start":{"line":21,"column":16},"end":{"line":21,"column":29}},{"start":{"line":21,"column":33},"end":{"line":21,"column":65}}]}},"s":{"0":1,"1":1,"2":6,"3":6,"4":6,"5":6,"6":2,"7":4,"8":1,"9":5,"10":5,"11":5,"12":5,"13":3,"14":2,"15":1,"16":1,"17":1,"18":2,"19":2,"20":2,"21":2,"22":0,"23":2,"24":1},"f":{"0":1,"1":6,"2":6,"3":5,"4":5,"5":2,"6":2},"b":{"0":[3,2],"1":[5,2]}}
,"/home/martin/Desktop/My all/Solvit/github/tasks/Task-management-backend/src/presentation/controllers/permission.controller.ts": {"path":"/home/martin/Desktop/My all/Solvit/github/tasks/Task-management-backend/src/presentation/controllers/permission.controller.ts","statementMap":{"0":{"start":{"line":5,"column":24},"end":{"line":5,"column":54}},"1":{"start":{"line":7,"column":4},"end":{"line":15,"column":6}},"2":{"start":{"line":7,"column":81},"end":{"line":15,"column":6}},"3":{"start":{"line":8,"column":8},"end":{"line":14,"column":null}},"4":{"start":{"line":9,"column":42},"end":{"line":9,"column":50}},"5":{"start":{"line":10,"column":31},"end":{"line":10,"column":79}},"6":{"start":{"line":11,"column":12},"end":{"line":11,"column":45}},"7":{"start":{"line":13,"column":12},"end":{"line":13,"column":22}},"8":{"start":{"line":17,"column":4},"end":{"line":21,"column":6}},"9":{"start":{"line":17,"column":55},"end":{"line":21,"column":6}},"10":{"start":{"line":18,"column":25},"end":{"line":18,"column":35}},"11":{"start":{"line":19,"column":27},"end":{"line":19,"column":66}},"12":{"start":{"line":20,"column":8},"end":{"line":20,"column":29}},"13":{"start":{"line":23,"column":4},"end":{"line":27,"column":6}},"14":{"start":{"line":23,"column":53},"end":{"line":27,"column":6}},"15":{"start":{"line":24,"column":23},"end":{"line":24,"column":33}},"16":{"start":{"line":25,"column":27},"end":{"line":25,"column":62}},"17":{"start":{"line":26,"column":8},"end":{"line":26,"column":29}},"18":{"start":{"line":29,"column":4},"end":{"line":33,"column":6}},"19":{"start":{"line":29,"column":55},"end":{"line":33,"column":6}},"20":{"start":{"line":30,"column":23},"end":{"line":30,"column":33}},"21":{"start":{"line":31,"column":8},"end":{"line":31,"column":46}},"22":{"start":{"line":32,"column":8},"end":{"line":32,"column":31}},"23":{"start":{"line":35,"column":4},"end":{"line":42,"column":6}},"24":{"start":{"line":35,"column":78},"end":{"line":42,"column":6}},"25":{"start":{"line":36,"column":8},"end":{"line":41,"column":null}},"26":{"start":{"line":37,"column":32},"end":{"line":37,"column":64}},"27":{"start":{"line":38,"column":12},"end":{"line":38,"column":34}},"28":{"start":{"line":40,"column":12},"end":{"line":40,"column":22}},"29":{"start":{"line":4,"column":0},"end":{"line":4,"column":13}}},"fnMap":{"0":{"name":"(anonymous_7)","decl":{"start":{"line":5,"column":4},"end":{"line":5,"column":24}},"loc":{"start":{"line":5,"column":54},"end":{"line":5,"column":58}}},"1":{"name":"(anonymous_8)","decl":{"start":{"line":7,"column":23},"end":{"line":7,"column":30}},"loc":{"start":{"line":7,"column":81},"end":{"line":15,"column":6}}},"2":{"name":"(anonymous_9)","decl":{"start":{"line":7,"column":81},"end":{"line":7,"column":null}},"loc":{"start":{"line":7,"column":81},"end":{"line":15,"column":5}}},"3":{"name":"(anonymous_10)","decl":{"start":{"line":17,"column":17},"end":{"line":17,"column":24}},"loc":{"start":{"line":17,"column":55},"end":{"line":21,"column":6}}},"4":{"name":"(anonymous_11)","decl":{"start":{"line":17,"column":55},"end":{"line":17,"column":null}},"loc":{"start":{"line":17,"column":55},"end":{"line":21,"column":5}}},"5":{"name":"(anonymous_12)","decl":{"start":{"line":23,"column":15},"end":{"line":23,"column":22}},"loc":{"start":{"line":23,"column":53},"end":{"line":27,"column":6}}},"6":{"name":"(anonymous_13)","decl":{"start":{"line":23,"column":53},"end":{"line":23,"column":null}},"loc":{"start":{"line":23,"column":53},"end":{"line":27,"column":5}}},"7":{"name":"(anonymous_14)","decl":{"start":{"line":29,"column":17},"end":{"line":29,"column":24}},"loc":{"start":{"line":29,"column":55},"end":{"line":33,"column":6}}},"8":{"name":"(anonymous_15)","decl":{"start":{"line":29,"column":55},"end":{"line":29,"column":null}},"loc":{"start":{"line":29,"column":55},"end":{"line":33,"column":5}}},"9":{"name":"(anonymous_16)","decl":{"start":{"line":35,"column":22},"end":{"line":35,"column":29}},"loc":{"start":{"line":35,"column":78},"end":{"line":42,"column":6}}},"10":{"name":"(anonymous_17)","decl":{"start":{"line":35,"column":78},"end":{"line":35,"column":null}},"loc":{"start":{"line":35,"column":78},"end":{"line":42,"column":5}}}},"branchMap":{},"s":{"0":1,"1":1,"2":0,"3":0,"4":0,"5":0,"6":0,"7":0,"8":1,"9":0,"10":0,"11":0,"12":0,"13":1,"14":0,"15":0,"16":0,"17":0,"18":1,"19":0,"20":0,"21":0,"22":0,"23":1,"24":0,"25":0,"26":0,"27":0,"28":0,"29":1},"f":{"0":1,"1":0,"2":0,"3":0,"4":0,"5":0,"6":0,"7":0,"8":0,"9":0,"10":0},"b":{}}
,"/home/martin/Desktop/My all/Solvit/github/tasks/Task-management-backend/src/presentation/controllers/refresh.controller.ts": {"path":"/home/martin/Desktop/My all/Solvit/github/tasks/Task-management-backend/src/presentation/controllers/refresh.controller.ts","statementMap":{"0":{"start":{"line":3,"column":0},"end":{"line":3,"column":40}},"1":{"start":{"line":6,"column":22},"end":{"line":6,"column":57}},"2":{"start":{"line":8,"column":2},"end":{"line":20,"column":4}},"3":{"start":{"line":8,"column":75},"end":{"line":20,"column":4}},"4":{"start":{"line":9,"column":4},"end":{"line":19,"column":null}},"5":{"start":{"line":10,"column":33},"end":{"line":10,"column":41}},"6":{"start":{"line":11,"column":25},"end":{"line":11,"column":72}},"7":{"start":{"line":12,"column":8},"end":{"line":12,"column":39}},"8":{"start":{"line":14,"column":8},"end":{"line":18,"column":null}},"9":{"start":{"line":15,"column":8},"end":{"line":15,"column":66}},"10":{"start":{"line":17,"column":8},"end":{"line":17,"column":18}},"11":{"start":{"line":5,"column":0},"end":{"line":5,"column":13}}},"fnMap":{"0":{"name":"(anonymous_7)","decl":{"start":{"line":6,"column":2},"end":{"line":6,"column":22}},"loc":{"start":{"line":6,"column":57},"end":{"line":6,"column":61}}},"1":{"name":"(anonymous_8)","decl":{"start":{"line":8,"column":17},"end":{"line":8,"column":24}},"loc":{"start":{"line":8,"column":75},"end":{"line":20,"column":4}}},"2":{"name":"(anonymous_9)","decl":{"start":{"line":8,"column":75},"end":{"line":8,"column":null}},"loc":{"start":{"line":8,"column":75},"end":{"line":20,"column":3}}}},"branchMap":{"0":{"loc":{"start":{"line":14,"column":8},"end":{"line":18,"column":null}},"type":"if","locations":[{"start":{"line":14,"column":8},"end":{"line":18,"column":null}},{"start":{"line":16,"column":15},"end":{"line":18,"column":null}}]}},"s":{"0":1,"1":1,"2":1,"3":0,"4":0,"5":0,"6":0,"7":0,"8":0,"9":0,"10":0,"11":1},"f":{"0":1,"1":0,"2":0},"b":{"0":[0,0]}}
,"/home/martin/Desktop/My all/Solvit/github/tasks/Task-management-backend/src/presentation/controllers/role.controller.ts": {"path":"/home/martin/Desktop/My all/Solvit/github/tasks/Task-management-backend/src/presentation/controllers/role.controller.ts","statementMap":{"0":{"start":{"line":5,"column":24},"end":{"line":5,"column":48}},"1":{"start":{"line":7,"column":4},"end":{"line":15,"column":6}},"2":{"start":{"line":7,"column":75},"end":{"line":15,"column":6}},"3":{"start":{"line":8,"column":8},"end":{"line":14,"column":null}},"4":{"start":{"line":9,"column":42},"end":{"line":9,"column":50}},"5":{"start":{"line":10,"column":25},"end":{"line":10,"column":73}},"6":{"start":{"line":11,"column":12},"end":{"line":11,"column":39}},"7":{"start":{"line":13,"column":12},"end":{"line":13,"column":22}},"8":{"start":{"line":17,"column":4},"end":{"line":24,"column":6}},"9":{"start":{"line":17,"column":74},"end":{"line":24,"column":6}},"10":{"start":{"line":18,"column":8},"end":{"line":23,"column":null}},"11":{"start":{"line":19,"column":26},"end":{"line":19,"column":58}},"12":{"start":{"line":20,"column":12},"end":{"line":20,"column":28}},"13":{"start":{"line":22,"column":12},"end":{"line":22,"column":22}},"14":{"start":{"line":25,"column":4},"end":{"line":29,"column":6}},"15":{"start":{"line":25,"column":61},"end":{"line":29,"column":6}},"16":{"start":{"line":26,"column":41},"end":{"line":26,"column":49}},"17":{"start":{"line":27,"column":8},"end":{"line":27,"column":70}},"18":{"start":{"line":28,"column":8},"end":{"line":28,"column":65}},"19":{"start":{"line":31,"column":4},"end":{"line":35,"column":6}},"20":{"start":{"line":31,"column":61},"end":{"line":35,"column":6}},"21":{"start":{"line":32,"column":41},"end":{"line":32,"column":49}},"22":{"start":{"line":33,"column":8},"end":{"line":33,"column":70}},"23":{"start":{"line":34,"column":8},"end":{"line":34,"column":64}},"24":{"start":{"line":4,"column":0},"end":{"line":4,"column":13}}},"fnMap":{"0":{"name":"(anonymous_7)","decl":{"start":{"line":5,"column":4},"end":{"line":5,"column":24}},"loc":{"start":{"line":5,"column":48},"end":{"line":5,"column":52}}},"1":{"name":"(anonymous_8)","decl":{"start":{"line":7,"column":17},"end":{"line":7,"column":24}},"loc":{"start":{"line":7,"column":75},"end":{"line":15,"column":6}}},"2":{"name":"(anonymous_9)","decl":{"start":{"line":7,"column":75},"end":{"line":7,"column":null}},"loc":{"start":{"line":7,"column":75},"end":{"line":15,"column":5}}},"3":{"name":"(anonymous_10)","decl":{"start":{"line":17,"column":16},"end":{"line":17,"column":23}},"loc":{"start":{"line":17,"column":74},"end":{"line":24,"column":6}}},"4":{"name":"(anonymous_11)","decl":{"start":{"line":17,"column":74},"end":{"line":17,"column":null}},"loc":{"start":{"line":17,"column":74},"end":{"line":24,"column":5}}},"5":{"name":"(anonymous_12)","decl":{"start":{"line":25,"column":23},"end":{"line":25,"column":30}},"loc":{"start":{"line":25,"column":61},"end":{"line":29,"column":6}}},"6":{"name":"(anonymous_13)","decl":{"start":{"line":25,"column":61},"end":{"line":25,"column":null}},"loc":{"start":{"line":25,"column":61},"end":{"line":29,"column":5}}},"7":{"name":"(anonymous_14)","decl":{"start":{"line":31,"column":23},"end":{"line":31,"column":30}},"loc":{"start":{"line":31,"column":61},"end":{"line":35,"column":6}}},"8":{"name":"(anonymous_15)","decl":{"start":{"line":31,"column":61},"end":{"line":31,"column":null}},"loc":{"start":{"line":31,"column":61},"end":{"line":35,"column":5}}}},"branchMap":{},"s":{"0":1,"1":1,"2":0,"3":0,"4":0,"5":0,"6":0,"7":0,"8":1,"9":0,"10":0,"11":0,"12":0,"13":0,"14":1,"15":0,"16":0,"17":0,"18":0,"19":1,"20":0,"21":0,"22":0,"23":0,"24":1},"f":{"0":1,"1":0,"2":0,"3":0,"4":0,"5":0,"6":0,"7":0,"8":0},"b":{}}
[...]
,"/home/martin/Desktop/My all/Solvit/github/tasks/Task-management-backend/src/shared/errors/AppError.ts": {"path":"/home/martin/Desktop/My all/Solvit/github/tasks/Task-management-backend/src/shared/errors/AppError.ts","statementMap":{"0":{"start":{"line":5,"column":8},"end":{"line":5,"column":23}},"1":{"start":{"line":6,"column":8},"end":{"line":6,"column":37}},"2":{"start":{"line":7,"column":8},"end":{"line":7,"column":56}},"3":{"start":{"line":1,"column":0},"end":{"line":1,"column":13}}},"fnMap":{"0":{"name":"(anonymous_0)","decl":{"start":{"line":4,"column":4},"end":{"line":4,"column":16}},"loc":{"start":{"line":4,"column":48},"end":{"line":8,"column":5}}}},"branchMap":{"0":{"loc":{"start":{"line":4,"column":33},"end":{"line":4,"column":48}},"type":"default-arg","locations":[{"start":{"line":4,"column":45},"end":{"line":4,"column":48}}]}},"s":{"0":3,"1":3,"2":3,"3":1},"f":{"0":3},"b":{"0":[0]}}
,"/home/martin/Desktop/My all/Solvit/github/tasks/Task-management-backend/src/shared/errors/GlobalErrorHandler.ts": {"path":"/home/martin/Desktop/My all/Solvit/github/tasks/Task-management-backend/src/shared/errors/GlobalErrorHandler.ts","statementMap":{"0":{"start":{"line":2,"column":0},"end":{"line":2,"column":38}},"1":{"start":{"line":4,"column":34},"end":{"line":22,"column":1}},"2":{"start":{"line":10,"column":4},"end":{"line":15,"column":null}},"3":{"start":{"line":11,"column":8},"end":{"line":14,"column":11}},"4":{"start":{"line":17,"column":4},"end":{"line":17,"column":23}},"5":{"start":{"line":18,"column":4},"end":{"line":21,"column":7}},"6":{"start":{"line":4,"column":13},"end":{"line":4,"column":34}}},"fnMap":{"0":{"name":"(anonymous_0)","decl":{"start":{"line":4,"column":34},"end":{"line":4,"column":null}},"loc":{"start":{"line":9,"column":4},"end":{"line":22,"column":1}}}},"branchMap":{"0":{"loc":{"start":{"line":10,"column":4},"end":{"line":15,"column":null}},"type":"if","locations":[{"start":{"line":10,"column":4},"end":{"line":15,"column":null}},{"start":{},"end":{}}]}},"s":{"0":1,"1":1,"2":7,"3":3,"4":4,"5":4,"6":1},"f":{"0":7},"b":{"0":[3,4]}}
,"/home/martin/Desktop/My all/Solvit/github/tasks/Task-management-backend/src/shared/errors/index.ts": {"path":"/home/martin/Desktop/My all/Solvit/github/tasks/Task-management-backend/src/shared/errors/index.ts","statementMap":{"0":{"start":{"line":1,"column":0},"end":{"line":1,"column":27}},"1":{"start":{"line":2,"column":0},"end":{"line":2,"column":37}}},"fnMap":{},"branchMap":{},"s":{"0":1,"1":1},"f":{},"b":{}}
,"/home/martin/Desktop/My all/Solvit/github/tasks/Task-management-backend/src/shared/middlewares/AuthMiddleware.ts": {"path":"/home/martin/Desktop/My all/Solvit/github/tasks/Task-management-backend/src/shared/middlewares/AuthMiddleware.ts","statementMap":{"0":{"start":{"line":2,"column":0},"end":{"line":2,"column":49}},"1":{"start":{"line":3,"column":0},"end":{"line":3,"column":37}},"2":{"start":{"line":6,"column":30},"end":{"line":25,"column":1}},"3":{"start":{"line":11,"column":19},"end":{"line":11,"column":44}},"4":{"start":{"line":12,"column":4},"end":{"line":14,"column":null}},"5":{"start":{"line":13,"column":8},"end":{"line":13,"column":48}},"6":{"start":{"line":16,"column":18},"end":{"line":16,"column":38}},"7":{"start":{"line":18,"column":4},"end":{"line":24,"column":null}},"8":{"start":{"line":19,"column":24},"end":{"line":19,"column":70}},"9":{"start":{"line":20,"column":8},"end":{"line":20,"column":27}},"10":{"start":{"line":21,"column":8},"end":{"line":21,"column":15}},"11":{"start":{"line":23,"column":8},"end":{"line":23,"column":60}},"12":{"start":{"line":6,"column":13},"end":{"line":6,"column":30}}},"fnMap":{"0":{"name":"(anonymous_0)","decl":{"start":{"line":6,"column":30},"end":{"line":6,"column":null}},"loc":{"start":{"line":10,"column":4},"end":{"line":25,"column":1}}}},"branchMap":{"0":{"loc":{"start":{"line":12,"column":4},"end":{"line":14,"column":null}},"type":"if","locations":[{"start":{"line":12,"column":4},"end":{"line":14,"column":null}},{"start":{},"end":{}}]},"1":{"loc":{"start":{"line":12,"column":8},"end":{"line":12,"column":48}},"type":"binary-expr","locations":[{"start":{"line":12,"column":8},"end":{"line":12,"column":15}},{"start":{"line":12,"column":19},"end":{"line":12,"column":48}}]}},"s":{"0":1,"1":1,"2":1,"3":0,"4":0,"5":0,"6":0,"7":0,"8":0,"9":0,"10":0,"11":0,"12":1},"f":{"0":0},"b":{"0":[0,0],"1":[0,0]}}
,"/home/martin/Desktop/My all/Solvit/github/tasks/Task-management-backend/src/shared/middlewares/RbacMiddleware.ts": {"path":"/home/martin/Desktop/My all/Solvit/github/tasks/Task-management-backend/src/shared/middlewares/RbacMiddleware.ts","statementMap":{"0":{"start":{"line":2,"column":0},"end":{"line":2,"column":37}},"1":{"start":{"line":3,"column":0},"end":{"line":3,"column":49}},"2":{"start":{"line":4,"column":0},"end":{"line":4,"column":49}},"3":{"start":{"line":5,"column":0},"end":{"line":5,"column":55}},"4":{"start":{"line":11,"column":30},"end":{"line":40,"column":6}},"5":{"start":{"line":12,"column":4},"end":{"line":40,"column":6}},"6":{"start":{"line":12,"column":62},"end":{"line":40,"column":6}},"7":{"start":{"line":13,"column":8},"end":{"line":15,"column":null}},"8":{"start":{"line":14,"column":12},"end":{"line":14,"column":52}},"9":{"start":{"line":17,"column":21},"end":{"line":23,"column":27}},"10":{"start":{"line":25,"column":8},"end":{"line":25,"column":61}},"11":{"start":{"line":25,"column":19},"end":{"line":25,"column":61}},"12":{"start":{"line":27,"column":28},"end":{"line":27,"column":45}},"13":{"start":{"line":29,"column":8},"end":{"line":33,"column":11}},"14":{"start":{"line":30,"column":12},"end":{"line":32,"column":15}},"15":{"start":{"line":31,"column":16},"end":{"line":31,"column":43}},"16":{"start":{"line":35,"column":8},"end":{"line":37,"column":null}},"17":{"start":{"line":36,"column":12},"end":{"line":36,"column":49}},"18":{"start":{"line":39,"column":8},"end":{"line":39,"column":15}},"19":{"start":{"line":11,"column":13},"end":{"line":11,"column":30}}},"fnMap":{"0":{"name":"(anonymous_7)","decl":{"start":{"line":11,"column":30},"end":{"line":11,"column":31}},"loc":{"start":{"line":12,"column":4},"end":{"line":40,"column":6}}},"1":{"name":"(anonymous_8)","decl":{"start":{"line":12,"column":4},"end":{"line":12,"column":11}},"loc":{"start":{"line":12,"column":62},"end":{"line":40,"column":6}}},"2":{"name":"(anonymous_9)","decl":{"start":{"line":12,"column":62},"end":{"line":12,"column":null}},"loc":{"start":{"line":12,"column":62},"end":{"line":40,"column":5}}},"3":{"name":"(anonymous_10)","decl":{"start":{"line":29,"column":35},"end":{"line":29,"column":36}},"loc":{"start":{"line":29,"column":44},"end":{"line":33,"column":9}}},"4":{"name":"(anonymous_11)","decl":{"start":{"line":30,"column":45},"end":{"line":30,"column":46}},"loc":{"start":{"line":30,"column":54},"end":{"line":32,"column":13}}}},"branchMap":{"0":{"loc":{"start":{"line":13,"column":8},"end":{"line":15,"column":null}},"type":"if","locations":[{"start":{"line":13,"column":8},"end":{"line":15,"column":null}},{"start":{},"end":{}}]},"1":{"loc":{"start":{"line":25,"column":8},"end":{"line":25,"column":61}},"type":"if","locations":[{"start":{"line":25,"column":8},"end":{"line":25,"column":61}},{"start":{},"end":{}}]},"2":{"loc":{"start":{"line":29,"column":9},"end":{"line":29,"column":25}},"type":"binary-expr","locations":[{"start":{"line":29,"column":9},"end":{"line":29,"column":19}},{"start":{"line":29,"column":23},"end":{"line":29,"column":25}}]},"3":{"loc":{"start":{"line":30,"column":13},"end":{"line":30,"column":35}},"type":"binary-expr","locations":[{"start":{"line":30,"column":13},"end":{"line":30,"column":29}},{"start":{"line":30,"column":33},"end":{"line":30,"column":35}}]},"4":{"loc":{"start":{"line":35,"column":8},"end":{"line":37,"column":null}},"type":"if","locations":[{"start":{"line":35,"column":8},"end":{"line":37,"column":null}},{"start":{},"end":{}}]}},"s":{"0":1,"1":1,"2":1,"3":1,"4":1,"5":5,"6":0,"7":0,"8":0,"9":0,"10":0,"11":0,"12":0,"13":0,"14":0,"15":0,"16":0,"17":0,"18":0,"19":1},"f":{"0":5,"1":0,"2":0,"3":0,"4":0},"b":{"0":[0,0],"1":[0,0],"2":[0,0],"3":[0,0],"4":[0,0]}}
,"/home/martin/Desktop/My all/Solvit/github/tasks/Task-management-backend/src/shared/middlewares/index.ts": {"path":"/home/martin/Desktop/My all/Solvit/github/tasks/Task-management-backend/src/shared/middlewares/index.ts","statementMap":{"0":{"start":{"line":1,"column":0},"end":{"line":1,"column":33}},"1":{"start":{"line":2,"column":0},"end":{"line":2,"column":33}}},"fnMap":{},"branchMap":{},"s":{"0":1,"1":1},"f":{},"b":{}}
,"/home/martin/Desktop/My all/Solvit/github/tasks/Task-management-backend/src/shared/utils/auditLogger.ts": {"path":"/home/martin/Desktop/My all/Solvit/github/tasks/Task-management-backend/src/shared/utils/auditLogger.ts","statementMap":{"0":{"start":{"line":1,"column":0},"end":{"line":1,"column":53}},"1":{"start":{"line":11,"column":24},"end":{"line":29,"column":2}},"2":{"start":{"line":17,"column":35},"end":{"line":29,"column":2}},"3":{"start":{"line":18,"column":2},"end":{"line":28,"column":null}},"4":{"start":{"line":19,"column":4},"end":{"line":25,"column":7}},"5":{"start":{"line":27,"column":4},"end":{"line":27,"column":65}},"6":{"start":{"line":11,"column":13},"end":{"line":11,"column":24}}},"fnMap":{"0":{"name":"(anonymous_7)","decl":{"start":{"line":11,"column":24},"end":{"line":11,"column":31}},"loc":{"start":{"line":17,"column":35},"end":{"line":29,"column":2}}},"1":{"name":"(anonymous_8)","decl":{"start":{"line":17,"column":35},"end":{"line":17,"column":null}},"loc":{"start":{"line":17,"column":35},"end":{"line":29,"column":1}}}},"branchMap":{"0":{"loc":{"start":{"line":16,"column":2},"end":{"line":16,"column":14}},"type":"default-arg","locations":[{"start":{"line":16,"column":12},"end":{"line":16,"column":14}}]}},"s":{"0":1,"1":1,"2":0,"3":0,"4":0,"5":0,"6":1},"f":{"0":0,"1":0},"b":{"0":[0]}}
,"/home/martin/Desktop/My all/Solvit/github/tasks/Task-management-backend/src/shared/utils/jwt.ts": {"path":"/home/martin/Desktop/My all/Solvit/github/tasks/Task-management-backend/src/shared/utils/jwt.ts","statementMap":{"0":{"start":{"line":1,"column":0},"end":{"line":1,"column":47}},"1":{"start":{"line":3,"column":0},"end":{"line":3,"column":52}},"2":{"start":{"line":6,"column":35},"end":{"line":17,"column":1}},"3":{"start":{"line":9,"column":4},"end":{"line":16,"column":6}},"4":{"start":{"line":6,"column":13},"end":{"line":6,"column":35}},"5":{"start":{"line":32,"column":36},"end":{"line":39,"column":1}},"6":{"start":{"line":35,"column":2},"end":{"line":38,"column":5}},"7":{"start":{"line":32,"column":13},"end":{"line":32,"column":36}},"8":{"start":{"line":41,"column":33},"end":{"line":43,"column":1}},"9":{"start":{"line":42,"column":4},"end":{"line":42,"column":67}},"10":{"start":{"line":41,"column":13},"end":{"line":41,"column":33}},"11":{"start":{"line":45,"column":34},"end":{"line":52,"column":1}},"12":{"start":{"line":48,"column":4},"end":{"line":51,"column":29}},"13":{"start":{"line":45,"column":13},"end":{"line":45,"column":34}}},"fnMap":{"0":{"name":"(anonymous_1)","decl":{"start":{"line":6,"column":35},"end":{"line":6,"column":null}},"loc":{"start":{"line":8,"column":12},"end":{"line":17,"column":1}}},"1":{"name":"(anonymous_2)","decl":{"start":{"line":32,"column":36},"end":{"line":32,"column":null}},"loc":{"start":{"line":34,"column":12},"end":{"line":39,"column":1}}},"2":{"name":"(anonymous_3)","decl":{"start":{"line":41,"column":33},"end":{"line":41,"column":34}},"loc":{"start":{"line":41,"column":63},"end":{"line":43,"column":1}}},"3":{"name":"(anonymous_4)","decl":{"start":{"line":45,"column":34},"end":{"line":45,"column":null}},"loc":{"start":{"line":47,"column":25},"end":{"line":52,"column":1}}}},"branchMap":{},"s":{"0":1,"1":1,"2":1,"3":5,"4":1,"5":1,"6":5,"7":1,"8":1,"9":0,"10":1,"11":1,"12":0,"13":1},"f":{"0":5,"1":5,"2":0,"3":0},"b":{}}
,"/home/martin/Desktop/My all/Solvit/github/tasks/Task-management-backend/src/shared/utils/password.ts": {"path":"/home/martin/Desktop/My all/Solvit/github/tasks/Task-management-backend/src/shared/utils/password.ts","statementMap":{"0":{"start":{"line":1,"column":0},"end":{"line":1,"column":30}},"1":{"start":{"line":2,"column":0},"end":{"line":2,"column":39}},"2":{"start":{"line":5,"column":28},"end":{"line":7,"column":2}},"3":{"start":{"line":5,"column":72},"end":{"line":7,"column":2}},"4":{"start":{"line":6,"column":4},"end":{"line":6,"column":57}},"5":{"start":{"line":5,"column":13},"end":{"line":5,"column":28}},"6":{"start":{"line":9,"column":31},"end":{"line":18,"column":2}},"7":{"start":{"line":12,"column":22},"end":{"line":18,"column":2}},"8":{"start":{"line":13,"column":4},"end":{"line":15,"column":null}},"9":{"start":{"line":14,"column":8},"end":{"line":14,"column":21}},"10":{"start":{"line":17,"column":4},"end":{"line":17,"column":42}},"11":{"start":{"line":9,"column":13},"end":{"line":9,"column":31}}},"fnMap":{"0":{"name":"(anonymous_8)","decl":{"start":{"line":5,"column":28},"end":{"line":5,"column":35}},"loc":{"start":{"line":5,"column":72},"end":{"line":7,"column":2}}},"1":{"name":"(anonymous_9)","decl":{"start":{"line":5,"column":72},"end":{"line":5,"column":null}},"loc":{"start":{"line":5,"column":72},"end":{"line":7,"column":1}}},"2":{"name":"(anonymous_10)","decl":{"start":{"line":9,"column":31},"end":{"line":9,"column":null}},"loc":{"start":{"line":12,"column":22},"end":{"line":18,"column":2}}},"3":{"name":"(anonymous_11)","decl":{"start":{"line":12,"column":22},"end":{"line":12,"column":null}},"loc":{"start":{"line":12,"column":22},"end":{"line":18,"column":1}}}},"branchMap":{"0":{"loc":{"start":{"line":13,"column":4},"end":{"line":15,"column":null}},"type":"if","locations":[{"start":{"line":13,"column":4},"end":{"line":15,"column":null}},{"start":{},"end":{}}]},"1":{"loc":{"start":{"line":13,"column":8},"end":{"line":13,"column":26}},"type":"binary-expr","locations":[{"start":{"line":13,"column":8},"end":{"line":13,"column":17}},{"start":{"line":13,"column":21},"end":{"line":13,"column":26}}]}},"s":{"0":1,"1":1,"2":1,"3":0,"4":0,"5":1,"6":1,"7":5,"8":5,"9":0,"10":5,"11":1},"f":{"0":0,"1":0,"2":5,"3":5},"b":{"0":[0,5],"1":[5,5]}}
,"/home/martin/Desktop/My all/Solvit/github/tasks/Task-management-backend/src/shared/utils/tokenExpiry.ts": {"path":"/home/martin/Desktop/My all/Solvit/github/tasks/Task-management-backend/src/shared/utils/tokenExpiry.ts","statementMap":{"0":{"start":{"line":1,"column":0},"end":{"line":1,"column":20}},"1":{"start":{"line":3,"column":41},"end":{"line":13,"column":1}},"2":{"start":{"line":4,"column":14},"end":{"line":4,"column":51}},"3":{"start":{"line":6,"column":16},"end":{"line":6,"column":41}},"4":{"start":{"line":8,"column":2},"end":{"line":10,"column":null}},"5":{"start":{"line":9,"column":4},"end":{"line":9,"column":55}},"6":{"start":{"line":12,"column":2},"end":{"line":12,"column":38}},"7":{"start":{"line":3,"column":13},"end":{"line":3,"column":41}}},"fnMap":{"0":{"name":"(anonymous_1)","decl":{"start":{"line":3,"column":41},"end":{"line":3,"column":50}},"loc":{"start":{"line":3,"column":52},"end":{"line":13,"column":1}}}},"branchMap":{"0":{"loc":{"start":{"line":4,"column":14},"end":{"line":4,"column":51}},"type":"cond-expr","locations":[{"start":{"line":4,"column":43},"end":{"line":4,"column":47}},{"start":{"line":4,"column":47},"end":{"line":4,"column":51}}]},"1":{"loc":{"start":{"line":4,"column":14},"end":{"line":4,"column":47}},"type":"binary-expr","locations":[{"start":{"line":4,"column":14},"end":{"line":4,"column":47}},{"start":{"line":4,"column":43},"end":{"line":4,"column":47}}]},"2":{"loc":{"start":{"line":8,"column":2},"end":{"line":10,"column":null}},"type":"if","locations":[{"start":{"line":8,"column":2},"end":{"line":10,"column":null}},{"start":{},"end":{}}]}},"s":{"0":1,"1":1,"2":0,"3":0,"4":0,"5":0,"6":0,"7":1},"f":{"0":0},"b":{"0":[0,0],"1":[0,0],"2":[0,0]}}
,"/home/martin/Desktop/My all/Solvit/github/tasks/Task-management-backend/test-utils/seedAdmin.ts": {"path":"/home/martin/Desktop/My all/Solvit/github/tasks/Task-management-backend/test-utils/seedAdmin.ts","statementMap":{"0":{"start":{"line":1,"column":0},"end":{"line":1,"column":36}},"1":{"start":{"line":2,"column":0},"end":{"line":2,"column":30}},"2":{"start":{"line":3,"column":0},"end":{"line":3,"column":70}},"3":{"start":{"line":4,"column":0},"end":{"line":4,"column":130}},"4":{"start":{"line":6,"column":25},"end":{"line":63,"column":2}},"5":{"start":{"line":6,"column":36},"end":{"line":63,"column":2}},"6":{"start":{"line":7,"column":12},"end":{"line":7,"column":41}},"7":{"start":{"line":8,"column":2},"end":{"line":62,"column":null}},"8":{"start":{"line":10,"column":20},"end":{"line":10,"column":89}},"9":{"start":{"line":11,"column":4},"end":{"line":17,"column":null}},"10":{"start":{"line":12,"column":6},"end":{"line":16,"column":29}},"11":{"start":{"line":19,"column":20},"end":{"line":19,"column":99}},"12":{"start":{"line":20,"column":4},"end":{"line":29,"column":null}},"13":{"start":{"line":21,"column":29},"end":{"line":21,"column":63}},"14":{"start":{"line":22,"column":6},"end":{"line":28,"column":29}},"15":{"start":{"line":31,"column":21},"end":{"line":34,"column":6}},"16":{"start":{"line":36,"column":4},"end":{"line":41,"column":null}},"17":{"start":{"line":37,"column":6},"end":{"line":40,"column":29}},"18":{"start":{"line":43,"column":27},"end":{"line":43,"column":76}},"19":{"start":{"line":44,"column":4},"end":{"line":55,"column":null}},"20":{"start":{"line":45,"column":23},"end":{"line":48,"column":8}},"21":{"start":{"line":49,"column":6},"end":{"line":54,"column":null}},"22":{"start":{"line":50,"column":8},"end":{"line":53,"column":31}},"23":{"start":{"line":57,"column":4},"end":{"line":57,"column":21}},"24":{"start":{"line":58,"column":4},"end":{"line":58,"column":50}},"25":{"start":{"line":60,"column":4},"end":{"line":60,"column":23}},"26":{"start":{"line":61,"column":4},"end":{"line":61,"column":55}},"27":{"start":{"line":6,"column":13},"end":{"line":6,"column":25}}},"fnMap":{"0":{"name":"(anonymous_8)","decl":{"start":{"line":6,"column":25},"end":{"line":6,"column":34}},"loc":{"start":{"line":6,"column":36},"end":{"line":63,"column":2}}},"1":{"name":"(anonymous_9)","decl":{"start":{"line":6,"column":36},"end":{"line":6,"column":null}},"loc":{"start":{"line":6,"column":36},"end":{"line":63,"column":1}}}},"branchMap":{"0":{"loc":{"start":{"line":11,"column":4},"end":{"line":17,"column":null}},"type":"if","locations":[{"start":{"line":11,"column":4},"end":{"line":17,"column":null}},{"start":{},"end":{}}]},"1":{"loc":{"start":{"line":20,"column":4},"end":{"line":29,"column":null}},"type":"if","locations":[{"start":{"line":20,"column":4},"end":{"line":29,"column":null}},{"start":{},"end":{}}]},"2":{"loc":{"start":{"line":36,"column":4},"end":{"line":41,"column":null}},"type":"if","locations":[{"start":{"line":36,"column":4},"end":{"line":41,"column":null}},{"start":{},"end":{}}]},"3":{"loc":{"start":{"line":49,"column":6},"end":{"line":54,"column":null}},"type":"if","locations":[{"start":{"line":49,"column":6},"end":{"line":54,"column":null}},{"start":{},"end":{}}]}},"s":{"0":2,"1":2,"2":2,"3":2,"4":2,"5":2,"6":2,"7":2,"8":2,"9":2,"10":2,"11":2,"12":2,"13":2,"14":2,"15":2,"16":2,"17":2,"18":2,"19":2,"20":0,"21":0,"22":0,"23":2,"24":2,"25":0,"26":0,"27":2},"f":{"0":2,"1":2},"b":{"0":[2,0],"1":[2,0],"2":[2,0],"3":[0,0]}}
}
