{"C:\\Users\\ntezi\\Desktop\\solvit\\2026\\my\\Task-management-backend\\src\\app.ts": {"path":"C:\\Users\\ntezi\\Desktop\\solvit\\2026\\my\\Task-management-backend\\src\\app.ts","statementMap":{"0":{"start":{"line":1,"column":0},"end":{"line":1,"column":30}},"1":{"start":{"line":2,"column":0},"end":{"line":2,"column":37}},"2":{"start":{"line":3,"column":0},"end":{"line":3,"column":63}},"3":{"start":{"line":4,"column":0},"end":{"line":4,"column":63}},"4":{"start":{"line":5,"column":0},"end":{"line":5,"column":63}},"5":{"start":{"line":6,"column":0},"end":{"line":6,"column":74}},"6":{"start":{"line":7,"column":0},"end":{"line":7,"column":71}},"7":{"start":{"line":8,"column":0},"end":{"line":8,"column":65}},"8":{"start":{"line":9,"column":0},"end":{"line":9,"column":69}},"9":{"start":{"line":10,"column":0},"end":{"line":10,"column":77}},"10":{"start":{"line":11,"column":0},"end":{"line":11,"column":63}},"11":{"start":{"line":12,"column":0},"end":{"line":12,"column":83}},"12":{"start":{"line":14,"column":0},"end":{"line":14,"column":72}},"13":{"start":{"line":16,"column":12},"end":{"line":16,"column":21}},"14":{"start":{"line":18,"column":0},"end":{"line":18,"column":24}},"15":{"start":{"line":19,"column":0},"end":{"line":19,"column":27}},"16":{"start":{"line":21,"column":0},"end":{"line":21,"column":33}},"17":{"start":{"line":22,"column":0},"end":{"line":22,"column":34}},"18":{"start":{"line":23,"column":0},"end":{"line":23,"column":34}},"19":{"start":{"line":24,"column":0},"end":{"line":24,"column":46}},"20":{"start":{"line":25,"column":0},"end":{"line":25,"column":43}},"21":{"start":{"line":26,"column":0},"end":{"line":26,"column":35}},"22":{"start":{"line":27,"column":0},"end":{"line":27,"column":40}},"23":{"start":{"line":28,"column":0},"end":{"line":28,"column":48}},"24":{"start":{"line":29,"column":0},"end":{"line":29,"column":34}},"25":{"start":{"line":30,"column":0},"end":{"line":30,"column":null}},"26":{"start":{"line":31,"column":0},"end":{"line":31,"column":null}},"27":{"start":{"line":34,"column":0},"end":{"line":34,"column":19}}},"fnMap":{},"branchMap":{},"s":{"0":1,"1":1,"2":1,"3":1,"4":1,"5":1,"6":1,"7":1,"8":1,"9":1,"10":1,"11":1,"12":1,"13":1,"14":1,"15":1,"16":1,"17":1,"18":1,"19":1,"20":1,"21":1,"22":1,"23":1,"24":1,"25":1,"26":1,"27":1},"f":{},"b":{}}
,"C:\\Users\\ntezi\\Desktop\\solvit\\2026\\my\\Task-management-backend\\src\\application\\services\\ActivityService.ts": {"path":"C:\\Users\\ntezi\\Desktop\\solvit\\2026\\my\\Task-management-backend\\src\\application\\services\\ActivityService.ts","statementMap":{"0":{"start":{"line":2,"column":0},"end":{"line":2,"column":58}},"1":{"start":{"line":5,"column":31},"end":{"line":5,"column":56}},"2":{"start":{"line":13,"column":21},"end":{"line":13,"column":44}},"3":{"start":{"line":14,"column":4},"end":{"line":14,"column":37}},"4":{"start":{"line":18,"column":4},"end":{"line":18,"column":36}},"5":{"start":{"line":22,"column":4},"end":{"line":22,"column":47}},"6":{"start":{"line":4,"column":0},"end":{"line":4,"column":13}}},"fnMap":{"0":{"name":"(anonymous_7)","decl":{"start":{"line":5,"column":2},"end":{"line":5,"column":31}},"loc":{"start":{"line":5,"column":56},"end":{"line":5,"column":60}}},"1":{"name":"(anonymous_8)","decl":{"start":{"line":7,"column":8},"end":{"line":7,"column":14}},"loc":{"start":{"line":12,"column":3},"end":{"line":15,"column":null}}},"2":{"name":"(anonymous_10)","decl":{"start":{"line":17,"column":2},"end":{"line":17,"column":8}},"loc":{"start":{"line":17,"column":23},"end":{"line":19,"column":3}}},"3":{"name":"(anonymous_11)","decl":{"start":{"line":21,"column":2},"end":{"line":21,"column":11}},"loc":{"start":{"line":21,"column":42},"end":{"line":23,"column":3}}}},"branchMap":{},"s":{"0":1,"1":1,"2":0,"3":0,"4":0,"5":0,"6":1},"f":{"0":1,"1":0,"2":0,"3":0},"b":{}}
,"C:\\Users\\ntezi\\Desktop\\solvit\\2026\\my\\Task-management-backend\\src\\application\\services\\AudithLogService.ts": {"path":"C:\\Users\\ntezi\\Desktop\\solvit\\2026\\my\\Task-management-backend\\src\\application\\services\\AudithLogService.ts","statementMap":{"0":{"start":{"line":2,"column":0},"end":{"line":2,"column":40}},"1":{"start":{"line":5,"column":24},"end":{"line":5,"column":54}},"2":{"start":{"line":14,"column":20},"end":{"line":19,"column":null}},"3":{"start":{"line":22,"column":8},"end":{"line":22,"column":42}},"4":{"start":{"line":4,"column":0},"end":{"line":4,"column":13}}},"fnMap":{"0":{"name":"(anonymous_7)","decl":{"start":{"line":5,"column":4},"end":{"line":5,"column":24}},"loc":{"start":{"line":5,"column":54},"end":{"line":5,"column":58}}},"1":{"name":"(anonymous_8)","decl":{"start":{"line":7,"column":10},"end":{"line":7,"column":19}},"loc":{"start":{"line":13,"column":5},"end":{"line":23,"column":null}}}},"branchMap":{},"s":{"0":1,"1":1,"2":0,"3":0,"4":1},"f":{"0":1,"1":0},"b":{}}
,"C:\\Users\\ntezi\\Desktop\\solvit\\2026\\my\\Task-management-backend\\src\\application\\services\\AurhService.ts": {"path":"C:\\Users\\ntezi\\Desktop\\solvit\\2026\\my\\Task-management-backend\\src\\application\\services\\AurhService.ts","statementMap":{"0":{"start":{"line":2,"column":0},"end":{"line":2,"column":62}},"1":{"start":{"line":3,"column":0},"end":{"line":3,"column":103}},"2":{"start":{"line":4,"column":0},"end":{"line":4,"column":91}},"3":{"start":{"line":5,"column":0},"end":{"line":5,"column":40}},"4":{"start":{"line":6,"column":0},"end":{"line":6,"column":60}},"5":{"start":{"line":7,"column":0},"end":{"line":7,"column":31}},"6":{"start":{"line":18,"column":16},"end":{"line":18,"column":41}},"7":{"start":{"line":22,"column":21},"end":{"line":22,"column":59}},"8":{"start":{"line":23,"column":8},"end":{"line":23,"column":64}},"9":{"start":{"line":23,"column":18},"end":{"line":23,"column":64}},"10":{"start":{"line":25,"column":22},"end":{"line":25,"column":68}},"11":{"start":{"line":26,"column":8},"end":{"line":26,"column":66}},"12":{"start":{"line":26,"column":19},"end":{"line":26,"column":66}},"13":{"start":{"line":28,"column":29},"end":{"line":30,"column":26}},"14":{"start":{"line":32,"column":22},"end":{"line":32,"column":71}},"15":{"start":{"line":32,"column":55},"end":{"line":32,"column":64}},"16":{"start":{"line":34,"column":50},"end":{"line":37,"column":10}},"17":{"start":{"line":38,"column":28},"end":{"line":38,"column":62}},"18":{"start":{"line":40,"column":52},"end":{"line":44,"column":10}},"19":{"start":{"line":45,"column":29},"end":{"line":45,"column":65}},"20":{"start":{"line":47,"column":26},"end":{"line":47,"column":36}},"21":{"start":{"line":48,"column":8},"end":{"line":48,"column":51}},"22":{"start":{"line":50,"column":8},"end":{"line":54,"column":11}},"23":{"start":{"line":56,"column":8},"end":{"line":56,"column":50}},"24":{"start":{"line":61,"column":29},"end":{"line":66,"column":10}},"25":{"start":{"line":68,"column":8},"end":{"line":70,"column":null}},"26":{"start":{"line":69,"column":12},"end":{"line":69,"column":61}},"27":{"start":{"line":72,"column":8},"end":{"line":72,"column":54}},"28":{"start":{"line":77,"column":23},"end":{"line":83,"column":10}},"29":{"start":{"line":85,"column":8},"end":{"line":87,"column":null}},"30":{"start":{"line":86,"column":12},"end":{"line":86,"column":72}},"31":{"start":{"line":91,"column":8},"end":{"line":98,"column":null}},"32":{"start":{"line":92,"column":12},"end":{"line":92,"column":55}},"33":{"start":{"line":93,"column":12},"end":{"line":93,"column":95}},"34":{"start":{"line":93,"column":49},"end":{"line":93,"column":95}},"35":{"start":{"line":96,"column":12},"end":{"line":96,"column":77}},"36":{"start":{"line":96,"column":71},"end":{"line":96,"column":75}},"37":{"start":{"line":97,"column":12},"end":{"line":97,"column":72}},"38":{"start":{"line":101,"column":8},"end":{"line":101,"column":73}},"39":{"start":{"line":101,"column":67},"end":{"line":101,"column":71}},"40":{"start":{"line":104,"column":21},"end":{"line":106,"column":34}},"41":{"start":{"line":108,"column":8},"end":{"line":108,"column":91}},"42":{"start":{"line":108,"column":37},"end":{"line":108,"column":91}},"43":{"start":{"line":111,"column":22},"end":{"line":111,"column":59}},"44":{"start":{"line":111,"column":52},"end":{"line":111,"column":58}},"45":{"start":{"line":113,"column":31},"end":{"line":113,"column":75}},"46":{"start":{"line":114,"column":32},"end":{"line":114,"column":102}},"47":{"start":{"line":117,"column":8},"end":{"line":121,"column":75}},"48":{"start":{"line":121,"column":26},"end":{"line":121,"column":73}},"49":{"start":{"line":123,"column":8},"end":{"line":123,"column":78}},"50":{"start":{"line":16,"column":0},"end":{"line":16,"column":13}}},"fnMap":{"0":{"name":"(anonymous_7)","decl":{"start":{"line":17,"column":4},"end":{"line":17,"column":null}},"loc":{"start":{"line":18,"column":41},"end":{"line":19,"column":8}}},"1":{"name":"(anonymous_8)","decl":{"start":{"line":21,"column":10},"end":{"line":21,"column":15}},"loc":{"start":{"line":21,"column":47},"end":{"line":58,"column":null}}},"2":{"name":"(anonymous_10)","decl":{"start":{"line":32,"column":47},"end":{"line":32,"column":51}},"loc":{"start":{"line":32,"column":55},"end":{"line":32,"column":64}}},"3":{"name":"(anonymous_11)","decl":{"start":{"line":60,"column":10},"end":{"line":60,"column":16}},"loc":{"start":{"line":60,"column":37},"end":{"line":73,"column":null}}},"4":{"name":"(anonymous_13)","decl":{"start":{"line":75,"column":10},"end":{"line":75,"column":22}},"loc":{"start":{"line":75,"column":43},"end":{"line":124,"column":null}}},"5":{"name":"(anonymous_15)","decl":{"start":{"line":96,"column":65},"end":{"line":96,"column":68}},"loc":{"start":{"line":96,"column":71},"end":{"line":96,"column":75}}},"6":{"name":"(anonymous_16)","decl":{"start":{"line":101,"column":61},"end":{"line":101,"column":64}},"loc":{"start":{"line":101,"column":67},"end":{"line":101,"column":71}}},"7":{"name":"(anonymous_17)","decl":{"start":{"line":111,"column":45},"end":{"line":111,"column":46}},"loc":{"start":{"line":111,"column":52},"end":{"line":111,"column":58}}},"8":{"name":"(anonymous_18)","decl":{"start":{"line":121,"column":17},"end":{"line":121,"column":18}},"loc":{"start":{"line":121,"column":26},"end":{"line":121,"column":73}}}},"branchMap":{"0":{"loc":{"start":{"line":23,"column":8},"end":{"line":23,"column":64}},"type":"if","locations":[{"start":{"line":23,"column":8},"end":{"line":23,"column":64}},{"start":{},"end":{}}]},"1":{"loc":{"start":{"line":26,"column":8},"end":{"line":26,"column":66}},"type":"if","locations":[{"start":{"line":26,"column":8},"end":{"line":26,"column":66}},{"start":{},"end":{}}]},"2":{"loc":{"start":{"line":32,"column":22},"end":{"line":32,"column":71}},"type":"binary-expr","locations":[{"start":{"line":32,"column":22},"end":{"line":32,"column":65}},{"start":{"line":32,"column":69},"end":{"line":32,"column":71}}]},"3":{"loc":{"start":{"line":32,"column":22},"end":{"line":32,"column":65}},"type":"cond-expr","locations":[{"start":{"line":32,"column":41},"end":{"line":32,"column":43}},{"start":{"line":32,"column":41},"end":{"line":32,"column":65}}]},"4":{"loc":{"start":{"line":32,"column":22},"end":{"line":32,"column":43}},"type":"binary-expr","locations":[{"start":{"line":32,"column":22},"end":{"line":32,"column":43}},{"start":{"line":32,"column":41},"end":{"line":32,"column":43}}]},"5":{"loc":{"start":{"line":32,"column":22},"end":{"line":32,"column":41}},"type":"cond-expr","locations":[{"start":{"line":32,"column":34},"end":{"line":32,"column":36}},{"start":{"line":32,"column":22},"end":{"line":32,"column":41}}]},"6":{"loc":{"start":{"line":32,"column":22},"end":{"line":32,"column":36}},"type":"binary-expr","locations":[{"start":{"line":32,"column":22},"end":{"line":32,"column":36}},{"start":{"line":32,"column":22},"end":{"line":32,"column":36}}]},"7":{"loc":{"start":{"line":68,"column":8},"end":{"line":70,"column":null}},"type":"if","locations":[{"start":{"line":68,"column":8},"end":{"line":70,"column":null}},{"start":{},"end":{}}]},"8":{"loc":{"start":{"line":85,"column":8},"end":{"line":87,"column":null}},"type":"if","locations":[{"start":{"line":85,"column":8},"end":{"line":87,"column":null}},{"start":{},"end":{}}]},"9":{"loc":{"start":{"line":93,"column":12},"end":{"line":93,"column":95}},"type":"if","locations":[{"start":{"line":93,"column":12},"end":{"line":93,"column":95}},{"start":{},"end":{}}]},"10":{"loc":{"start":{"line":108,"column":8},"end":{"line":108,"column":91}},"type":"if","locations":[{"start":{"line":108,"column":8},"end":{"line":108,"column":91}},{"start":{},"end":{}}]},"11":{"loc":{"start":{"line":108,"column":12},"end":{"line":108,"column":35}},"type":"binary-expr","locations":[{"start":{"line":108,"column":12},"end":{"line":108,"column":17}},{"start":{"line":108,"column":21},"end":{"line":108,"column":35}}]},"12":{"loc":{"start":{"line":111,"column":23},"end":{"line":111,"column":39}},"type":"binary-expr","locations":[{"start":{"line":111,"column":23},"end":{"line":111,"column":33}},{"start":{"line":111,"column":37},"end":{"line":111,"column":39}}]}},"s":{"0":1,"1":1,"2":1,"3":1,"4":1,"5":1,"6":1,"7":6,"8":6,"9":1,"10":5,"11":5,"12":0,"13":5,"14":5,"15":5,"16":5,"17":5,"18":5,"19":5,"20":5,"21":5,"22":5,"23":5,"24":5,"25":5,"26":2,"27":3,"28":2,"29":2,"30":1,"31":1,"32":1,"33":1,"34":0,"35":0,"36":0,"37":0,"38":1,"39":0,"40":1,"41":1,"42":0,"43":1,"44":1,"45":1,"46":1,"47":1,"48":1,"49":1,"50":1},"f":{"0":1,"1":6,"2":5,"3":5,"4":2,"5":0,"6":0,"7":1,"8":1},"b":{"0":[1,5],"1":[0,5],"2":[5,0],"3":[0,5],"4":[5,5],"5":[0,5],"6":[5,5],"7":[2,3],"8":[1,1],"9":[0,1],"10":[0,1],"11":[1,1],"12":[1,0]}}
,"C:\\Users\\ntezi\\Desktop\\solvit\\2026\\my\\Task-management-backend\\src\\application\\services\\BoardService.ts": {"path":"C:\\Users\\ntezi\\Desktop\\solvit\\2026\\my\\Task-management-backend\\src\\application\\services\\BoardService.ts","statementMap":{"0":{"start":{"line":2,"column":0},"end":{"line":2,"column":52}},"1":{"start":{"line":5,"column":31},"end":{"line":5,"column":58}},"2":{"start":{"line":8,"column":18},"end":{"line":8,"column":38}},"3":{"start":{"line":9,"column":4},"end":{"line":9,"column":40}},"4":{"start":{"line":13,"column":4},"end":{"line":13,"column":39}},"5":{"start":{"line":17,"column":4},"end":{"line":17,"column":58}},"6":{"start":{"line":4,"column":0},"end":{"line":4,"column":13}}},"fnMap":{"0":{"name":"(anonymous_7)","decl":{"start":{"line":5,"column":2},"end":{"line":5,"column":31}},"loc":{"start":{"line":5,"column":58},"end":{"line":5,"column":62}}},"1":{"name":"(anonymous_8)","decl":{"start":{"line":7,"column":8},"end":{"line":7,"column":14}},"loc":{"start":{"line":7,"column":58},"end":{"line":10,"column":null}}},"2":{"name":"(anonymous_10)","decl":{"start":{"line":12,"column":2},"end":{"line":12,"column":9}},"loc":{"start":{"line":12,"column":20},"end":{"line":14,"column":3}}},"3":{"name":"(anonymous_11)","decl":{"start":{"line":16,"column":2},"end":{"line":16,"column":14}},"loc":{"start":{"line":16,"column":48},"end":{"line":18,"column":3}}}},"branchMap":{},"s":{"0":1,"1":1,"2":0,"3":0,"4":0,"5":0,"6":1},"f":{"0":1,"1":0,"2":0,"3":0},"b":{}}
,"C:\\Users\\ntezi\\Desktop\\solvit\\2026\\my\\Task-management-backend\\src\\application\\services\\PermissionService.ts": {"path":"C:\\Users\\ntezi\\Desktop\\solvit\\2026\\my\\Task-management-backend\\src\\application\\services\\PermissionService.ts","statementMap":{"0":{"start":{"line":2,"column":0},"end":{"line":2,"column":42}},"1":{"start":{"line":3,"column":0},"end":{"line":3,"column":40}},"2":{"start":{"line":6,"column":24},"end":{"line":6,"column":55}},"3":{"start":{"line":9,"column":23},"end":{"line":9,"column":59}},"4":{"start":{"line":10,"column":8},"end":{"line":10,"column":73}},"5":{"start":{"line":10,"column":20},"end":{"line":10,"column":73}},"6":{"start":{"line":12,"column":27},"end":{"line":15,"column":null}},"7":{"start":{"line":18,"column":8},"end":{"line":18,"column":48}},"8":{"start":{"line":22,"column":27},"end":{"line":22,"column":63}},"9":{"start":{"line":23,"column":8},"end":{"line":23,"column":73}},"10":{"start":{"line":23,"column":25},"end":{"line":23,"column":73}},"11":{"start":{"line":24,"column":8},"end":{"line":24,"column":26}},"12":{"start":{"line":28,"column":27},"end":{"line":28,"column":59}},"13":{"start":{"line":29,"column":8},"end":{"line":29,"column":73}},"14":{"start":{"line":29,"column":25},"end":{"line":29,"column":73}},"15":{"start":{"line":30,"column":8},"end":{"line":30,"column":26}},"16":{"start":{"line":34,"column":27},"end":{"line":34,"column":59}},"17":{"start":{"line":35,"column":8},"end":{"line":35,"column":73}},"18":{"start":{"line":35,"column":25},"end":{"line":35,"column":73}},"19":{"start":{"line":37,"column":8},"end":{"line":37,"column":43}},"20":{"start":{"line":41,"column":8},"end":{"line":43,"column":null}},"21":{"start":{"line":42,"column":12},"end":{"line":42,"column":49}},"22":{"start":{"line":45,"column":8},"end":{"line":45,"column":39}},"23":{"start":{"line":5,"column":0},"end":{"line":5,"column":13}}},"fnMap":{"0":{"name":"(anonymous_7)","decl":{"start":{"line":6,"column":4},"end":{"line":6,"column":24}},"loc":{"start":{"line":6,"column":55},"end":{"line":6,"column":59}}},"1":{"name":"(anonymous_8)","decl":{"start":{"line":8,"column":10},"end":{"line":8,"column":16}},"loc":{"start":{"line":8,"column":51},"end":{"line":19,"column":null}}},"2":{"name":"(anonymous_10)","decl":{"start":{"line":21,"column":10},"end":{"line":21,"column":20}},"loc":{"start":{"line":21,"column":33},"end":{"line":25,"column":null}}},"3":{"name":"(anonymous_12)","decl":{"start":{"line":27,"column":10},"end":{"line":27,"column":18}},"loc":{"start":{"line":27,"column":29},"end":{"line":31,"column":null}}},"4":{"name":"(anonymous_14)","decl":{"start":{"line":33,"column":10},"end":{"line":33,"column":20}},"loc":{"start":{"line":33,"column":31},"end":{"line":38,"column":null}}},"5":{"name":"(anonymous_16)","decl":{"start":{"line":40,"column":10},"end":{"line":40,"column":17}},"loc":{"start":{"line":40,"column":17},"end":{"line":46,"column":null}}}},"branchMap":{"0":{"loc":{"start":{"line":10,"column":8},"end":{"line":10,"column":73}},"type":"if","locations":[{"start":{"line":10,"column":8},"end":{"line":10,"column":73}},{"start":{},"end":{}}]},"1":{"loc":{"start":{"line":23,"column":8},"end":{"line":23,"column":73}},"type":"if","locations":[{"start":{"line":23,"column":8},"end":{"line":23,"column":73}},{"start":{},"end":{}}]},"2":{"loc":{"start":{"line":29,"column":8},"end":{"line":29,"column":73}},"type":"if","locations":[{"start":{"line":29,"column":8},"end":{"line":29,"column":73}},{"start":{},"end":{}}]},"3":{"loc":{"start":{"line":35,"column":8},"end":{"line":35,"column":73}},"type":"if","locations":[{"start":{"line":35,"column":8},"end":{"line":35,"column":73}},{"start":{},"end":{}}]},"4":{"loc":{"start":{"line":41,"column":8},"end":{"line":43,"column":null}},"type":"if","locations":[{"start":{"line":41,"column":8},"end":{"line":43,"column":null}},{"start":{},"end":{}}]}},"s":{"0":1,"1":1,"2":1,"3":0,"4":0,"5":0,"6":0,"7":0,"8":0,"9":0,"10":0,"11":0,"12":0,"13":0,"14":0,"15":0,"16":0,"17":0,"18":0,"19":0,"20":0,"21":0,"22":0,"23":1},"f":{"0":1,"1":0,"2":0,"3":0,"4":0,"5":0},"b":{"0":[0,0],"1":[0,0],"2":[0,0],"3":[0,0],"4":[0,0]}}
,"C:\\Users\\ntezi\\Desktop\\solvit\\2026\\my\\Task-management-backend\\src\\application\\services\\ProjectService.ts": {"path":"C:\\Users\\ntezi\\Desktop\\solvit\\2026\\my\\Task-management-backend\\src\\application\\services\\ProjectService.ts","statementMap":{"0":{"start":{"line":2,"column":0},"end":{"line":2,"column":56}},"1":{"start":{"line":5,"column":22},"end":{"line":5,"column":46}},"2":{"start":{"line":8,"column":4},"end":{"line":8,"column":52}},"3":{"start":{"line":12,"column":4},"end":{"line":12,"column":34}},"4":{"start":{"line":16,"column":4},"end":{"line":16,"column":31}},"5":{"start":{"line":20,"column":4},"end":{"line":20,"column":48}},"6":{"start":{"line":24,"column":4},"end":{"line":24,"column":51}},"7":{"start":{"line":28,"column":4},"end":{"line":28,"column":42}},"8":{"start":{"line":4,"column":0},"end":{"line":4,"column":13}}},"fnMap":{"0":{"name":"(anonymous_0)","decl":{"start":{"line":5,"column":2},"end":{"line":5,"column":22}},"loc":{"start":{"line":5,"column":46},"end":{"line":5,"column":50}}},"1":{"name":"(anonymous_1)","decl":{"start":{"line":7,"column":2},"end":{"line":7,"column":8}},"loc":{"start":{"line":7,"column":71},"end":{"line":9,"column":3}}},"2":{"name":"(anonymous_2)","decl":{"start":{"line":11,"column":2},"end":{"line":11,"column":10}},"loc":{"start":{"line":11,"column":21},"end":{"line":13,"column":3}}},"3":{"name":"(anonymous_3)","decl":{"start":{"line":15,"column":2},"end":{"line":15,"column":9}},"loc":{"start":{"line":15,"column":9},"end":{"line":17,"column":3}}},"4":{"name":"(anonymous_4)","decl":{"start":{"line":19,"column":2},"end":{"line":19,"column":9}},"loc":{"start":{"line":19,"column":43},"end":{"line":21,"column":3}}},"5":{"name":"(anonymous_5)","decl":{"start":{"line":23,"column":2},"end":{"line":23,"column":12}},"loc":{"start":{"line":23,"column":46},"end":{"line":25,"column":3}}},"6":{"name":"(anonymous_6)","decl":{"start":{"line":27,"column":2},"end":{"line":27,"column":11}},"loc":{"start":{"line":27,"column":29},"end":{"line":29,"column":3}}}},"branchMap":{},"s":{"0":1,"1":1,"2":0,"3":0,"4":0,"5":0,"6":0,"7":0,"8":1},"f":{"0":1,"1":0,"2":0,"3":0,"4":0,"5":0,"6":0},"b":{}}
,"C:\\Users\\ntezi\\Desktop\\solvit\\2026\\my\\Task-management-backend\\src\\application\\services\\ProjectUserService.ts": {"path":"C:\\Users\\ntezi\\Desktop\\solvit\\2026\\my\\Task-management-backend\\src\\application\\services\\ProjectUserService.ts","statementMap":{"0":{"start":{"line":4,"column":22},"end":{"line":4,"column":50}},"1":{"start":{"line":7,"column":4},"end":{"line":7,"column":48}},"2":{"start":{"line":11,"column":4},"end":{"line":11,"column":51}},"3":{"start":{"line":15,"column":4},"end":{"line":15,"column":42}},"4":{"start":{"line":19,"column":4},"end":{"line":19,"column":42}},"5":{"start":{"line":3,"column":0},"end":{"line":3,"column":13}}},"fnMap":{"0":{"name":"(anonymous_0)","decl":{"start":{"line":4,"column":2},"end":{"line":4,"column":22}},"loc":{"start":{"line":4,"column":50},"end":{"line":4,"column":54}}},"1":{"name":"(anonymous_1)","decl":{"start":{"line":6,"column":2},"end":{"line":6,"column":9}},"loc":{"start":{"line":6,"column":43},"end":{"line":8,"column":3}}},"2":{"name":"(anonymous_2)","decl":{"start":{"line":10,"column":2},"end":{"line":10,"column":12}},"loc":{"start":{"line":10,"column":46},"end":{"line":12,"column":3}}},"3":{"name":"(anonymous_3)","decl":{"start":{"line":14,"column":2},"end":{"line":14,"column":11}},"loc":{"start":{"line":14,"column":29},"end":{"line":16,"column":3}}},"4":{"name":"(anonymous_4)","decl":{"start":{"line":18,"column":2},"end":{"line":18,"column":14}},"loc":{"start":{"line":18,"column":29},"end":{"line":20,"column":3}}}},"branchMap":{},"s":{"0":1,"1":0,"2":0,"3":0,"4":0,"5":1},"f":{"0":1,"1":0,"2":0,"3":0,"4":0},"b":{}}
,"C:\\Users\\ntezi\\Desktop\\solvit\\2026\\my\\Task-management-backend\\src\\application\\services\\RoleService.ts": {"path":"C:\\Users\\ntezi\\Desktop\\solvit\\2026\\my\\Task-management-backend\\src\\application\\services\\RoleService.ts","statementMap":{"0":{"start":{"line":2,"column":0},"end":{"line":2,"column":36}},"1":{"start":{"line":3,"column":0},"end":{"line":3,"column":40}},"2":{"start":{"line":6,"column":24},"end":{"line":6,"column":49}},"3":{"start":{"line":9,"column":23},"end":{"line":9,"column":59}},"4":{"start":{"line":10,"column":8},"end":{"line":10,"column":67}},"5":{"start":{"line":10,"column":20},"end":{"line":10,"column":67}},"6":{"start":{"line":12,"column":24},"end":{"line":15,"column":null}},"7":{"start":{"line":18,"column":8},"end":{"line":18,"column":45}},"8":{"start":{"line":22,"column":21},"end":{"line":22,"column":57}},"9":{"start":{"line":23,"column":8},"end":{"line":23,"column":61}},"10":{"start":{"line":23,"column":19},"end":{"line":23,"column":61}},"11":{"start":{"line":24,"column":8},"end":{"line":24,"column":20}},"12":{"start":{"line":28,"column":21},"end":{"line":28,"column":53}},"13":{"start":{"line":29,"column":8},"end":{"line":29,"column":61}},"14":{"start":{"line":29,"column":19},"end":{"line":29,"column":61}},"15":{"start":{"line":30,"column":8},"end":{"line":30,"column":20}},"16":{"start":{"line":34,"column":21},"end":{"line":34,"column":57}},"17":{"start":{"line":35,"column":8},"end":{"line":35,"column":61}},"18":{"start":{"line":35,"column":19},"end":{"line":35,"column":61}},"19":{"start":{"line":37,"column":8},"end":{"line":37,"column":67}},"20":{"start":{"line":41,"column":21},"end":{"line":41,"column":57}},"21":{"start":{"line":42,"column":8},"end":{"line":42,"column":61}},"22":{"start":{"line":42,"column":19},"end":{"line":42,"column":61}},"23":{"start":{"line":44,"column":8},"end":{"line":46,"column":null}},"24":{"start":{"line":45,"column":12},"end":{"line":45,"column":93}},"25":{"start":{"line":48,"column":8},"end":{"line":48,"column":67}},"26":{"start":{"line":52,"column":8},"end":{"line":54,"column":null}},"27":{"start":{"line":53,"column":12},"end":{"line":53,"column":49}},"28":{"start":{"line":56,"column":8},"end":{"line":56,"column":39}},"29":{"start":{"line":5,"column":0},"end":{"line":5,"column":13}}},"fnMap":{"0":{"name":"(anonymous_7)","decl":{"start":{"line":6,"column":4},"end":{"line":6,"column":24}},"loc":{"start":{"line":6,"column":49},"end":{"line":6,"column":53}}},"1":{"name":"(anonymous_8)","decl":{"start":{"line":8,"column":10},"end":{"line":8,"column":16}},"loc":{"start":{"line":8,"column":51},"end":{"line":19,"column":null}}},"2":{"name":"(anonymous_10)","decl":{"start":{"line":21,"column":10},"end":{"line":21,"column":20}},"loc":{"start":{"line":21,"column":33},"end":{"line":25,"column":null}}},"3":{"name":"(anonymous_12)","decl":{"start":{"line":27,"column":10},"end":{"line":27,"column":18}},"loc":{"start":{"line":27,"column":29},"end":{"line":31,"column":null}}},"4":{"name":"(anonymous_14)","decl":{"start":{"line":33,"column":10},"end":{"line":33,"column":26}},"loc":{"start":{"line":33,"column":63},"end":{"line":38,"column":null}}},"5":{"name":"(anonymous_16)","decl":{"start":{"line":40,"column":10},"end":{"line":40,"column":26}},"loc":{"start":{"line":40,"column":63},"end":{"line":49,"column":null}}},"6":{"name":"(anonymous_18)","decl":{"start":{"line":51,"column":10},"end":{"line":51,"column":17}},"loc":{"start":{"line":51,"column":17},"end":{"line":57,"column":null}}}},"branchMap":{"0":{"loc":{"start":{"line":10,"column":8},"end":{"line":10,"column":67}},"type":"if","locations":[{"start":{"line":10,"column":8},"end":{"line":10,"column":67}},{"start":{},"end":{}}]},"1":{"loc":{"start":{"line":23,"column":8},"end":{"line":23,"column":61}},"type":"if","locations":[{"start":{"line":23,"column":8},"end":{"line":23,"column":61}},{"start":{},"end":{}}]},"2":{"loc":{"start":{"line":29,"column":8},"end":{"line":29,"column":61}},"type":"if","locations":[{"start":{"line":29,"column":8},"end":{"line":29,"column":61}},{"start":{},"end":{}}]},"3":{"loc":{"start":{"line":35,"column":8},"end":{"line":35,"column":61}},"type":"if","locations":[{"start":{"line":35,"column":8},"end":{"line":35,"column":61}},{"start":{},"end":{}}]},"4":{"loc":{"start":{"line":42,"column":8},"end":{"line":42,"column":61}},"type":"if","locations":[{"start":{"line":42,"column":8},"end":{"line":42,"column":61}},{"start":{},"end":{}}]},"5":{"loc":{"start":{"line":44,"column":8},"end":{"line":46,"column":null}},"type":"if","locations":[{"start":{"line":44,"column":8},"end":{"line":46,"column":null}},{"start":{},"end":{}}]},"6":{"loc":{"start":{"line":52,"column":8},"end":{"line":54,"column":null}},"type":"if","locations":[{"start":{"line":52,"column":8},"end":{"line":54,"column":null}},{"start":{},"end":{}}]}},"s":{"0":1,"1":1,"2":1,"3":0,"4":0,"5":0,"6":0,"7":0,"8":0,"9":0,"10":0,"11":0,"12":0,"13":0,"14":0,"15":0,"16":0,"17":0,"18":0,"19":0,"20":0,"21":0,"22":0,"23":0,"24":0,"25":0,"26":0,"27":0,"28":0,"29":1},"f":{"0":1,"1":0,"2":0,"3":0,"4":0,"5":0,"6":0},"b":{"0":[0,0],"1":[0,0],"2":[0,0],"3":[0,0],"4":[0,0],"5":[0,0],"6":[0,0]}}
,"C:\\Users\\ntezi\\Desktop\\solvit\\2026\\my\\Task-management-backend\\src\\application\\services\\TaskAssignmentService.ts": {"path":"C:\\Users\\ntezi\\Desktop\\solvit\\2026\\my\\Task-management-backend\\src\\application\\services\\TaskAssignmentService.ts","statementMap":{"0":{"start":{"line":4,"column":22},"end":{"line":4,"column":53}},"1":{"start":{"line":7,"column":4},"end":{"line":7,"column":48}},"2":{"start":{"line":11,"column":4},"end":{"line":11,"column":48}},"3":{"start":{"line":15,"column":4},"end":{"line":15,"column":39}},"4":{"start":{"line":19,"column":4},"end":{"line":19,"column":39}},"5":{"start":{"line":3,"column":0},"end":{"line":3,"column":13}}},"fnMap":{"0":{"name":"(anonymous_0)","decl":{"start":{"line":4,"column":2},"end":{"line":4,"column":22}},"loc":{"start":{"line":4,"column":53},"end":{"line":4,"column":57}}},"1":{"name":"(anonymous_1)","decl":{"start":{"line":6,"column":2},"end":{"line":6,"column":12}},"loc":{"start":{"line":6,"column":43},"end":{"line":8,"column":3}}},"2":{"name":"(anonymous_2)","decl":{"start":{"line":10,"column":2},"end":{"line":10,"column":12}},"loc":{"start":{"line":10,"column":43},"end":{"line":12,"column":3}}},"3":{"name":"(anonymous_3)","decl":{"start":{"line":14,"column":2},"end":{"line":14,"column":11}},"loc":{"start":{"line":14,"column":26},"end":{"line":16,"column":3}}},"4":{"name":"(anonymous_4)","decl":{"start":{"line":18,"column":2},"end":{"line":18,"column":11}},"loc":{"start":{"line":18,"column":26},"end":{"line":20,"column":3}}}},"branchMap":{},"s":{"0":1,"1":0,"2":0,"3":0,"4":0,"5":1},"f":{"0":1,"1":0,"2":0,"3":0,"4":0},"b":{}}
,"C:\\Users\\ntezi\\Desktop\\solvit\\2026\\my\\Task-management-backend\\src\\application\\services\\TaskService.ts": {"path":"C:\\Users\\ntezi\\Desktop\\solvit\\2026\\my\\Task-management-backend\\src\\application\\services\\TaskService.ts","statementMap":{"0":{"start":{"line":2,"column":0},"end":{"line":2,"column":64}},"1":{"start":{"line":13,"column":22},"end":{"line":13,"column":43}},"2":{"start":{"line":16,"column":17},"end":{"line":22,"column":6}},"3":{"start":{"line":24,"column":4},"end":{"line":24,"column":34}},"4":{"start":{"line":28,"column":4},"end":{"line":28,"column":34}},"5":{"start":{"line":32,"column":4},"end":{"line":32,"column":38}},"6":{"start":{"line":36,"column":4},"end":{"line":36,"column":48}},"7":{"start":{"line":40,"column":4},"end":{"line":40,"column":48}},"8":{"start":{"line":44,"column":4},"end":{"line":44,"column":39}},"9":{"start":{"line":12,"column":0},"end":{"line":12,"column":13}}},"fnMap":{"0":{"name":"(anonymous_7)","decl":{"start":{"line":13,"column":2},"end":{"line":13,"column":22}},"loc":{"start":{"line":13,"column":43},"end":{"line":13,"column":47}}},"1":{"name":"(anonymous_8)","decl":{"start":{"line":15,"column":8},"end":{"line":15,"column":14}},"loc":{"start":{"line":15,"column":39},"end":{"line":25,"column":null}}},"2":{"name":"(anonymous_10)","decl":{"start":{"line":27,"column":8},"end":{"line":27,"column":16}},"loc":{"start":{"line":27,"column":27},"end":{"line":29,"column":null}}},"3":{"name":"(anonymous_12)","decl":{"start":{"line":31,"column":8},"end":{"line":31,"column":15}},"loc":{"start":{"line":31,"column":32},"end":{"line":33,"column":null}}},"4":{"name":"(anonymous_14)","decl":{"start":{"line":35,"column":8},"end":{"line":35,"column":18}},"loc":{"start":{"line":35,"column":49},"end":{"line":37,"column":null}}},"5":{"name":"(anonymous_16)","decl":{"start":{"line":39,"column":8},"end":{"line":39,"column":18}},"loc":{"start":{"line":39,"column":49},"end":{"line":41,"column":null}}},"6":{"name":"(anonymous_18)","decl":{"start":{"line":43,"column":8},"end":{"line":43,"column":17}},"loc":{"start":{"line":43,"column":32},"end":{"line":45,"column":null}}}},"branchMap":{"0":{"loc":{"start":{"line":19,"column":19},"end":{"line":19,"column":43}},"type":"cond-expr","locations":[{"start":{"line":19,"column":37},"end":{"line":19,"column":41}},{"start":{"line":19,"column":41},"end":{"line":19,"column":43}}]},"1":{"loc":{"start":{"line":19,"column":19},"end":{"line":19,"column":41}},"type":"binary-expr","locations":[{"start":{"line":19,"column":19},"end":{"line":19,"column":41}},{"start":{"line":19,"column":37},"end":{"line":19,"column":41}}]},"2":{"loc":{"start":{"line":20,"column":16},"end":{"line":20,"column":39}},"type":"cond-expr","locations":[{"start":{"line":20,"column":31},"end":{"line":20,"column":35}},{"start":{"line":20,"column":35},"end":{"line":20,"column":39}}]},"3":{"loc":{"start":{"line":20,"column":16},"end":{"line":20,"column":35}},"type":"binary-expr","locations":[{"start":{"line":20,"column":16},"end":{"line":20,"column":35}},{"start":{"line":20,"column":31},"end":{"line":20,"column":35}}]},"4":{"loc":{"start":{"line":21,"column":15},"end":{"line":21,"column":43}},"type":"cond-expr","locations":[{"start":{"line":21,"column":29},"end":{"line":21,"column":33}},{"start":{"line":21,"column":33},"end":{"line":21,"column":43}}]},"5":{"loc":{"start":{"line":21,"column":15},"end":{"line":21,"column":33}},"type":"binary-expr","locations":[{"start":{"line":21,"column":15},"end":{"line":21,"column":33}},{"start":{"line":21,"column":29},"end":{"line":21,"column":33}}]}},"s":{"0":1,"1":1,"2":0,"3":0,"4":0,"5":0,"6":0,"7":0,"8":0,"9":1},"f":{"0":1,"1":0,"2":0,"3":0,"4":0,"5":0,"6":0},"b":{"0":[0,0],"1":[0,0],"2":[0,0],"3":[0,0],"4":[0,0],"5":[0,0]}}
,"C:\\Users\\ntezi\\Desktop\\solvit\\2026\\my\\Task-management-backend\\src\\application\\services\\UserService.ts": {"path":"C:\\Users\\ntezi\\Desktop\\solvit\\2026\\my\\Task-management-backend\\src\\application\\services\\UserService.ts","statementMap":{"0":{"start":{"line":3,"column":0},"end":{"line":3,"column":40}},"1":{"start":{"line":4,"column":0},"end":{"line":4,"column":59}},"2":{"start":{"line":7,"column":24},"end":{"line":7,"column":49}},"3":{"start":{"line":10,"column":25},"end":{"line":10,"column":63}},"4":{"start":{"line":11,"column":8},"end":{"line":11,"column":69}},"5":{"start":{"line":11,"column":22},"end":{"line":11,"column":69}},"6":{"start":{"line":13,"column":23},"end":{"line":13,"column":51}},"7":{"start":{"line":14,"column":8},"end":{"line":19,"column":18}},"8":{"start":{"line":23,"column":21},"end":{"line":23,"column":59}},"9":{"start":{"line":24,"column":8},"end":{"line":24,"column":61}},"10":{"start":{"line":24,"column":19},"end":{"line":24,"column":61}},"11":{"start":{"line":25,"column":8},"end":{"line":25,"column":20}},"12":{"start":{"line":29,"column":21},"end":{"line":29,"column":53}},"13":{"start":{"line":30,"column":8},"end":{"line":30,"column":61}},"14":{"start":{"line":30,"column":19},"end":{"line":30,"column":61}},"15":{"start":{"line":31,"column":8},"end":{"line":31,"column":20}},"16":{"start":{"line":35,"column":21},"end":{"line":35,"column":57}},"17":{"start":{"line":36,"column":8},"end":{"line":36,"column":61}},"18":{"start":{"line":36,"column":19},"end":{"line":36,"column":61}},"19":{"start":{"line":38,"column":8},"end":{"line":38,"column":55}},"20":{"start":{"line":42,"column":21},"end":{"line":42,"column":57}},"21":{"start":{"line":43,"column":8},"end":{"line":43,"column":61}},"22":{"start":{"line":43,"column":19},"end":{"line":43,"column":61}},"23":{"start":{"line":45,"column":8},"end":{"line":47,"column":null}},"24":{"start":{"line":46,"column":12},"end":{"line":46,"column":87}},"25":{"start":{"line":49,"column":8},"end":{"line":49,"column":55}},"26":{"start":{"line":53,"column":8},"end":{"line":55,"column":null}},"27":{"start":{"line":54,"column":12},"end":{"line":54,"column":84}},"28":{"start":{"line":57,"column":8},"end":{"line":57,"column":39}},"29":{"start":{"line":6,"column":0},"end":{"line":6,"column":13}}},"fnMap":{"0":{"name":"(anonymous_7)","decl":{"start":{"line":7,"column":4},"end":{"line":7,"column":24}},"loc":{"start":{"line":7,"column":49},"end":{"line":7,"column":53}}},"1":{"name":"(anonymous_8)","decl":{"start":{"line":9,"column":10},"end":{"line":9,"column":16}},"loc":{"start":{"line":9,"column":79},"end":{"line":20,"column":null}}},"2":{"name":"(anonymous_10)","decl":{"start":{"line":22,"column":10},"end":{"line":22,"column":21}},"loc":{"start":{"line":22,"column":35},"end":{"line":26,"column":null}}},"3":{"name":"(anonymous_12)","decl":{"start":{"line":28,"column":10},"end":{"line":28,"column":18}},"loc":{"start":{"line":28,"column":29},"end":{"line":32,"column":null}}},"4":{"name":"(anonymous_14)","decl":{"start":{"line":34,"column":10},"end":{"line":34,"column":20}},"loc":{"start":{"line":34,"column":51},"end":{"line":39,"column":null}}},"5":{"name":"(anonymous_16)","decl":{"start":{"line":41,"column":10},"end":{"line":41,"column":20}},"loc":{"start":{"line":41,"column":51},"end":{"line":50,"column":null}}},"6":{"name":"(anonymous_18)","decl":{"start":{"line":52,"column":10},"end":{"line":52,"column":17}},"loc":{"start":{"line":52,"column":17},"end":{"line":58,"column":null}}}},"branchMap":{"0":{"loc":{"start":{"line":9,"column":64},"end":{"line":9,"column":79}},"type":"default-arg","locations":[{"start":{"line":9,"column":75},"end":{"line":9,"column":79}}]},"1":{"loc":{"start":{"line":11,"column":8},"end":{"line":11,"column":69}},"type":"if","locations":[{"start":{"line":11,"column":8},"end":{"line":11,"column":69}},{"start":{},"end":{}}]},"2":{"loc":{"start":{"line":24,"column":8},"end":{"line":24,"column":61}},"type":"if","locations":[{"start":{"line":24,"column":8},"end":{"line":24,"column":61}},{"start":{},"end":{}}]},"3":{"loc":{"start":{"line":30,"column":8},"end":{"line":30,"column":61}},"type":"if","locations":[{"start":{"line":30,"column":8},"end":{"line":30,"column":61}},{"start":{},"end":{}}]},"4":{"loc":{"start":{"line":36,"column":8},"end":{"line":36,"column":61}},"type":"if","locations":[{"start":{"line":36,"column":8},"end":{"line":36,"column":61}},{"start":{},"end":{}}]},"5":{"loc":{"start":{"line":43,"column":8},"end":{"line":43,"column":61}},"type":"if","locations":[{"start":{"line":43,"column":8},"end":{"line":43,"column":61}},{"start":{},"end":{}}]},"6":{"loc":{"start":{"line":45,"column":8},"end":{"line":47,"column":null}},"type":"if","locations":[{"start":{"line":45,"column":8},"end":{"line":47,"column":null}},{"start":{},"end":{}}]},"7":{"loc":{"start":{"line":53,"column":8},"end":{"line":55,"column":null}},"type":"if","locations":[{"start":{"line":53,"column":8},"end":{"line":55,"column":null}},{"start":{},"end":{}}]}},"s":{"0":1,"1":1,"2":1,"3":0,"4":0,"5":0,"6":0,"7":0,"8":0,"9":0,"10":0,"11":0,"12":0,"13":0,"14":0,"15":0,"16":0,"17":0,"18":0,"19":0,"20":0,"21":0,"22":0,"23":0,"24":0,"25":0,"26":0,"27":0,"28":0,"29":1},"f":{"0":1,"1":0,"2":0,"3":0,"4":0,"5":0,"6":0},"b":{"0":[0],"1":[0,0],"2":[0,0],"3":[0,0],"4":[0,0],"5":[0,0],"6":[0,0],"7":[0,0]}}
,"C:\\Users\\ntezi\\Desktop\\solvit\\2026\\my\\Task-management-backend\\src\\config\\env.ts": {"path":"C:\\Users\\ntezi\\Desktop\\solvit\\2026\\my\\Task-management-backend\\src\\config\\env.ts","statementMap":{"0":{"start":{"line":1,"column":0},"end":{"line":1,"column":42}},"1":{"start":{"line":2,"column":0},"end":{"line":2,"column":9}},"2":{"start":{"line":4,"column":19},"end":{"line":8,"column":1}},"3":{"start":{"line":5,"column":16},"end":{"line":5,"column":32}},"4":{"start":{"line":6,"column":2},"end":{"line":6,"column":76}},"5":{"start":{"line":6,"column":14},"end":{"line":6,"column":76}},"6":{"start":{"line":7,"column":2},"end":{"line":7,"column":15}},"7":{"start":{"line":10,"column":17},"end":{"line":10,"column":54}},"8":{"start":{"line":13,"column":14},"end":{"line":13,"column":16}},"9":{"start":{"line":14,"column":14},"end":{"line":14,"column":16}},"10":{"start":{"line":15,"column":14},"end":{"line":15,"column":16}},"11":{"start":{"line":16,"column":14},"end":{"line":16,"column":49}},"12":{"start":{"line":18,"column":0},"end":{"line":36,"column":null}},"13":{"start":{"line":20,"column":4},"end":{"line":20,"column":41}},"14":{"start":{"line":21,"column":4},"end":{"line":21,"column":41}},"15":{"start":{"line":22,"column":4},"end":{"line":22,"column":41}},"16":{"start":{"line":23,"column":4},"end":{"line":23,"column":55}},"17":{"start":{"line":24,"column":4},"end":{"line":24,"column":10}},"18":{"start":{"line":26,"column":4},"end":{"line":26,"column":41}},"19":{"start":{"line":27,"column":4},"end":{"line":27,"column":41}},"20":{"start":{"line":28,"column":4},"end":{"line":28,"column":41}},"21":{"start":{"line":29,"column":4},"end":{"line":29,"column":55}},"22":{"start":{"line":30,"column":4},"end":{"line":30,"column":10}},"23":{"start":{"line":32,"column":4},"end":{"line":32,"column":40}},"24":{"start":{"line":33,"column":4},"end":{"line":33,"column":40}},"25":{"start":{"line":34,"column":4},"end":{"line":34,"column":40}},"26":{"start":{"line":35,"column":4},"end":{"line":35,"column":54}},"27":{"start":{"line":38,"column":13},"end":{"line":51,"column":2}}},"fnMap":{"0":{"name":"(anonymous_0)","decl":{"start":{"line":4,"column":19},"end":{"line":4,"column":20}},"loc":{"start":{"line":4,"column":43},"end":{"line":8,"column":1}}}},"branchMap":{"0":{"loc":{"start":{"line":6,"column":2},"end":{"line":6,"column":76}},"type":"if","locations":[{"start":{"line":6,"column":2},"end":{"line":6,"column":76}},{"start":{},"end":{}}]},"1":{"loc":{"start":{"line":10,"column":17},"end":{"line":10,"column":54}},"type":"cond-expr","locations":[{"start":{"line":10,"column":37},"end":{"line":10,"column":41}},{"start":{"line":10,"column":41},"end":{"line":10,"column":54}}]},"2":{"loc":{"start":{"line":10,"column":17},"end":{"line":10,"column":41}},"type":"binary-expr","locations":[{"start":{"line":10,"column":17},"end":{"line":10,"column":41}},{"start":{"line":10,"column":37},"end":{"line":10,"column":41}}]},"3":{"loc":{"start":{"line":16,"column":21},"end":{"line":16,"column":48}},"type":"cond-expr","locations":[{"start":{"line":16,"column":40},"end":{"line":16,"column":44}},{"start":{"line":16,"column":44},"end":{"line":16,"column":48}}]},"4":{"loc":{"start":{"line":16,"column":21},"end":{"line":16,"column":44}},"type":"binary-expr","locations":[{"start":{"line":16,"column":21},"end":{"line":16,"column":44}},{"start":{"line":16,"column":40},"end":{"line":16,"column":44}}]},"5":{"loc":{"start":{"line":18,"column":0},"end":{"line":36,"column":null}},"type":"switch","locations":[{"start":{"line":19,"column":2},"end":{"line":24,"column":10}},{"start":{"line":25,"column":2},"end":{"line":30,"column":10}},{"start":{"line":31,"column":2},"end":{"line":35,"column":54}}]},"6":{"loc":{"start":{"line":23,"column":21},"end":{"line":23,"column":53}},"type":"cond-expr","locations":[{"start":{"line":23,"column":45},"end":{"line":23,"column":49}},{"start":{"line":23,"column":49},"end":{"line":23,"column":53}}]},"7":{"loc":{"start":{"line":23,"column":21},"end":{"line":23,"column":49}},"type":"binary-expr","locations":[{"start":{"line":23,"column":21},"end":{"line":23,"column":49}},{"start":{"line":23,"column":45},"end":{"line":23,"column":49}}]},"8":{"loc":{"start":{"line":29,"column":21},"end":{"line":29,"column":53}},"type":"cond-expr","locations":[{"start":{"line":29,"column":45},"end":{"line":29,"column":49}},{"start":{"line":29,"column":49},"end":{"line":29,"column":53}}]},"9":{"loc":{"start":{"line":29,"column":21},"end":{"line":29,"column":49}},"type":"binary-expr","locations":[{"start":{"line":29,"column":21},"end":{"line":29,"column":49}},{"start":{"line":29,"column":45},"end":{"line":29,"column":49}}]},"10":{"loc":{"start":{"line":35,"column":21},"end":{"line":35,"column":52}},"type":"cond-expr","locations":[{"start":{"line":35,"column":44},"end":{"line":35,"column":48}},{"start":{"line":35,"column":48},"end":{"line":35,"column":52}}]},"11":{"loc":{"start":{"line":35,"column":21},"end":{"line":35,"column":48}},"type":"binary-expr","locations":[{"start":{"line":35,"column":21},"end":{"line":35,"column":48}},{"start":{"line":35,"column":44},"end":{"line":35,"column":48}}]},"12":{"loc":{"start":{"line":39,"column":15},"end":{"line":39,"column":39}},"type":"cond-expr","locations":[{"start":{"line":39,"column":31},"end":{"line":39,"column":35}},{"start":{"line":39,"column":35},"end":{"line":39,"column":39}}]},"13":{"loc":{"start":{"line":39,"column":15},"end":{"line":39,"column":35}},"type":"binary-expr","locations":[{"start":{"line":39,"column":15},"end":{"line":39,"column":35}},{"start":{"line":39,"column":31},"end":{"line":39,"column":35}}]},"14":{"loc":{"start":{"line":50,"column":29},"end":{"line":50,"column":65}},"type":"cond-expr","locations":[{"start":{"line":50,"column":59},"end":{"line":50,"column":63}},{"start":{"line":50,"column":63},"end":{"line":50,"column":65}}]},"15":{"loc":{"start":{"line":50,"column":29},"end":{"line":50,"column":63}},"type":"binary-expr","locations":[{"start":{"line":50,"column":29},"end":{"line":50,"column":63}},{"start":{"line":50,"column":59},"end":{"line":50,"column":63}}]}},"s":{"0":2,"1":2,"2":2,"3":12,"4":12,"5":0,"6":12,"7":2,"8":2,"9":2,"10":2,"11":2,"12":2,"13":2,"14":2,"15":2,"16":2,"17":2,"18":0,"19":0,"20":0,"21":0,"22":0,"23":0,"24":0,"25":0,"26":0,"27":2},"f":{"0":12},"b":{"0":[0,12],"1":[2,0],"2":[2,2],"3":[0,2],"4":[2,2],"5":[2,0,0],"6":[0,2],"7":[2,2],"8":[0,0],"9":[0,0],"10":[0,0],"11":[0,0],"12":[2,0],"13":[2,2],"14":[2,0],"15":[2,2]}}
,"C:\\Users\\ntezi\\Desktop\\solvit\\2026\\my\\Task-management-backend\\src\\config\\jwt.config.ts": {"path":"C:\\Users\\ntezi\\Desktop\\solvit\\2026\\my\\Task-management-backend\\src\\config\\jwt.config.ts","statementMap":{"0":{"start":{"line":1,"column":0},"end":{"line":1,"column":36}},"1":{"start":{"line":3,"column":0},"end":{"line":5,"column":null}},"2":{"start":{"line":4,"column":4},"end":{"line":4,"column":49}},"3":{"start":{"line":7,"column":13},"end":{"line":12,"column":2}}},"fnMap":{},"branchMap":{"0":{"loc":{"start":{"line":3,"column":0},"end":{"line":5,"column":null}},"type":"if","locations":[{"start":{"line":3,"column":0},"end":{"line":5,"column":null}},{"start":{},"end":{}}]},"1":{"loc":{"start":{"line":10,"column":20},"end":{"line":10,"column":57}},"type":"binary-expr","locations":[{"start":{"line":10,"column":20},"end":{"line":10,"column":48}},{"start":{"line":10,"column":52},"end":{"line":10,"column":57}}]},"2":{"loc":{"start":{"line":11,"column":21},"end":{"line":11,"column":58}},"type":"binary-expr","locations":[{"start":{"line":11,"column":21},"end":{"line":11,"column":50}},{"start":{"line":11,"column":54},"end":{"line":11,"column":58}}]}},"s":{"0":1,"1":1,"2":0,"3":1},"f":{},"b":{"0":[0,1],"1":[1,0],"2":[1,0]}}
,"C:\\Users\\ntezi\\Desktop\\solvit\\2026\\my\\Task-management-backend\\src\\domain\\index.ts": {"path":"C:\\Users\\ntezi\\Desktop\\solvit\\2026\\my\\Task-management-backend\\src\\domain\\index.ts","statementMap":{"0":{"start":{"line":1,"column":0},"end":{"line":1,"column":27}},"1":{"start":{"line":2,"column":0},"end":{"line":2,"column":31}}},"fnMap":{},"branchMap":{},"s":{"0":2,"1":2},"f":{},"b":{}}
,"C:\\Users\\ntezi\\Desktop\\solvit\\2026\\my\\Task-management-backend\\src\\domain\\entities\\Activity.ts": {"path":"C:\\Users\\ntezi\\Desktop\\solvit\\2026\\my\\Task-management-backend\\src\\domain\\entities\\Activity.ts","statementMap":{"0":{"start":{"line":19,"column":4},"end":{"line":19,"column":23}},"1":{"start":{"line":20,"column":4},"end":{"line":20,"column":31}},"2":{"start":{"line":21,"column":4},"end":{"line":21,"column":31}},"3":{"start":{"line":22,"column":4},"end":{"line":22,"column":31}},"4":{"start":{"line":23,"column":4},"end":{"line":23,"column":35}},"5":{"start":{"line":24,"column":4},"end":{"line":24,"column":37}},"6":{"start":{"line":33,"column":4},"end":{"line":40,"column":7}},"7":{"start":{"line":44,"column":4},"end":{"line":44,"column":31}},"8":{"start":{"line":10,"column":0},"end":{"line":10,"column":13}}},"fnMap":{"0":{"name":"(anonymous_0)","decl":{"start":{"line":18,"column":2},"end":{"line":18,"column":22}},"loc":{"start":{"line":18,"column":42},"end":{"line":25,"column":3}}},"1":{"name":"(anonymous_1)","decl":{"start":{"line":27,"column":2},"end":{"line":27,"column":8}},"loc":{"start":{"line":32,"column":3},"end":{"line":41,"column":3}}},"2":{"name":"(anonymous_2)","decl":{"start":{"line":43,"column":2},"end":{"line":43,"column":8}},"loc":{"start":{"line":43,"column":45},"end":{"line":45,"column":3}}}},"branchMap":{},"s":{"0":0,"1":0,"2":0,"3":0,"4":0,"5":0,"6":0,"7":0,"8":1},"f":{"0":0,"1":0,"2":0},"b":{}}
,"C:\\Users\\ntezi\\Desktop\\solvit\\2026\\my\\Task-management-backend\\src\\domain\\entities\\AuditLog.ts": {"path":"C:\\Users\\ntezi\\Desktop\\solvit\\2026\\my\\Task-management-backend\\src\\domain\\entities\\AuditLog.ts","statementMap":{"0":{"start":{"line":3,"column":15},"end":{"line":3,"column":25}},"1":{"start":{"line":4,"column":15},"end":{"line":4,"column":29}},"2":{"start":{"line":5,"column":15},"end":{"line":5,"column":34}},"3":{"start":{"line":6,"column":15},"end":{"line":6,"column":33}},"4":{"start":{"line":7,"column":15},"end":{"line":7,"column":31}},"5":{"start":{"line":8,"column":15},"end":{"line":8,"column":28}},"6":{"start":{"line":1,"column":0},"end":{"line":1,"column":13}}},"fnMap":{"0":{"name":"(anonymous_0)","decl":{"start":{"line":2,"column":4},"end":{"line":2,"column":null}},"loc":{"start":{"line":8,"column":28},"end":{"line":9,"column":7}}}},"branchMap":{},"s":{"0":0,"1":0,"2":0,"3":0,"4":0,"5":0,"6":2},"f":{"0":0},"b":{}}
,"C:\\Users\\ntezi\\Desktop\\solvit\\2026\\my\\Task-management-backend\\src\\domain\\entities\\Board.ts": {"path":"C:\\Users\\ntezi\\Desktop\\solvit\\2026\\my\\Task-management-backend\\src\\domain\\entities\\Board.ts","statementMap":{"0":{"start":{"line":19,"column":4},"end":{"line":19,"column":23}},"1":{"start":{"line":20,"column":4},"end":{"line":20,"column":27}},"2":{"start":{"line":21,"column":4},"end":{"line":21,"column":37}},"3":{"start":{"line":22,"column":4},"end":{"line":22,"column":37}},"4":{"start":{"line":23,"column":4},"end":{"line":23,"column":37}},"5":{"start":{"line":24,"column":4},"end":{"line":24,"column":37}},"6":{"start":{"line":31,"column":4},"end":{"line":33,"column":null}},"7":{"start":{"line":32,"column":6},"end":{"line":32,"column":52}},"8":{"start":{"line":35,"column":4},"end":{"line":41,"column":7}},"9":{"start":{"line":45,"column":4},"end":{"line":45,"column":28}},"10":{"start":{"line":10,"column":0},"end":{"line":10,"column":13}}},"fnMap":{"0":{"name":"(anonymous_0)","decl":{"start":{"line":18,"column":2},"end":{"line":18,"column":22}},"loc":{"start":{"line":18,"column":39},"end":{"line":25,"column":3}}},"1":{"name":"(anonymous_1)","decl":{"start":{"line":27,"column":2},"end":{"line":27,"column":8}},"loc":{"start":{"line":30,"column":3},"end":{"line":42,"column":3}}},"2":{"name":"(anonymous_2)","decl":{"start":{"line":44,"column":2},"end":{"line":44,"column":8}},"loc":{"start":{"line":44,"column":42},"end":{"line":46,"column":3}}}},"branchMap":{"0":{"loc":{"start":{"line":31,"column":4},"end":{"line":33,"column":null}},"type":"if","locations":[{"start":{"line":31,"column":4},"end":{"line":33,"column":null}},{"start":{},"end":{}}]}},"s":{"0":0,"1":0,"2":0,"3":0,"4":0,"5":0,"6":0,"7":0,"8":0,"9":0,"10":2},"f":{"0":0,"1":0,"2":0},"b":{"0":[0,0]}}
,"C:\\Users\\ntezi\\Desktop\\solvit\\2026\\my\\Task-management-backend\\src\\domain\\entities\\Permission.ts": {"path":"C:\\Users\\ntezi\\Desktop\\solvit\\2026\\my\\Task-management-backend\\src\\domain\\entities\\Permission.ts","statementMap":{"0":{"start":{"line":3,"column":15},"end":{"line":3,"column":25}},"1":{"start":{"line":4,"column":15},"end":{"line":4,"column":27}},"2":{"start":{"line":5,"column":16},"end":{"line":5,"column":36}},"3":{"start":{"line":1,"column":0},"end":{"line":1,"column":13}}},"fnMap":{"0":{"name":"(anonymous_0)","decl":{"start":{"line":2,"column":4},"end":{"line":2,"column":null}},"loc":{"start":{"line":5,"column":36},"end":{"line":6,"column":8}}}},"branchMap":{},"s":{"0":0,"1":0,"2":0,"3":2},"f":{"0":0},"b":{}}
,"C:\\Users\\ntezi\\Desktop\\solvit\\2026\\my\\Task-management-backend\\src\\domain\\entities\\Project.ts": {"path":"C:\\Users\\ntezi\\Desktop\\solvit\\2026\\my\\Task-management-backend\\src\\domain\\entities\\Project.ts","statementMap":{"0":{"start":{"line":22,"column":4},"end":{"line":22,"column":23}},"1":{"start":{"line":23,"column":4},"end":{"line":23,"column":27}},"2":{"start":{"line":24,"column":4},"end":{"line":24,"column":33}},"3":{"start":{"line":25,"column":4},"end":{"line":25,"column":41}},"4":{"start":{"line":26,"column":4},"end":{"line":26,"column":37}},"5":{"start":{"line":27,"column":4},"end":{"line":27,"column":37}},"6":{"start":{"line":28,"column":4},"end":{"line":28,"column":37}},"7":{"start":{"line":32,"column":16},"end":{"line":32,"column":26}},"8":{"start":{"line":33,"column":4},"end":{"line":33,"column":149}},"9":{"start":{"line":37,"column":6},"end":{"line":37,"column":32}},"10":{"start":{"line":12,"column":0},"end":{"line":12,"column":13}}},"fnMap":{"0":{"name":"(anonymous_0)","decl":{"start":{"line":21,"column":2},"end":{"line":21,"column":22}},"loc":{"start":{"line":21,"column":41},"end":{"line":29,"column":3}}},"1":{"name":"(anonymous_1)","decl":{"start":{"line":31,"column":2},"end":{"line":31,"column":8}},"loc":{"start":{"line":31,"column":77},"end":{"line":34,"column":3}}},"2":{"name":"(anonymous_2)","decl":{"start":{"line":36,"column":2},"end":{"line":36,"column":8}},"loc":{"start":{"line":36,"column":44},"end":{"line":38,"column":5}}}},"branchMap":{"0":{"loc":{"start":{"line":33,"column":89},"end":{"line":33,"column":115}},"type":"binary-expr","locations":[{"start":{"line":33,"column":89},"end":{"line":33,"column":107}},{"start":{"line":33,"column":111},"end":{"line":33,"column":115}}]}},"s":{"0":0,"1":0,"2":0,"3":0,"4":0,"5":0,"6":0,"7":0,"8":0,"9":0,"10":2},"f":{"0":0,"1":0,"2":0},"b":{"0":[0,0]}}
,"C:\\Users\\ntezi\\Desktop\\solvit\\2026\\my\\Task-management-backend\\src\\domain\\entities\\Role.ts": {"path":"C:\\Users\\ntezi\\Desktop\\solvit\\2026\\my\\Task-management-backend\\src\\domain\\entities\\Role.ts","statementMap":{"0":{"start":{"line":3,"column":15},"end":{"line":3,"column":25}},"1":{"start":{"line":4,"column":15},"end":{"line":4,"column":27}},"2":{"start":{"line":5,"column":15},"end":{"line":5,"column":35}},"3":{"start":{"line":1,"column":0},"end":{"line":1,"column":13}}},"fnMap":{"0":{"name":"(anonymous_0)","decl":{"start":{"line":2,"column":4},"end":{"line":2,"column":null}},"loc":{"start":{"line":5,"column":35},"end":{"line":6,"column":7}}}},"branchMap":{},"s":{"0":0,"1":0,"2":0,"3":2},"f":{"0":0},"b":{}}
,"C:\\Users\\ntezi\\Desktop\\solvit\\2026\\my\\Task-management-backend\\src\\domain\\entities\\RolePermission.ts": {"path":"C:\\Users\\ntezi\\Desktop\\solvit\\2026\\my\\Task-management-backend\\src\\domain\\entities\\RolePermission.ts","statementMap":{"0":{"start":{"line":3,"column":15},"end":{"line":3,"column":29}},"1":{"start":{"line":4,"column":15},"end":{"line":4,"column":36}},"2":{"start":{"line":1,"column":0},"end":{"line":1,"column":13}}},"fnMap":{"0":{"name":"(anonymous_0)","decl":{"start":{"line":2,"column":4},"end":{"line":2,"column":null}},"loc":{"start":{"line":4,"column":36},"end":{"line":5,"column":7}}}},"branchMap":{},"s":{"0":0,"1":0,"2":2},"f":{"0":0},"b":{}}
,"C:\\Users\\ntezi\\Desktop\\solvit\\2026\\my\\Task-management-backend\\src\\domain\\entities\\Task.ts": {"path":"C:\\Users\\ntezi\\Desktop\\solvit\\2026\\my\\Task-management-backend\\src\\domain\\entities\\Task.ts","statementMap":{"0":{"start":{"line":26,"column":4},"end":{"line":26,"column":23}},"1":{"start":{"line":27,"column":4},"end":{"line":27,"column":29}},"2":{"start":{"line":28,"column":4},"end":{"line":28,"column":41}},"3":{"start":{"line":29,"column":4},"end":{"line":29,"column":35}},"4":{"start":{"line":30,"column":4},"end":{"line":30,"column":33}},"5":{"start":{"line":31,"column":4},"end":{"line":31,"column":33}},"6":{"start":{"line":32,"column":4},"end":{"line":32,"column":37}},"7":{"start":{"line":33,"column":4},"end":{"line":33,"column":37}},"8":{"start":{"line":34,"column":4},"end":{"line":34,"column":37}},"9":{"start":{"line":44,"column":14},"end":{"line":44,"column":24}},"10":{"start":{"line":45,"column":2},"end":{"line":54,"column":5}},"11":{"start":{"line":58,"column":4},"end":{"line":58,"column":27}},"12":{"start":{"line":14,"column":0},"end":{"line":14,"column":13}},"13":{"start":{"line":63,"column":2},"end":{"line":63,"column":90}},"14":{"start":{"line":63,"column":74},"end":{"line":63,"column":90}},"15":{"start":{"line":64,"column":2},"end":{"line":64,"column":14}},"16":{"start":{"line":62,"column":0},"end":{"line":62,"column":16}}},"fnMap":{"0":{"name":"(anonymous_0)","decl":{"start":{"line":25,"column":2},"end":{"line":25,"column":22}},"loc":{"start":{"line":25,"column":38},"end":{"line":35,"column":3}}},"1":{"name":"(anonymous_1)","decl":{"start":{"line":37,"column":2},"end":{"line":37,"column":8}},"loc":{"start":{"line":43,"column":1},"end":{"line":55,"column":1}}},"2":{"name":"(anonymous_2)","decl":{"start":{"line":57,"column":2},"end":{"line":57,"column":8}},"loc":{"start":{"line":57,"column":41},"end":{"line":59,"column":3}}},"3":{"name":"safePriority","decl":{"start":{"line":62,"column":16},"end":{"line":62,"column":28}},"loc":{"start":{"line":62,"column":53},"end":{"line":65,"column":1}}}},"branchMap":{"0":{"loc":{"start":{"line":48,"column":17},"end":{"line":48,"column":41}},"type":"cond-expr","locations":[{"start":{"line":48,"column":35},"end":{"line":48,"column":39}},{"start":{"line":48,"column":39},"end":{"line":48,"column":41}}]},"1":{"loc":{"start":{"line":48,"column":17},"end":{"line":48,"column":39}},"type":"binary-expr","locations":[{"start":{"line":48,"column":17},"end":{"line":48,"column":39}},{"start":{"line":48,"column":35},"end":{"line":48,"column":39}}]},"2":{"loc":{"start":{"line":49,"column":14},"end":{"line":49,"column":37}},"type":"cond-expr","locations":[{"start":{"line":49,"column":29},"end":{"line":49,"column":33}},{"start":{"line":49,"column":33},"end":{"line":49,"column":37}}]},"3":{"loc":{"start":{"line":49,"column":14},"end":{"line":49,"column":33}},"type":"binary-expr","locations":[{"start":{"line":49,"column":14},"end":{"line":49,"column":33}},{"start":{"line":49,"column":29},"end":{"line":49,"column":33}}]},"4":{"loc":{"start":{"line":50,"column":13},"end":{"line":50,"column":34}},"type":"cond-expr","locations":[{"start":{"line":50,"column":27},"end":{"line":50,"column":31}},{"start":{"line":50,"column":31},"end":{"line":50,"column":34}}]},"5":{"loc":{"start":{"line":50,"column":13},"end":{"line":50,"column":31}},"type":"binary-expr","locations":[{"start":{"line":50,"column":13},"end":{"line":50,"column":31}},{"start":{"line":50,"column":27},"end":{"line":50,"column":31}}]},"6":{"loc":{"start":{"line":63,"column":2},"end":{"line":63,"column":90}},"type":"if","locations":[{"start":{"line":63,"column":2},"end":{"line":63,"column":90}},{"start":{},"end":{}}]},"7":{"loc":{"start":{"line":63,"column":6},"end":{"line":63,"column":72}},"type":"binary-expr","locations":[{"start":{"line":63,"column":6},"end":{"line":63,"column":24}},{"start":{"line":63,"column":28},"end":{"line":63,"column":49}},{"start":{"line":63,"column":53},"end":{"line":63,"column":72}}]}},"s":{"0":0,"1":0,"2":0,"3":0,"4":0,"5":0,"6":0,"7":0,"8":0,"9":0,"10":0,"11":0,"12":1,"13":0,"14":0,"15":0,"16":1},"f":{"0":0,"1":0,"2":0,"3":0},"b":{"0":[0,0],"1":[0,0],"2":[0,0],"3":[0,0],"4":[0,0],"5":[0,0],"6":[0,0],"7":[0,0,0]}}
,"C:\\Users\\ntezi\\Desktop\\solvit\\2026\\my\\Task-management-backend\\src\\domain\\entities\\User.ts": {"path":"C:\\Users\\ntezi\\Desktop\\solvit\\2026\\my\\Task-management-backend\\src\\domain\\entities\\User.ts","statementMap":{"0":{"start":{"line":3,"column":15},"end":{"line":3,"column":25}},"1":{"start":{"line":4,"column":15},"end":{"line":4,"column":27}},"2":{"start":{"line":5,"column":15},"end":{"line":5,"column":28}},"3":{"start":{"line":6,"column":15},"end":{"line":6,"column":31}},"4":{"start":{"line":7,"column":15},"end":{"line":7,"column":35}},"5":{"start":{"line":8,"column":15},"end":{"line":8,"column":33}},"6":{"start":{"line":9,"column":15},"end":{"line":9,"column":33}},"7":{"start":{"line":1,"column":0},"end":{"line":1,"column":13}}},"fnMap":{"0":{"name":"(anonymous_0)","decl":{"start":{"line":2,"column":4},"end":{"line":2,"column":null}},"loc":{"start":{"line":9,"column":43},"end":{"line":10,"column":7}}}},"branchMap":{"0":{"loc":{"start":{"line":7,"column":15},"end":{"line":7,"column":39}},"type":"default-arg","locations":[{"start":{"line":7,"column":35},"end":{"line":7,"column":39}}]},"1":{"loc":{"start":{"line":8,"column":15},"end":{"line":8,"column":43}},"type":"default-arg","locations":[{"start":{"line":8,"column":33},"end":{"line":8,"column":43}}]},"2":{"loc":{"start":{"line":9,"column":15},"end":{"line":9,"column":43}},"type":"default-arg","locations":[{"start":{"line":9,"column":33},"end":{"line":9,"column":43}}]}},"s":{"0":5,"1":5,"2":5,"3":5,"4":5,"5":5,"6":5,"7":2},"f":{"0":5},"b":{"0":[0],"1":[0],"2":[0]}}
,"C:\\Users\\ntezi\\Desktop\\solvit\\2026\\my\\Task-management-backend\\src\\domain\\entities\\UserRole.ts": {"path":"C:\\Users\\ntezi\\Desktop\\solvit\\2026\\my\\Task-management-backend\\src\\domain\\entities\\UserRole.ts","statementMap":{"0":{"start":{"line":3,"column":11},"end":{"line":3,"column":25}},"1":{"start":{"line":4,"column":11},"end":{"line":4,"column":25}},"2":{"start":{"line":1,"column":0},"end":{"line":1,"column":13}}},"fnMap":{"0":{"name":"(anonymous_0)","decl":{"start":{"line":2,"column":2},"end":{"line":2,"column":null}},"loc":{"start":{"line":4,"column":25},"end":{"line":5,"column":6}}}},"branchMap":{},"s":{"0":0,"1":0,"2":2},"f":{"0":0},"b":{}}
,"C:\\Users\\ntezi\\Desktop\\solvit\\2026\\my\\Task-management-backend\\src\\domain\\entities\\index.ts": {"path":"C:\\Users\\ntezi\\Desktop\\solvit\\2026\\my\\Task-management-backend\\src\\domain\\entities\\index.ts","statementMap":{"0":{"start":{"line":1,"column":0},"end":{"line":1,"column":29}},"1":{"start":{"line":2,"column":0},"end":{"line":2,"column":24}},"2":{"start":{"line":3,"column":0},"end":{"line":3,"column":34}},"3":{"start":{"line":4,"column":0},"end":{"line":4,"column":24}},"4":{"start":{"line":5,"column":0},"end":{"line":5,"column":28}},"5":{"start":{"line":6,"column":0},"end":{"line":6,"column":28}},"6":{"start":{"line":7,"column":0},"end":{"line":7,"column":26}},"7":{"start":{"line":8,"column":0},"end":{"line":8,"column":23}}},"fnMap":{},"branchMap":{},"s":{"0":2,"1":2,"2":2,"3":2,"4":2,"5":2,"6":2,"7":2},"f":{},"b":{}}
,"C:\\Users\\ntezi\\Desktop\\solvit\\2026\\my\\Task-management-backend\\src\\domain\\repositories\\index.ts": {"path":"C:\\Users\\ntezi\\Desktop\\solvit\\2026\\my\\Task-management-backend\\src\\domain\\repositories\\index.ts","statementMap":{"0":{"start":{"line":1,"column":0},"end":{"line":1,"column":39}},"1":{"start":{"line":2,"column":0},"end":{"line":2,"column":33}},"2":{"start":{"line":3,"column":0},"end":{"line":3,"column":33}},"3":{"start":{"line":4,"column":0},"end":{"line":4,"column":37}}},"fnMap":{},"branchMap":{},"s":{"0":2,"1":2,"2":2,"3":2},"f":{},"b":{}}
,"C:\\Users\\ntezi\\Desktop\\solvit\\2026\\my\\Task-management-backend\\src\\infrastructure\\index.ts": {"path":"C:\\Users\\ntezi\\Desktop\\solvit\\2026\\my\\Task-management-backend\\src\\infrastructure\\index.ts","statementMap":{"0":{"start":{"line":1,"column":0},"end":{"line":1,"column":27}},"1":{"start":{"line":2,"column":0},"end":{"line":2,"column":31}}},"fnMap":{},"branchMap":{},"s":{"0":2,"1":2},"f":{},"b":{}}
,"C:\\Users\\ntezi\\Desktop\\solvit\\2026\\my\\Task-management-backend\\src\\infrastructure\\database\\index.ts": {"path":"C:\\Users\\ntezi\\Desktop\\solvit\\2026\\my\\Task-management-backend\\src\\infrastructure\\database\\index.ts","statementMap":{"0":{"start":{"line":1,"column":0},"end":{"line":1,"column":25}},"1":{"start":{"line":2,"column":0},"end":{"line":2,"column":29}}},"fnMap":{},"branchMap":{},"s":{"0":2,"1":2},"f":{},"b":{}}
,"C:\\Users\\ntezi\\Desktop\\solvit\\2026\\my\\Task-management-backend\\src\\infrastructure\\database\\sequelizer.ts": {"path":"C:\\Users\\ntezi\\Desktop\\solvit\\2026\\my\\Task-management-backend\\src\\infrastructure\\database\\sequelizer.ts","statementMap":{"0":{"start":{"line":1,"column":0},"end":{"line":1,"column":38}},"1":{"start":{"line":2,"column":0},"end":{"line":2,"column":39}},"2":{"start":{"line":4,"column":13},"end":{"line":13,"column":3}}},"fnMap":{},"branchMap":{},"s":{"0":2,"1":2,"2":2},"f":{},"b":{}}
,"C:\\Users\\ntezi\\Desktop\\solvit\\2026\\my\\Task-management-backend\\src\\infrastructure\\database\\models\\ActivityModel.ts": {"path":"C:\\Users\\ntezi\\Desktop\\solvit\\2026\\my\\Task-management-backend\\src\\infrastructure\\database\\models\\ActivityModel.ts","statementMap":{"0":{"start":{"line":1,"column":0},"end":{"line":1,"column":56}},"1":{"start":{"line":3,"column":0},"end":{"line":3,"column":13}},"2":{"start":{"line":12,"column":33},"end":{"line":45,"column":1}},"3":{"start":{"line":13,"column":2},"end":{"line":44,"column":4}},"4":{"start":{"line":12,"column":13},"end":{"line":12,"column":33}}},"fnMap":{"0":{"name":"(anonymous_0)","decl":{"start":{"line":12,"column":33},"end":{"line":12,"column":34}},"loc":{"start":{"line":12,"column":58},"end":{"line":45,"column":1}}}},"branchMap":{},"s":{"0":2,"1":2,"2":2,"3":0,"4":2},"f":{"0":0},"b":{}}
,"C:\\Users\\ntezi\\Desktop\\solvit\\2026\\my\\Task-management-backend\\src\\infrastructure\\database\\models\\AuditLogModel.ts": {"path":"C:\\Users\\ntezi\\Desktop\\solvit\\2026\\my\\Task-management-backend\\src\\infrastructure\\database\\models\\AuditLogModel.ts","statementMap":{"0":{"start":{"line":1,"column":0},"end":{"line":1,"column":56}},"1":{"start":{"line":13,"column":8},"end":{"line":52,"column":null}},"2":{"start":{"line":4,"column":0},"end":{"line":4,"column":13}}},"fnMap":{"0":{"name":"(anonymous_0)","decl":{"start":{"line":12,"column":4},"end":{"line":12,"column":10}},"loc":{"start":{"line":12,"column":42},"end":{"line":53,"column":5}}}},"branchMap":{},"s":{"0":2,"1":0,"2":2},"f":{"0":0},"b":{}}
,"C:\\Users\\ntezi\\Desktop\\solvit\\2026\\my\\Task-management-backend\\src\\infrastructure\\database\\models\\BoardModel.ts": {"path":"C:\\Users\\ntezi\\Desktop\\solvit\\2026\\my\\Task-management-backend\\src\\infrastructure\\database\\models\\BoardModel.ts","statementMap":{"0":{"start":{"line":1,"column":0},"end":{"line":1,"column":56}},"1":{"start":{"line":12,"column":8},"end":{"line":34,"column":10}},"2":{"start":{"line":3,"column":0},"end":{"line":3,"column":13}}},"fnMap":{"0":{"name":"(anonymous_0)","decl":{"start":{"line":11,"column":4},"end":{"line":11,"column":10}},"loc":{"start":{"line":11,"column":42},"end":{"line":35,"column":5}}}},"branchMap":{},"s":{"0":2,"1":2,"2":2},"f":{"0":2},"b":{}}
,"C:\\Users\\ntezi\\Desktop\\solvit\\2026\\my\\Task-management-backend\\src\\infrastructure\\database\\models\\PermissionModel.ts": {"path":"C:\\Users\\ntezi\\Desktop\\solvit\\2026\\my\\Task-management-backend\\src\\infrastructure\\database\\models\\PermissionModel.ts","statementMap":{"0":{"start":{"line":1,"column":0},"end":{"line":1,"column":56}},"1":{"start":{"line":9,"column":8},"end":{"line":29,"column":null}},"2":{"start":{"line":3,"column":0},"end":{"line":3,"column":13}}},"fnMap":{"0":{"name":"(anonymous_0)","decl":{"start":{"line":8,"column":4},"end":{"line":8,"column":10}},"loc":{"start":{"line":8,"column":42},"end":{"line":30,"column":5}}}},"branchMap":{},"s":{"0":2,"1":2,"2":2},"f":{"0":2},"b":{}}
,"C:\\Users\\ntezi\\Desktop\\solvit\\2026\\my\\Task-management-backend\\src\\infrastructure\\database\\models\\ProjectModel.ts": {"path":"C:\\Users\\ntezi\\Desktop\\solvit\\2026\\my\\Task-management-backend\\src\\infrastructure\\database\\models\\ProjectModel.ts","statementMap":{"0":{"start":{"line":1,"column":0},"end":{"line":1,"column":56}},"1":{"start":{"line":13,"column":8},"end":{"line":39,"column":10}},"2":{"start":{"line":3,"column":0},"end":{"line":3,"column":13}}},"fnMap":{"0":{"name":"(anonymous_0)","decl":{"start":{"line":12,"column":4},"end":{"line":12,"column":10}},"loc":{"start":{"line":12,"column":42},"end":{"line":40,"column":5}}}},"branchMap":{},"s":{"0":2,"1":2,"2":2},"f":{"0":2},"b":{}}
,"C:\\Users\\ntezi\\Desktop\\solvit\\2026\\my\\Task-management-backend\\src\\infrastructure\\database\\models\\ProjectUserModel.ts": {"path":"C:\\Users\\ntezi\\Desktop\\solvit\\2026\\my\\Task-management-backend\\src\\infrastructure\\database\\models\\ProjectUserModel.ts","statementMap":{"0":{"start":{"line":1,"column":0},"end":{"line":1,"column":56}},"1":{"start":{"line":11,"column":8},"end":{"line":28,"column":10}},"2":{"start":{"line":3,"column":0},"end":{"line":3,"column":13}}},"fnMap":{"0":{"name":"(anonymous_0)","decl":{"start":{"line":10,"column":4},"end":{"line":10,"column":10}},"loc":{"start":{"line":10,"column":42},"end":{"line":29,"column":5}}}},"branchMap":{},"s":{"0":2,"1":2,"2":2},"f":{"0":2},"b":{}}
,"C:\\Users\\ntezi\\Desktop\\solvit\\2026\\my\\Task-management-backend\\src\\infrastructure\\database\\models\\RefreshTokenModel.ts": {"path":"C:\\Users\\ntezi\\Desktop\\solvit\\2026\\my\\Task-management-backend\\src\\infrastructure\\database\\models\\RefreshTokenModel.ts","statementMap":{"0":{"start":{"line":1,"column":0},"end":{"line":1,"column":56}},"1":{"start":{"line":13,"column":8},"end":{"line":46,"column":10}},"2":{"start":{"line":3,"column":0},"end":{"line":3,"column":13}}},"fnMap":{"0":{"name":"(anonymous_0)","decl":{"start":{"line":12,"column":4},"end":{"line":12,"column":10}},"loc":{"start":{"line":12,"column":42},"end":{"line":47,"column":5}}}},"branchMap":{},"s":{"0":2,"1":2,"2":2},"f":{"0":2},"b":{}}
,"C:\\Users\\ntezi\\Desktop\\solvit\\2026\\my\\Task-management-backend\\src\\infrastructure\\database\\models\\RoleModel.ts": {"path":"C:\\Users\\ntezi\\Desktop\\solvit\\2026\\my\\Task-management-backend\\src\\infrastructure\\database\\models\\RoleModel.ts","statementMap":{"0":{"start":{"line":1,"column":0},"end":{"line":1,"column":56}},"1":{"start":{"line":9,"column":8},"end":{"line":29,"column":null}},"2":{"start":{"line":3,"column":0},"end":{"line":3,"column":13}}},"fnMap":{"0":{"name":"(anonymous_0)","decl":{"start":{"line":8,"column":4},"end":{"line":8,"column":10}},"loc":{"start":{"line":8,"column":42},"end":{"line":30,"column":5}}}},"branchMap":{},"s":{"0":2,"1":2,"2":2},"f":{"0":2},"b":{}}
,"C:\\Users\\ntezi\\Desktop\\solvit\\2026\\my\\Task-management-backend\\src\\infrastructure\\database\\models\\RolePermissionModel.ts": {"path":"C:\\Users\\ntezi\\Desktop\\solvit\\2026\\my\\Task-management-backend\\src\\infrastructure\\database\\models\\RolePermissionModel.ts","statementMap":{"0":{"start":{"line":1,"column":0},"end":{"line":1,"column":56}},"1":{"start":{"line":11,"column":4},"end":{"line":37,"column":6}},"2":{"start":{"line":3,"column":0},"end":{"line":3,"column":13}}},"fnMap":{"0":{"name":"(anonymous_0)","decl":{"start":{"line":10,"column":2},"end":{"line":10,"column":8}},"loc":{"start":{"line":10,"column":40},"end":{"line":39,"column":3}}}},"branchMap":{},"s":{"0":2,"1":2,"2":2},"f":{"0":2},"b":{}}
,"C:\\Users\\ntezi\\Desktop\\solvit\\2026\\my\\Task-management-backend\\src\\infrastructure\\database\\models\\TaskAssignmentModel.ts": {"path":"C:\\Users\\ntezi\\Desktop\\solvit\\2026\\my\\Task-management-backend\\src\\infrastructure\\database\\models\\TaskAssignmentModel.ts","statementMap":{"0":{"start":{"line":1,"column":0},"end":{"line":1,"column":56}},"1":{"start":{"line":11,"column":8},"end":{"line":28,"column":10}},"2":{"start":{"line":3,"column":0},"end":{"line":3,"column":13}}},"fnMap":{"0":{"name":"(anonymous_0)","decl":{"start":{"line":10,"column":4},"end":{"line":10,"column":10}},"loc":{"start":{"line":10,"column":42},"end":{"line":29,"column":5}}}},"branchMap":{},"s":{"0":2,"1":2,"2":2},"f":{"0":2},"b":{}}
,"C:\\Users\\ntezi\\Desktop\\solvit\\2026\\my\\Task-management-backend\\src\\infrastructure\\database\\models\\TaskModel.ts": {"path":"C:\\Users\\ntezi\\Desktop\\solvit\\2026\\my\\Task-management-backend\\src\\infrastructure\\database\\models\\TaskModel.ts","statementMap":{"0":{"start":{"line":1,"column":0},"end":{"line":1,"column":56}},"1":{"start":{"line":15,"column":8},"end":{"line":49,"column":10}},"2":{"start":{"line":3,"column":0},"end":{"line":3,"column":13}}},"fnMap":{"0":{"name":"(anonymous_0)","decl":{"start":{"line":14,"column":4},"end":{"line":14,"column":10}},"loc":{"start":{"line":14,"column":42},"end":{"line":50,"column":5}}}},"branchMap":{},"s":{"0":2,"1":2,"2":2},"f":{"0":2},"b":{}}
,"C:\\Users\\ntezi\\Desktop\\solvit\\2026\\my\\Task-management-backend\\src\\infrastructure\\database\\models\\UserModel.ts": {"path":"C:\\Users\\ntezi\\Desktop\\solvit\\2026\\my\\Task-management-backend\\src\\infrastructure\\database\\models\\UserModel.ts","statementMap":{"0":{"start":{"line":1,"column":0},"end":{"line":1,"column":56}},"1":{"start":{"line":14,"column":8},"end":{"line":45,"column":10}},"2":{"start":{"line":3,"column":0},"end":{"line":3,"column":13}}},"fnMap":{"0":{"name":"(anonymous_0)","decl":{"start":{"line":13,"column":4},"end":{"line":13,"column":10}},"loc":{"start":{"line":13,"column":42},"end":{"line":46,"column":5}}}},"branchMap":{},"s":{"0":2,"1":2,"2":2},"f":{"0":2},"b":{}}
,"C:\\Users\\ntezi\\Desktop\\solvit\\2026\\my\\Task-management-backend\\src\\infrastructure\\database\\models\\UserRoleModel.ts": {"path":"C:\\Users\\ntezi\\Desktop\\solvit\\2026\\my\\Task-management-backend\\src\\infrastructure\\database\\models\\UserRoleModel.ts","statementMap":{"0":{"start":{"line":1,"column":0},"end":{"line":1,"column":56}},"1":{"start":{"line":11,"column":4},"end":{"line":37,"column":6}},"2":{"start":{"line":3,"column":0},"end":{"line":3,"column":13}}},"fnMap":{"0":{"name":"(anonymous_0)","decl":{"start":{"line":10,"column":2},"end":{"line":10,"column":8}},"loc":{"start":{"line":10,"column":40},"end":{"line":38,"column":3}}}},"branchMap":{},"s":{"0":2,"1":2,"2":2},"f":{"0":2},"b":{}}
,"C:\\Users\\ntezi\\Desktop\\solvit\\2026\\my\\Task-management-backend\\src\\infrastructure\\database\\models\\index.ts": {"path":"C:\\Users\\ntezi\\Desktop\\solvit\\2026\\my\\Task-management-backend\\src\\infrastructure\\database\\models\\index.ts","statementMap":{"0":{"start":{"line":1,"column":0},"end":{"line":1,"column":9}},"1":{"start":{"line":53,"column":2},"end":{"line":1,"column":42}},"2":{"start":{"line":2,"column":0},"end":{"line":2,"column":9}},"3":{"start":{"line":54,"column":2},"end":{"line":2,"column":40}},"4":{"start":{"line":3,"column":0},"end":{"line":3,"column":9}},"5":{"start":{"line":55,"column":2},"end":{"line":3,"column":40}},"6":{"start":{"line":4,"column":0},"end":{"line":4,"column":9}},"7":{"start":{"line":56,"column":2},"end":{"line":4,"column":52}},"8":{"start":{"line":5,"column":0},"end":{"line":5,"column":9}},"9":{"start":{"line":57,"column":2},"end":{"line":5,"column":48}},"10":{"start":{"line":6,"column":0},"end":{"line":6,"column":9}},"11":{"start":{"line":58,"column":2},"end":{"line":6,"column":60}},"12":{"start":{"line":7,"column":0},"end":{"line":7,"column":9}},"13":{"start":{"line":59,"column":2},"end":{"line":7,"column":56}},"14":{"start":{"line":9,"column":0},"end":{"line":9,"column":9}},"15":{"start":{"line":61,"column":2},"end":{"line":9,"column":42}},"16":{"start":{"line":10,"column":0},"end":{"line":10,"column":9}},"17":{"start":{"line":60,"column":2},"end":{"line":10,"column":46}},"18":{"start":{"line":11,"column":0},"end":{"line":11,"column":9}},"19":{"start":{"line":63,"column":2},"end":{"line":11,"column":54}},"20":{"start":{"line":12,"column":0},"end":{"line":12,"column":9}},"21":{"start":{"line":62,"column":2},"end":{"line":12,"column":40}},"22":{"start":{"line":13,"column":0},"end":{"line":13,"column":9}},"23":{"start":{"line":64,"column":2},"end":{"line":13,"column":60}},"24":{"start":{"line":15,"column":0},"end":{"line":15,"column":32}},"25":{"start":{"line":16,"column":0},"end":{"line":16,"column":32}},"26":{"start":{"line":17,"column":0},"end":{"line":17,"column":38}},"27":{"start":{"line":18,"column":0},"end":{"line":18,"column":36}},"28":{"start":{"line":19,"column":0},"end":{"line":19,"column":42}},"29":{"start":{"line":20,"column":0},"end":{"line":20,"column":40}},"30":{"start":{"line":21,"column":0},"end":{"line":21,"column":35}},"31":{"start":{"line":22,"column":0},"end":{"line":22,"column":39}},"32":{"start":{"line":23,"column":0},"end":{"line":23,"column":42}},"33":{"start":{"line":24,"column":0},"end":{"line":24,"column":33}},"34":{"start":{"line":25,"column":0},"end":{"line":25,"column":32}},"35":{"start":{"line":28,"column":0},"end":{"line":28,"column":98}},"36":{"start":{"line":29,"column":0},"end":{"line":29,"column":98}},"37":{"start":{"line":31,"column":0},"end":{"line":31,"column":116}},"38":{"start":{"line":32,"column":0},"end":{"line":32,"column":116}},"39":{"start":{"line":34,"column":0},"end":{"line":34,"column":77}},"40":{"start":{"line":35,"column":0},"end":{"line":35,"column":84}},"41":{"start":{"line":38,"column":0},"end":{"line":38,"column":109}},"42":{"start":{"line":39,"column":0},"end":{"line":39,"column":107}},"43":{"start":{"line":41,"column":0},"end":{"line":41,"column":76}},"44":{"start":{"line":42,"column":0},"end":{"line":42,"column":79}},"45":{"start":{"line":44,"column":0},"end":{"line":44,"column":70}},"46":{"start":{"line":45,"column":0},"end":{"line":45,"column":72}},"47":{"start":{"line":46,"column":0},"end":{"line":46,"column":80}},"48":{"start":{"line":48,"column":0},"end":{"line":48,"column":108}},"49":{"start":{"line":49,"column":0},"end":{"line":49,"column":104}},"50":{"start":{"line":67,"column":0},"end":{"line":67,"column":34}},"51":{"start":{"line":68,"column":0},"end":{"line":68,"column":28}},"52":{"start":{"line":69,"column":0},"end":{"line":69,"column":38}},"53":{"start":{"line":70,"column":0},"end":{"line":70,"column":28}},"54":{"start":{"line":71,"column":0},"end":{"line":71,"column":32}},"55":{"start":{"line":72,"column":0},"end":{"line":72,"column":36}},"56":{"start":{"line":73,"column":0},"end":{"line":73,"column":32}},"57":{"start":{"line":74,"column":0},"end":{"line":74,"column":32}},"58":{"start":{"line":75,"column":0},"end":{"line":75,"column":29}},"59":{"start":{"line":76,"column":0},"end":{"line":76,"column":31}},"60":{"start":{"line":77,"column":0},"end":{"line":77,"column":35}},"61":{"start":{"line":78,"column":0},"end":{"line":78,"column":38}},"62":{"start":{"line":79,"column":0},"end":{"line":79,"column":28}}},"fnMap":{"0":{"name":"(anonymous_4)","decl":{"start":{"line":53,"column":2},"end":{"line":53,"column":11}},"loc":{"start":{"line":53,"column":2},"end":{"line":1,"column":42}}},"1":{"name":"(anonymous_5)","decl":{"start":{"line":54,"column":2},"end":{"line":54,"column":11}},"loc":{"start":{"line":54,"column":2},"end":{"line":2,"column":40}}},"2":{"name":"(anonymous_6)","decl":{"start":{"line":55,"column":2},"end":{"line":55,"column":11}},"loc":{"start":{"line":55,"column":2},"end":{"line":3,"column":40}}},"3":{"name":"(anonymous_7)","decl":{"start":{"line":56,"column":2},"end":{"line":56,"column":17}},"loc":{"start":{"line":56,"column":2},"end":{"line":4,"column":52}}},"4":{"name":"(anonymous_8)","decl":{"start":{"line":57,"column":2},"end":{"line":57,"column":15}},"loc":{"start":{"line":57,"column":2},"end":{"line":5,"column":48}}},"5":{"name":"(anonymous_9)","decl":{"start":{"line":58,"column":2},"end":{"line":58,"column":21}},"loc":{"start":{"line":58,"column":2},"end":{"line":6,"column":60}}},"6":{"name":"(anonymous_10)","decl":{"start":{"line":59,"column":2},"end":{"line":59,"column":19}},"loc":{"start":{"line":59,"column":2},"end":{"line":7,"column":56}}},"7":{"name":"(anonymous_11)","decl":{"start":{"line":61,"column":2},"end":{"line":61,"column":12}},"loc":{"start":{"line":61,"column":2},"end":{"line":9,"column":42}}},"8":{"name":"(anonymous_12)","decl":{"start":{"line":60,"column":2},"end":{"line":60,"column":14}},"loc":{"start":{"line":60,"column":2},"end":{"line":10,"
[...]
,"C:\\Users\\ntezi\\Desktop\\solvit\\2026\\my\\Task-management-backend\\src\\shared\\errors\\AppError.ts": {"path":"C:\\Users\\ntezi\\Desktop\\solvit\\2026\\my\\Task-management-backend\\src\\shared\\errors\\AppError.ts","statementMap":{"0":{"start":{"line":5,"column":8},"end":{"line":5,"column":23}},"1":{"start":{"line":6,"column":8},"end":{"line":6,"column":37}},"2":{"start":{"line":7,"column":8},"end":{"line":7,"column":56}},"3":{"start":{"line":1,"column":0},"end":{"line":1,"column":13}}},"fnMap":{"0":{"name":"(anonymous_0)","decl":{"start":{"line":4,"column":4},"end":{"line":4,"column":16}},"loc":{"start":{"line":4,"column":48},"end":{"line":8,"column":5}}}},"branchMap":{"0":{"loc":{"start":{"line":4,"column":33},"end":{"line":4,"column":48}},"type":"default-arg","locations":[{"start":{"line":4,"column":45},"end":{"line":4,"column":48}}]}},"s":{"0":4,"1":4,"2":4,"3":1},"f":{"0":4},"b":{"0":[0]}}
,"C:\\Users\\ntezi\\Desktop\\solvit\\2026\\my\\Task-management-backend\\src\\shared\\errors\\GlobalErrorHandler.ts": {"path":"C:\\Users\\ntezi\\Desktop\\solvit\\2026\\my\\Task-management-backend\\src\\shared\\errors\\GlobalErrorHandler.ts","statementMap":{"0":{"start":{"line":2,"column":0},"end":{"line":2,"column":38}},"1":{"start":{"line":4,"column":34},"end":{"line":22,"column":1}},"2":{"start":{"line":10,"column":4},"end":{"line":15,"column":null}},"3":{"start":{"line":11,"column":8},"end":{"line":14,"column":11}},"4":{"start":{"line":17,"column":4},"end":{"line":17,"column":23}},"5":{"start":{"line":18,"column":4},"end":{"line":21,"column":7}},"6":{"start":{"line":4,"column":13},"end":{"line":4,"column":34}}},"fnMap":{"0":{"name":"(anonymous_0)","decl":{"start":{"line":4,"column":34},"end":{"line":4,"column":null}},"loc":{"start":{"line":9,"column":4},"end":{"line":22,"column":1}}}},"branchMap":{"0":{"loc":{"start":{"line":10,"column":4},"end":{"line":15,"column":null}},"type":"if","locations":[{"start":{"line":10,"column":4},"end":{"line":15,"column":null}},{"start":{},"end":{}}]}},"s":{"0":1,"1":1,"2":3,"3":3,"4":0,"5":0,"6":1},"f":{"0":3},"b":{"0":[3,0]}}
,"C:\\Users\\ntezi\\Desktop\\solvit\\2026\\my\\Task-management-backend\\src\\shared\\errors\\index.ts": {"path":"C:\\Users\\ntezi\\Desktop\\solvit\\2026\\my\\Task-management-backend\\src\\shared\\errors\\index.ts","statementMap":{"0":{"start":{"line":1,"column":0},"end":{"line":1,"column":27}},"1":{"start":{"line":2,"column":0},"end":{"line":2,"column":37}}},"fnMap":{},"branchMap":{},"s":{"0":1,"1":1},"f":{},"b":{}}
,"C:\\Users\\ntezi\\Desktop\\solvit\\2026\\my\\Task-management-backend\\src\\shared\\middlewares\\AuthMiddleware.ts": {"path":"C:\\Users\\ntezi\\Desktop\\solvit\\2026\\my\\Task-management-backend\\src\\shared\\middlewares\\AuthMiddleware.ts","statementMap":{"0":{"start":{"line":2,"column":0},"end":{"line":2,"column":49}},"1":{"start":{"line":3,"column":0},"end":{"line":3,"column":37}},"2":{"start":{"line":6,"column":30},"end":{"line":25,"column":1}},"3":{"start":{"line":11,"column":19},"end":{"line":11,"column":44}},"4":{"start":{"line":12,"column":4},"end":{"line":14,"column":null}},"5":{"start":{"line":13,"column":8},"end":{"line":13,"column":48}},"6":{"start":{"line":16,"column":18},"end":{"line":16,"column":38}},"7":{"start":{"line":18,"column":4},"end":{"line":24,"column":null}},"8":{"start":{"line":19,"column":24},"end":{"line":19,"column":70}},"9":{"start":{"line":20,"column":8},"end":{"line":20,"column":27}},"10":{"start":{"line":21,"column":8},"end":{"line":21,"column":15}},"11":{"start":{"line":23,"column":8},"end":{"line":23,"column":60}},"12":{"start":{"line":6,"column":13},"end":{"line":6,"column":30}}},"fnMap":{"0":{"name":"(anonymous_0)","decl":{"start":{"line":6,"column":30},"end":{"line":6,"column":null}},"loc":{"start":{"line":10,"column":4},"end":{"line":25,"column":1}}}},"branchMap":{"0":{"loc":{"start":{"line":12,"column":4},"end":{"line":14,"column":null}},"type":"if","locations":[{"start":{"line":12,"column":4},"end":{"line":14,"column":null}},{"start":{},"end":{}}]},"1":{"loc":{"start":{"line":12,"column":8},"end":{"line":12,"column":48}},"type":"binary-expr","locations":[{"start":{"line":12,"column":8},"end":{"line":12,"column":15}},{"start":{"line":12,"column":19},"end":{"line":12,"column":48}}]}},"s":{"0":1,"1":1,"2":1,"3":0,"4":0,"5":0,"6":0,"7":0,"8":0,"9":0,"10":0,"11":0,"12":1},"f":{"0":0},"b":{"0":[0,0],"1":[0,0]}}
,"C:\\Users\\ntezi\\Desktop\\solvit\\2026\\my\\Task-management-backend\\src\\shared\\middlewares\\RbacMiddleware.ts": {"path":"C:\\Users\\ntezi\\Desktop\\solvit\\2026\\my\\Task-management-backend\\src\\shared\\middlewares\\RbacMiddleware.ts","statementMap":{"0":{"start":{"line":2,"column":0},"end":{"line":2,"column":37}},"1":{"start":{"line":3,"column":0},"end":{"line":3,"column":49}},"2":{"start":{"line":4,"column":0},"end":{"line":4,"column":49}},"3":{"start":{"line":5,"column":0},"end":{"line":5,"column":55}},"4":{"start":{"line":11,"column":30},"end":{"line":40,"column":6}},"5":{"start":{"line":12,"column":4},"end":{"line":40,"column":6}},"6":{"start":{"line":12,"column":62},"end":{"line":40,"column":6}},"7":{"start":{"line":13,"column":8},"end":{"line":15,"column":null}},"8":{"start":{"line":14,"column":12},"end":{"line":14,"column":52}},"9":{"start":{"line":17,"column":21},"end":{"line":23,"column":27}},"10":{"start":{"line":25,"column":8},"end":{"line":25,"column":61}},"11":{"start":{"line":25,"column":19},"end":{"line":25,"column":61}},"12":{"start":{"line":27,"column":28},"end":{"line":27,"column":45}},"13":{"start":{"line":29,"column":8},"end":{"line":33,"column":11}},"14":{"start":{"line":30,"column":12},"end":{"line":32,"column":15}},"15":{"start":{"line":31,"column":16},"end":{"line":31,"column":43}},"16":{"start":{"line":35,"column":8},"end":{"line":37,"column":null}},"17":{"start":{"line":36,"column":12},"end":{"line":36,"column":49}},"18":{"start":{"line":39,"column":8},"end":{"line":39,"column":15}},"19":{"start":{"line":11,"column":13},"end":{"line":11,"column":30}}},"fnMap":{"0":{"name":"(anonymous_7)","decl":{"start":{"line":11,"column":30},"end":{"line":11,"column":31}},"loc":{"start":{"line":12,"column":4},"end":{"line":40,"column":6}}},"1":{"name":"(anonymous_8)","decl":{"start":{"line":12,"column":4},"end":{"line":12,"column":11}},"loc":{"start":{"line":12,"column":62},"end":{"line":40,"column":6}}},"2":{"name":"(anonymous_9)","decl":{"start":{"line":12,"column":62},"end":{"line":12,"column":null}},"loc":{"start":{"line":12,"column":62},"end":{"line":40,"column":5}}},"3":{"name":"(anonymous_10)","decl":{"start":{"line":29,"column":35},"end":{"line":29,"column":36}},"loc":{"start":{"line":29,"column":44},"end":{"line":33,"column":9}}},"4":{"name":"(anonymous_11)","decl":{"start":{"line":30,"column":45},"end":{"line":30,"column":46}},"loc":{"start":{"line":30,"column":54},"end":{"line":32,"column":13}}}},"branchMap":{"0":{"loc":{"start":{"line":13,"column":8},"end":{"line":15,"column":null}},"type":"if","locations":[{"start":{"line":13,"column":8},"end":{"line":15,"column":null}},{"start":{},"end":{}}]},"1":{"loc":{"start":{"line":25,"column":8},"end":{"line":25,"column":61}},"type":"if","locations":[{"start":{"line":25,"column":8},"end":{"line":25,"column":61}},{"start":{},"end":{}}]},"2":{"loc":{"start":{"line":29,"column":9},"end":{"line":29,"column":25}},"type":"binary-expr","locations":[{"start":{"line":29,"column":9},"end":{"line":29,"column":19}},{"start":{"line":29,"column":23},"end":{"line":29,"column":25}}]},"3":{"loc":{"start":{"line":30,"column":13},"end":{"line":30,"column":35}},"type":"binary-expr","locations":[{"start":{"line":30,"column":13},"end":{"line":30,"column":29}},{"start":{"line":30,"column":33},"end":{"line":30,"column":35}}]},"4":{"loc":{"start":{"line":35,"column":8},"end":{"line":37,"column":null}},"type":"if","locations":[{"start":{"line":35,"column":8},"end":{"line":37,"column":null}},{"start":{},"end":{}}]}},"s":{"0":1,"1":1,"2":1,"3":1,"4":1,"5":5,"6":0,"7":0,"8":0,"9":0,"10":0,"11":0,"12":0,"13":0,"14":0,"15":0,"16":0,"17":0,"18":0,"19":1},"f":{"0":5,"1":0,"2":0,"3":0,"4":0},"b":{"0":[0,0],"1":[0,0],"2":[0,0],"3":[0,0],"4":[0,0]}}
,"C:\\Users\\ntezi\\Desktop\\solvit\\2026\\my\\Task-management-backend\\src\\shared\\middlewares\\index.ts": {"path":"C:\\Users\\ntezi\\Desktop\\solvit\\2026\\my\\Task-management-backend\\src\\shared\\middlewares\\index.ts","statementMap":{"0":{"start":{"line":1,"column":0},"end":{"line":1,"column":33}},"1":{"start":{"line":2,"column":0},"end":{"line":2,"column":33}}},"fnMap":{},"branchMap":{},"s":{"0":1,"1":1},"f":{},"b":{}}
,"C:\\Users\\ntezi\\Desktop\\solvit\\2026\\my\\Task-management-backend\\src\\shared\\utils\\auditLogger.ts": {"path":"C:\\Users\\ntezi\\Desktop\\solvit\\2026\\my\\Task-management-backend\\src\\shared\\utils\\auditLogger.ts","statementMap":{"0":{"start":{"line":1,"column":0},"end":{"line":1,"column":53}},"1":{"start":{"line":11,"column":24},"end":{"line":29,"column":2}},"2":{"start":{"line":17,"column":35},"end":{"line":29,"column":2}},"3":{"start":{"line":18,"column":2},"end":{"line":28,"column":null}},"4":{"start":{"line":19,"column":4},"end":{"line":25,"column":7}},"5":{"start":{"line":27,"column":4},"end":{"line":27,"column":65}},"6":{"start":{"line":11,"column":13},"end":{"line":11,"column":24}}},"fnMap":{"0":{"name":"(anonymous_7)","decl":{"start":{"line":11,"column":24},"end":{"line":11,"column":31}},"loc":{"start":{"line":17,"column":35},"end":{"line":29,"column":2}}},"1":{"name":"(anonymous_8)","decl":{"start":{"line":17,"column":35},"end":{"line":17,"column":null}},"loc":{"start":{"line":17,"column":35},"end":{"line":29,"column":1}}}},"branchMap":{"0":{"loc":{"start":{"line":16,"column":2},"end":{"line":16,"column":14}},"type":"default-arg","locations":[{"start":{"line":16,"column":12},"end":{"line":16,"column":14}}]}},"s":{"0":1,"1":1,"2":0,"3":0,"4":0,"5":0,"6":1},"f":{"0":0,"1":0},"b":{"0":[0]}}
,"C:\\Users\\ntezi\\Desktop\\solvit\\2026\\my\\Task-management-backend\\src\\shared\\utils\\jwt.ts": {"path":"C:\\Users\\ntezi\\Desktop\\solvit\\2026\\my\\Task-management-backend\\src\\shared\\utils\\jwt.ts","statementMap":{"0":{"start":{"line":1,"column":0},"end":{"line":1,"column":47}},"1":{"start":{"line":3,"column":0},"end":{"line":3,"column":52}},"2":{"start":{"line":6,"column":35},"end":{"line":17,"column":1}},"3":{"start":{"line":9,"column":4},"end":{"line":16,"column":6}},"4":{"start":{"line":6,"column":13},"end":{"line":6,"column":35}},"5":{"start":{"line":32,"column":36},"end":{"line":39,"column":1}},"6":{"start":{"line":35,"column":2},"end":{"line":38,"column":5}},"7":{"start":{"line":32,"column":13},"end":{"line":32,"column":36}},"8":{"start":{"line":41,"column":33},"end":{"line":43,"column":1}},"9":{"start":{"line":42,"column":4},"end":{"line":42,"column":67}},"10":{"start":{"line":41,"column":13},"end":{"line":41,"column":33}},"11":{"start":{"line":45,"column":34},"end":{"line":52,"column":1}},"12":{"start":{"line":48,"column":4},"end":{"line":51,"column":29}},"13":{"start":{"line":45,"column":13},"end":{"line":45,"column":34}}},"fnMap":{"0":{"name":"(anonymous_1)","decl":{"start":{"line":6,"column":35},"end":{"line":6,"column":null}},"loc":{"start":{"line":8,"column":12},"end":{"line":17,"column":1}}},"1":{"name":"(anonymous_2)","decl":{"start":{"line":32,"column":36},"end":{"line":32,"column":null}},"loc":{"start":{"line":34,"column":12},"end":{"line":39,"column":1}}},"2":{"name":"(anonymous_3)","decl":{"start":{"line":41,"column":33},"end":{"line":41,"column":34}},"loc":{"start":{"line":41,"column":63},"end":{"line":43,"column":1}}},"3":{"name":"(anonymous_4)","decl":{"start":{"line":45,"column":34},"end":{"line":45,"column":null}},"loc":{"start":{"line":47,"column":25},"end":{"line":52,"column":1}}}},"branchMap":{},"s":{"0":1,"1":1,"2":1,"3":6,"4":1,"5":1,"6":6,"7":1,"8":1,"9":0,"10":1,"11":1,"12":1,"13":1},"f":{"0":6,"1":6,"2":0,"3":1},"b":{}}
,"C:\\Users\\ntezi\\Desktop\\solvit\\2026\\my\\Task-management-backend\\src\\shared\\utils\\password.ts": {"path":"C:\\Users\\ntezi\\Desktop\\solvit\\2026\\my\\Task-management-backend\\src\\shared\\utils\\password.ts","statementMap":{"0":{"start":{"line":1,"column":0},"end":{"line":1,"column":30}},"1":{"start":{"line":2,"column":0},"end":{"line":2,"column":39}},"2":{"start":{"line":5,"column":28},"end":{"line":7,"column":2}},"3":{"start":{"line":5,"column":72},"end":{"line":7,"column":2}},"4":{"start":{"line":6,"column":4},"end":{"line":6,"column":57}},"5":{"start":{"line":5,"column":13},"end":{"line":5,"column":28}},"6":{"start":{"line":9,"column":31},"end":{"line":18,"column":2}},"7":{"start":{"line":12,"column":22},"end":{"line":18,"column":2}},"8":{"start":{"line":13,"column":4},"end":{"line":15,"column":null}},"9":{"start":{"line":14,"column":8},"end":{"line":14,"column":21}},"10":{"start":{"line":17,"column":4},"end":{"line":17,"column":42}},"11":{"start":{"line":9,"column":13},"end":{"line":9,"column":31}}},"fnMap":{"0":{"name":"(anonymous_8)","decl":{"start":{"line":5,"column":28},"end":{"line":5,"column":35}},"loc":{"start":{"line":5,"column":72},"end":{"line":7,"column":2}}},"1":{"name":"(anonymous_9)","decl":{"start":{"line":5,"column":72},"end":{"line":5,"column":null}},"loc":{"start":{"line":5,"column":72},"end":{"line":7,"column":1}}},"2":{"name":"(anonymous_10)","decl":{"start":{"line":9,"column":31},"end":{"line":9,"column":null}},"loc":{"start":{"line":12,"column":22},"end":{"line":18,"column":2}}},"3":{"name":"(anonymous_11)","decl":{"start":{"line":12,"column":22},"end":{"line":12,"column":null}},"loc":{"start":{"line":12,"column":22},"end":{"line":18,"column":1}}}},"branchMap":{"0":{"loc":{"start":{"line":13,"column":4},"end":{"line":15,"column":null}},"type":"if","locations":[{"start":{"line":13,"column":4},"end":{"line":15,"column":null}},{"start":{},"end":{}}]},"1":{"loc":{"start":{"line":13,"column":8},"end":{"line":13,"column":26}},"type":"binary-expr","locations":[{"start":{"line":13,"column":8},"end":{"line":13,"column":17}},{"start":{"line":13,"column":21},"end":{"line":13,"column":26}}]}},"s":{"0":1,"1":1,"2":1,"3":0,"4":0,"5":1,"6":1,"7":5,"8":5,"9":0,"10":5,"11":1},"f":{"0":0,"1":0,"2":5,"3":5},"b":{"0":[0,5],"1":[5,5]}}
,"C:\\Users\\ntezi\\Desktop\\solvit\\2026\\my\\Task-management-backend\\src\\shared\\utils\\tokenExpiry.ts": {"path":"C:\\Users\\ntezi\\Desktop\\solvit\\2026\\my\\Task-management-backend\\src\\shared\\utils\\tokenExpiry.ts","statementMap":{"0":{"start":{"line":1,"column":0},"end":{"line":1,"column":20}},"1":{"start":{"line":3,"column":41},"end":{"line":13,"column":1}},"2":{"start":{"line":4,"column":14},"end":{"line":4,"column":51}},"3":{"start":{"line":6,"column":16},"end":{"line":6,"column":41}},"4":{"start":{"line":8,"column":2},"end":{"line":10,"column":null}},"5":{"start":{"line":9,"column":4},"end":{"line":9,"column":55}},"6":{"start":{"line":12,"column":2},"end":{"line":12,"column":38}},"7":{"start":{"line":3,"column":13},"end":{"line":3,"column":41}}},"fnMap":{"0":{"name":"(anonymous_1)","decl":{"start":{"line":3,"column":41},"end":{"line":3,"column":50}},"loc":{"start":{"line":3,"column":52},"end":{"line":13,"column":1}}}},"branchMap":{"0":{"loc":{"start":{"line":4,"column":14},"end":{"line":4,"column":51}},"type":"cond-expr","locations":[{"start":{"line":4,"column":43},"end":{"line":4,"column":47}},{"start":{"line":4,"column":47},"end":{"line":4,"column":51}}]},"1":{"loc":{"start":{"line":4,"column":14},"end":{"line":4,"column":47}},"type":"binary-expr","locations":[{"start":{"line":4,"column":14},"end":{"line":4,"column":47}},{"start":{"line":4,"column":43},"end":{"line":4,"column":47}}]},"2":{"loc":{"start":{"line":8,"column":2},"end":{"line":10,"column":null}},"type":"if","locations":[{"start":{"line":8,"column":2},"end":{"line":10,"column":null}},{"start":{},"end":{}}]}},"s":{"0":1,"1":1,"2":0,"3":0,"4":0,"5":0,"6":0,"7":1},"f":{"0":0},"b":{"0":[0,0],"1":[0,0],"2":[0,0]}}
,"C:\\Users\\ntezi\\Desktop\\solvit\\2026\\my\\Task-management-backend\\test-utils\\seedAdmin.ts": {"path":"C:\\Users\\ntezi\\Desktop\\solvit\\2026\\my\\Task-management-backend\\test-utils\\seedAdmin.ts","statementMap":{"0":{"start":{"line":1,"column":0},"end":{"line":1,"column":36}},"1":{"start":{"line":2,"column":0},"end":{"line":2,"column":30}},"2":{"start":{"line":3,"column":0},"end":{"line":3,"column":70}},"3":{"start":{"line":4,"column":0},"end":{"line":4,"column":130}},"4":{"start":{"line":6,"column":25},"end":{"line":63,"column":2}},"5":{"start":{"line":6,"column":36},"end":{"line":63,"column":2}},"6":{"start":{"line":7,"column":12},"end":{"line":7,"column":41}},"7":{"start":{"line":8,"column":2},"end":{"line":62,"column":null}},"8":{"start":{"line":10,"column":20},"end":{"line":10,"column":89}},"9":{"start":{"line":11,"column":4},"end":{"line":17,"column":null}},"10":{"start":{"line":12,"column":6},"end":{"line":16,"column":29}},"11":{"start":{"line":19,"column":20},"end":{"line":19,"column":99}},"12":{"start":{"line":20,"column":4},"end":{"line":29,"column":null}},"13":{"start":{"line":21,"column":29},"end":{"line":21,"column":63}},"14":{"start":{"line":22,"column":6},"end":{"line":28,"column":29}},"15":{"start":{"line":31,"column":21},"end":{"line":34,"column":6}},"16":{"start":{"line":36,"column":4},"end":{"line":41,"column":null}},"17":{"start":{"line":37,"column":6},"end":{"line":40,"column":29}},"18":{"start":{"line":43,"column":27},"end":{"line":43,"column":76}},"19":{"start":{"line":44,"column":4},"end":{"line":55,"column":null}},"20":{"start":{"line":45,"column":23},"end":{"line":48,"column":8}},"21":{"start":{"line":49,"column":6},"end":{"line":54,"column":null}},"22":{"start":{"line":50,"column":8},"end":{"line":53,"column":31}},"23":{"start":{"line":57,"column":4},"end":{"line":57,"column":21}},"24":{"start":{"line":58,"column":4},"end":{"line":58,"column":50}},"25":{"start":{"line":60,"column":4},"end":{"line":60,"column":23}},"26":{"start":{"line":61,"column":4},"end":{"line":61,"column":55}},"27":{"start":{"line":6,"column":13},"end":{"line":6,"column":25}}},"fnMap":{"0":{"name":"(anonymous_8)","decl":{"start":{"line":6,"column":25},"end":{"line":6,"column":34}},"loc":{"start":{"line":6,"column":36},"end":{"line":63,"column":2}}},"1":{"name":"(anonymous_9)","decl":{"start":{"line":6,"column":36},"end":{"line":6,"column":null}},"loc":{"start":{"line":6,"column":36},"end":{"line":63,"column":1}}}},"branchMap":{"0":{"loc":{"start":{"line":11,"column":4},"end":{"line":17,"column":null}},"type":"if","locations":[{"start":{"line":11,"column":4},"end":{"line":17,"column":null}},{"start":{},"end":{}}]},"1":{"loc":{"start":{"line":20,"column":4},"end":{"line":29,"column":null}},"type":"if","locations":[{"start":{"line":20,"column":4},"end":{"line":29,"column":null}},{"start":{},"end":{}}]},"2":{"loc":{"start":{"line":36,"column":4},"end":{"line":41,"column":null}},"type":"if","locations":[{"start":{"line":36,"column":4},"end":{"line":41,"column":null}},{"start":{},"end":{}}]},"3":{"loc":{"start":{"line":49,"column":6},"end":{"line":54,"column":null}},"type":"if","locations":[{"start":{"line":49,"column":6},"end":{"line":54,"column":null}},{"start":{},"end":{}}]}},"s":{"0":2,"1":2,"2":2,"3":2,"4":2,"5":2,"6":2,"7":2,"8":2,"9":2,"10":2,"11":2,"12":2,"13":2,"14":2,"15":2,"16":2,"17":2,"18":2,"19":2,"20":0,"21":0,"22":0,"23":2,"24":2,"25":0,"26":0,"27":2},"f":{"0":2,"1":2},"b":{"0":[2,0],"1":[2,0],"2":[2,0],"3":[0,0]}}
}
