TN:
SF:src/app.ts
FNF:0
FNH:0
DA:1,1
DA:2,1
DA:3,1
DA:4,1
DA:5,1
DA:6,1
DA:7,1
DA:8,1
DA:10,1
DA:12,1
DA:13,1
DA:15,1
DA:16,1
DA:17,1
DA:18,1
DA:19,1
DA:20,1
DA:23,1
LF:18
LH:18
BRF:0
BRH:0
end_of_record
TN:
SF:src/application/services/AudithLogService.ts
FN:5,(anonymous_7)
FN:7,(anonymous_8)
FNF:2
FNH:1
FNDA:1,(anonymous_7)
FNDA:0,(anonymous_8)
DA:2,1
DA:4,1
DA:5,1
DA:14,0
DA:22,0
LF:5
LH:3
BRF:0
BRH:0
end_of_record
TN:
SF:src/application/services/AurhService.ts
FN:17,(anonymous_7)
FN:21,(anonymous_8)
FN:32,(anonymous_10)
FN:60,(anonymous_11)
FN:94,(anonymous_13)
FNF:5
FNH:5
FNDA:1,(anonymous_7)
FNDA:6,(anonymous_8)
FNDA:5,(anonymous_10)
FNDA:2,(anonymous_11)
FNDA:2,(anonymous_13)
DA:2,1
DA:3,1
DA:4,1
DA:5,1
DA:6,1
DA:7,1
DA:8,1
DA:16,1
DA:18,1
DA:22,6
DA:23,6
DA:25,5
DA:26,5
DA:28,5
DA:32,5
DA:34,5
DA:38,5
DA:40,5
DA:45,5
DA:47,5
DA:48,5
DA:50,5
DA:56,2
DA:61,2
DA:68,2
DA:69,1
DA:72,1
DA:95,2
DA:102,1
DA:103,1
DA:106,0
DA:109,0
DA:116,0
DA:121,0
DA:127,0
DA:133,0
LF:36
LH:30
BRDA:23,0,0,1
BRDA:23,0,1,5
BRDA:26,1,0,0
BRDA:26,1,1,5
BRDA:32,2,0,5
BRDA:32,2,1,0
BRDA:32,3,0,0
BRDA:32,3,1,5
BRDA:32,4,0,5
BRDA:32,4,1,5
BRDA:32,5,0,0
BRDA:32,5,1,5
BRDA:32,6,0,5
BRDA:32,6,1,5
BRDA:68,7,0,1
BRDA:68,7,1,1
BRDA:102,8,0,1
BRDA:102,8,1,0
BRDA:102,9,0,1
BRDA:102,9,1,0
BRF:20
BRH:14
end_of_record
TN:
SF:src/application/services/PermissionService.ts
FN:6,(anonymous_7)
FN:8,(anonymous_8)
FN:21,(anonymous_10)
FN:27,(anonymous_12)
FN:33,(anonymous_14)
FN:40,(anonymous_16)
FNF:6
FNH:1
FNDA:1,(anonymous_7)
FNDA:0,(anonymous_8)
FNDA:0,(anonymous_10)
FNDA:0,(anonymous_12)
FNDA:0,(anonymous_14)
FNDA:0,(anonymous_16)
DA:2,1
DA:3,1
DA:5,1
DA:6,1
DA:9,0
DA:10,0
DA:12,0
DA:18,0
DA:22,0
DA:23,0
DA:24,0
DA:28,0
DA:29,0
DA:30,0
DA:34,0
DA:35,0
DA:37,0
DA:41,0
DA:42,0
DA:45,0
LF:20
LH:4
BRDA:10,0,0,0
BRDA:10,0,1,0
BRDA:23,1,0,0
BRDA:23,1,1,0
BRDA:29,2,0,0
BRDA:29,2,1,0
BRDA:35,3,0,0
BRDA:35,3,1,0
BRDA:41,4,0,0
BRDA:41,4,1,0
BRF:10
BRH:0
end_of_record
TN:
SF:src/application/services/RefreshTokenService.ts
FN:73,(anonymous_7)
FN:93,(anonymous_9)
FN:110,(anonymous_10)
FN:131,(anonymous_11)
FNF:4
FNH:0
FNDA:0,(anonymous_7)
FNDA:0,(anonymous_9)
FNDA:0,(anonymous_10)
FNDA:0,(anonymous_11)
DA:1,1
DA:2,1
DA:3,1
DA:4,1
DA:6,1
DA:14,1
DA:75,0
DA:83,0
DA:87,0
DA:88,0
DA:89,0
DA:92,0
DA:93,0
DA:95,0
DA:99,0
DA:100,0
DA:104,0
DA:108,0
DA:110,0
DA:113,0
DA:117,0
DA:119,0
DA:124,0
DA:127,0
DA:133,0
DA:136,0
LF:26
LH:6
BRDA:83,0,0,0
BRDA:83,0,1,0
BRDA:89,1,0,0
BRDA:89,1,1,0
BRDA:92,2,0,0
BRDA:92,2,1,0
BRDA:92,3,0,0
BRDA:92,3,1,0
BRDA:99,4,0,0
BRDA:99,4,1,0
BRDA:108,5,0,0
BRDA:108,5,1,0
BRDA:108,6,0,0
BRDA:108,6,1,0
BRDA:110,7,0,0
BRDA:110,7,1,0
BRF:16
BRH:0
end_of_record
TN:
SF:src/application/services/RoleService.ts
FN:6,(anonymous_7)
FN:8,(anonymous_8)
FN:21,(anonymous_10)
FN:27,(anonymous_12)
FN:33,(anonymous_14)
FN:40,(anonymous_16)
FN:51,(anonymous_18)
FNF:7
FNH:1
FNDA:1,(anonymous_7)
FNDA:0,(anonymous_8)
FNDA:0,(anonymous_10)
FNDA:0,(anonymous_12)
FNDA:0,(anonymous_14)
FNDA:0,(anonymous_16)
FNDA:0,(anonymous_18)
DA:2,1
DA:3,1
DA:5,1
DA:6,1
DA:9,0
DA:10,0
DA:12,0
DA:18,0
DA:22,0
DA:23,0
DA:24,0
DA:28,0
DA:29,0
DA:30,0
DA:34,0
DA:35,0
DA:37,0
DA:41,0
DA:42,0
DA:44,0
DA:45,0
DA:48,0
DA:52,0
DA:53,0
DA:56,0
LF:25
LH:4
BRDA:10,0,0,0
BRDA:10,0,1,0
BRDA:23,1,0,0
BRDA:23,1,1,0
BRDA:29,2,0,0
BRDA:29,2,1,0
BRDA:35,3,0,0
BRDA:35,3,1,0
BRDA:42,4,0,0
BRDA:42,4,1,0
BRDA:44,5,0,0
BRDA:44,5,1,0
BRDA:52,6,0,0
BRDA:52,6,1,0
BRF:14
BRH:0
end_of_record
TN:
SF:src/application/services/UserService.ts
FN:7,(anonymous_7)
FN:9,(anonymous_8)
FN:22,(anonymous_10)
FN:28,(anonymous_12)
FN:34,(anonymous_14)
FN:41,(anonymous_16)
FN:52,(anonymous_18)
FNF:7
FNH:1
FNDA:1,(anonymous_7)
FNDA:0,(anonymous_8)
FNDA:0,(anonymous_10)
FNDA:0,(anonymous_12)
FNDA:0,(anonymous_14)
FNDA:0,(anonymous_16)
FNDA:0,(anonymous_18)
DA:3,1
DA:4,1
DA:6,1
DA:7,1
DA:10,0
DA:11,0
DA:13,0
DA:14,0
DA:23,0
DA:24,0
DA:25,0
DA:29,0
DA:30,0
DA:31,0
DA:35,0
DA:36,0
DA:38,0
DA:42,0
DA:43,0
DA:45,0
DA:46,0
DA:49,0
DA:53,0
DA:54,0
DA:57,0
LF:25
LH:4
BRDA:9,0,0,0
BRDA:11,1,0,0
BRDA:11,1,1,0
BRDA:24,2,0,0
BRDA:24,2,1,0
BRDA:30,3,0,0
BRDA:30,3,1,0
BRDA:36,4,0,0
BRDA:36,4,1,0
BRDA:43,5,0,0
BRDA:43,5,1,0
BRDA:45,6,0,0
BRDA:45,6,1,0
BRDA:53,7,0,0
BRDA:53,7,1,0
BRF:15
BRH:0
end_of_record
TN:
SF:src/config/env.ts
FN:4,(anonymous_0)
FNF:1
FNH:1
FNDA:12,(anonymous_0)
DA:1,2
DA:2,2
DA:4,2
DA:5,12
DA:6,12
DA:7,12
DA:10,2
DA:13,2
DA:14,2
DA:15,2
DA:16,2
DA:18,2
DA:20,2
DA:21,2
DA:22,2
DA:23,2
DA:24,2
DA:26,0
DA:27,0
DA:28,0
DA:29,0
DA:30,0
DA:32,0
DA:33,0
DA:34,0
DA:35,0
DA:38,2
LF:27
LH:18
BRDA:6,0,0,0
BRDA:6,0,1,12
BRDA:10,1,0,2
BRDA:10,1,1,0
BRDA:10,2,0,2
BRDA:10,2,1,2
BRDA:16,3,0,0
BRDA:16,3,1,2
BRDA:16,4,0,2
BRDA:16,4,1,2
BRDA:18,5,0,2
BRDA:18,5,1,0
BRDA:18,5,2,0
BRDA:23,6,0,0
BRDA:23,6,1,2
BRDA:23,7,0,2
BRDA:23,7,1,2
BRDA:29,8,0,0
BRDA:29,8,1,0
BRDA:29,9,0,0
BRDA:29,9,1,0
BRDA:35,10,0,0
BRDA:35,10,1,0
BRDA:35,11,0,0
BRDA:35,11,1,0
BRDA:39,12,0,2
BRDA:39,12,1,0
BRDA:39,13,0,2
BRDA:39,13,1,2
BRDA:50,14,0,2
BRDA:50,14,1,0
BRDA:50,15,0,2
BRDA:50,15,1,2
BRF:33
BRH:17
end_of_record
TN:
SF:src/config/jwt.config.ts
FNF:0
FNH:0
DA:2,1
DA:4,1
DA:5,0
DA:8,1
LF:4
LH:3
BRDA:4,0,0,0
BRDA:4,0,1,1
BRDA:11,1,0,1
BRDA:11,1,1,0
BRDA:12,2,0,1
BRDA:12,2,1,0
BRF:6
BRH:3
end_of_record
TN:
SF:src/domain/index.ts
FNF:0
FNH:0
DA:1,2
DA:2,2
LF:2
LH:2
BRF:0
BRH:0
end_of_record
TN:
SF:src/domain/entities/AuditLog.ts
FN:2,(anonymous_0)
FNF:1
FNH:0
FNDA:0,(anonymous_0)
DA:1,2
DA:3,0
DA:4,0
DA:5,0
DA:6,0
DA:7,0
DA:8,0
LF:7
LH:1
BRF:0
BRH:0
end_of_record
TN:
SF:src/domain/entities/Permission.ts
FN:2,(anonymous_0)
FNF:1
FNH:0
FNDA:0,(anonymous_0)
DA:1,2
DA:3,0
DA:4,0
DA:5,0
LF:4
LH:1
BRF:0
BRH:0
end_of_record
TN:
SF:src/domain/entities/Role.ts
FN:2,(anonymous_0)
FNF:1
FNH:0
FNDA:0,(anonymous_0)
DA:1,2
DA:3,0
DA:4,0
DA:5,0
LF:4
LH:1
BRF:0
BRH:0
end_of_record
TN:
SF:src/domain/entities/RolePermission.ts
FN:2,(anonymous_0)
FNF:1
FNH:0
FNDA:0,(anonymous_0)
DA:1,2
DA:3,0
DA:4,0
LF:3
LH:1
BRF:0
BRH:0
end_of_record
TN:
SF:src/domain/entities/User.ts
FN:2,(anonymous_0)
FNF:1
FNH:1
FNDA:5,(anonymous_0)
DA:1,2
DA:3,5
DA:4,5
DA:5,5
DA:6,5
DA:7,5
DA:8,5
DA:9,5
LF:8
LH:8
BRDA:7,0,0,0
BRDA:8,1,0,0
BRDA:9,2,0,0
BRF:3
BRH:0
end_of_record
TN:
SF:src/domain/entities/UserRole.ts
FN:2,(anonymous_0)
FNF:1
FNH:0
FNDA:0,(anonymous_0)
DA:1,2
DA:3,0
DA:4,0
LF:3
LH:1
BRF:0
BRH:0
end_of_record
TN:
SF:src/domain/entities/index.ts
FNF:0
FNH:0
DA:1,2
DA:2,2
DA:3,2
DA:4,2
DA:5,2
DA:6,2
LF:6
LH:6
BRF:0
BRH:0
end_of_record
TN:
SF:src/domain/repositories/index.ts
FNF:0
FNH:0
DA:1,2
DA:2,2
DA:3,2
DA:4,2
LF:4
LH:4
BRF:0
BRH:0
end_of_record
TN:
SF:src/infrastructure/index.ts
FNF:0
FNH:0
DA:1,2
DA:2,2
LF:2
LH:2
BRF:0
BRH:0
end_of_record
TN:
SF:src/infrastructure/database/index.ts
FNF:0
FNH:0
DA:1,2
DA:2,2
LF:2
LH:2
BRF:0
BRH:0
end_of_record
TN:
SF:src/infrastructure/database/sequelizer.ts
FNF:0
FNH:0
DA:1,2
DA:2,2
DA:4,2
LF:3
LH:3
BRF:0
BRH:0
end_of_record
TN:
SF:src/infrastructure/database/models/AuditLogModel.ts
FN:12,(anonymous_0)
FNF:1
FNH:0
FNDA:0,(anonymous_0)
DA:1,2
DA:4,2
DA:13,0
LF:3
LH:2
BRF:0
BRH:0
end_of_record
TN:
SF:src/infrastructure/database/models/PermissionModel.ts
FN:8,(anonymous_0)
FNF:1
FNH:1
FNDA:2,(anonymous_0)
DA:1,2
DA:3,2
DA:9,2
LF:3
LH:3
BRF:0
BRH:0
end_of_record
TN:
SF:src/infrastructure/database/models/RefreshTokenModel.ts
FN:12,(anonymous_0)
FNF:1
FNH:1
FNDA:2,(anonymous_0)
DA:1,2
DA:3,2
DA:13,2
LF:3
LH:3
BRF:0
BRH:0
end_of_record
TN:
SF:src/infrastructure/database/models/RoleModel.ts
FN:8,(anonymous_0)
FNF:1
FNH:1
FNDA:2,(anonymous_0)
DA:1,2
DA:3,2
DA:9,2
LF:3
LH:3
BRF:0
BRH:0
end_of_record
TN:
SF:src/infrastructure/database/models/RolePermissionModel.ts
FN:10,(anonymous_0)
FNF:1
FNH:1
FNDA:2,(anonymous_0)
DA:1,2
DA:3,2
DA:11,2
LF:3
LH:3
BRF:0
BRH:0
end_of_record
TN:
SF:src/infrastructure/database/models/UserModel.ts
FN:13,(anonymous_0)
FNF:1
FNH:1
FNDA:2,(anonymous_0)
DA:1,2
DA:3,2
DA:14,2
LF:3
LH:3
BRF:0
BRH:0
end_of_record
TN:
SF:src/infrastructure/database/models/UserRoleModel.ts
FN:10,(anonymous_0)
FNF:1
FNH:1
FNDA:2,(anonymous_0)
DA:1,2
DA:3,2
DA:11,2
LF:3
LH:3
BRF:0
BRH:0
end_of_record
TN:
SF:src/infrastructure/database/models/index.ts
FN:28,(anonymous_4)
FN:29,(anonymous_5)
FN:30,(anonymous_6)
FN:31,(anonymous_7)
FN:32,(anonymous_8)
FN:33,(anonymous_9)
FN:34,(anonymous_10)
FNF:7
FNH:5
FNDA:0,(anonymous_4)
FNDA:15,(anonymous_5)
FNDA:9,(anonymous_6)
FNDA:2,(anonymous_7)
FNDA:4,(anonymous_8)
FNDA:0,(anonymous_9)
FNDA:9,(anonymous_10)
DA:1,2
DA:2,2
DA:3,2
DA:4,2
DA:5,2
DA:6,2
DA:7,2
DA:9,2
DA:10,2
DA:11,2
DA:12,2
DA:13,2
DA:14,2
DA:17,2
DA:18,2
DA:20,2
DA:21,2
DA:23,2
DA:24,2
DA:28,2
DA:29,17
DA:30,11
DA:31,4
DA:32,6
DA:33,2
DA:34,11
DA:37,2
DA:38,2
DA:39,2
DA:40,2
DA:41,2
DA:42,2
DA:43,2
LF:33
LH:33
BRF:0
BRH:0
end_of_record
TN:
SF:src/infrastructure/repositories/SequelizeAuditLogRepository.ts
FN:6,(anonymous_7)
FNF:1
FNH:0
FNDA:0,(anonymous_7)
DA:2,1
DA:3,1
DA:5,1
DA:7,0
DA:15,0
LF:5
LH:3
BRF:0
BRH:0
end_of_record
TN:
SF:src/infrastructure/repositories/SequelizePermissionRepository.ts
FN:6,(anonymous_7)
FN:15,(anonymous_9)
FN:20,(anonymous_11)
FN:25,(anonymous_13)
FN:27,(anonymous_15)
FN:30,(anonymous_16)
FNF:6
FNH:0
FNDA:0,(anonymous_7)
FNDA:0,(anonymous_9)
FNDA:0,(anonymous_11)
FNDA:0,(anonymous_13)
FNDA:0,(anonymous_15)
FNDA:0,(anonymous_16)
DA:2,2
DA:3,2
DA:5,2
DA:7,0
DA:12,0
DA:16,0
DA:17,0
DA:21,0
DA:22,0
DA:26,0
DA:27,0
DA:31,0
LF:12
LH:3
BRDA:17,0,0,0
BRDA:17,0,1,0
BRDA:22,1,0,0
BRDA:22,1,1,0
BRF:4
BRH:0
end_of_record
TN:
SF:src/infrastructure/repositories/SequelizeRoleRepository.ts
FN:7,(anonymous_7)
FN:15,(anonymous_9)
FN:20,(anonymous_11)
FN:25,(anonymous_13)
FN:36,(anonymous_15)
FN:42,(anonymous_17)
FN:45,(anonymous_19)
FNF:7
FNH:0
FNDA:0,(anonymous_7)
FNDA:0,(anonymous_9)
FNDA:0,(anonymous_11)
FNDA:0,(anonymous_13)
FNDA:0,(anonymous_15)
FNDA:0,(anonymous_17)
FNDA:0,(anonymous_19)
DA:2,2
DA:3,2
DA:4,2
DA:6,2
DA:8,0
DA:12,0
DA:16,0
DA:17,0
DA:21,0
DA:22,0
DA:26,0
DA:30,0
DA:31,0
DA:33,0
DA:37,0
DA:43,0
DA:44,0
DA:45,0
LF:18
LH:4
BRDA:17,0,0,0
BRDA:17,0,1,0
BRDA:22,1,0,0
BRDA:22,1,1,0
BRDA:30,2,0,0
BRDA:30,2,1,0
BRF:6
BRH:0
end_of_record
TN:
SF:src/infrastructure/repositories/SequelizeUserRepository.ts
FN:7,(anonymous_7)
FN:26,(anonymous_9)
FN:41,(anonymous_11)
FN:56,(anonymous_13)
FN:63,(anonymous_15)
FN:67,(anonymous_17)
FN:70,(anonymous_19)
FNF:7
FNH:1
FNDA:0,(anonymous_7)
FNDA:6,(anonymous_9)
FNDA:0,(anonymous_11)
FNDA:0,(anonymous_13)
FNDA:0,(anonymous_15)
FNDA:0,(anonymous_17)
FNDA:0,(anonymous_19)
DA:2,2
DA:3,2
DA:4,2
DA:6,2
DA:8,0
DA:15,0
DA:27,6
DA:28,6
DA:42,0
DA:43,0
DA:57,0
DA:58,0
DA:59,0
DA:64,0
DA:68,0
DA:69,0
DA:71,0
LF:17
LH:6
BRDA:28,0,0,5
BRDA:28,0,1,1
BRDA:43,1,0,0
BRDA:43,1,1,0
BRDA:58,2,0,0
BRDA:58,2,1,0
BRF:6
BRH:2
end_of_record
TN:
SF:src/infrastructure/repositories/index.ts
FNF:0
FNH:0
DA:1,2
DA:2,2
DA:3,2
LF:3
LH:3
BRF:0
BRH:0
end_of_record
TN:
SF:src/presentation/controllers/auth.controller.ts
FN:5,(anonymous_7)
FN:7,(anonymous_8)
FN:7,(anonymous_9)
FN:17,(anonymous_10)
FN:17,(anonymous_11)
FN:32,(anonymous_12)
FN:32,(anonymous_13)
FNF:7
FNH:7
FNDA:1,(anonymous_7)
FNDA:6,(anonymous_8)
FNDA:6,(anonymous_9)
FNDA:5,(anonymous_10)
FNDA:5,(anonymous_11)
FNDA:2,(anonymous_12)
FNDA:2,(anonymous_13)
DA:4,1
DA:5,1
DA:7,6
DA:8,6
DA:9,6
DA:10,6
DA:11,2
DA:13,4
DA:17,5
DA:18,5
DA:19,5
DA:21,5
DA:22,3
DA:25,2
DA:26,1
DA:28,1
DA:32,2
DA:33,2
DA:34,2
DA:35,2
DA:36,0
DA:38,2
LF:22
LH:21
BRDA:21,0,0,3
BRDA:21,0,1,2
BRDA:21,1,0,5
BRDA:21,1,1,2
BRF:4
BRH:4
end_of_record
TN:
SF:src/presentation/controllers/permission.controller.ts
FN:5,(anonymous_7)
FN:7,(anonymous_8)
FN:7,(anonymous_9)
FN:17,(anonymous_10)
FN:17,(anonymous_11)
FN:23,(anonymous_12)
FN:23,(anonymous_13)
FN:29,(anonymous_14)
FN:29,(anonymous_15)
FN:35,(anonymous_16)
FN:35,(anonymous_17)
FNF:11
FNH:1
FNDA:1,(anonymous_7)
FNDA:0,(anonymous_8)
FNDA:0,(anonymous_9)
FNDA:0,(anonymous_10)
FNDA:0,(anonymous_11)
FNDA:0,(anonymous_12)
FNDA:0,(anonymous_13)
FNDA:0,(anonymous_14)
FNDA:0,(anonymous_15)
FNDA:0,(anonymous_16)
FNDA:0,(anonymous_17)
DA:4,1
DA:5,1
DA:7,1
DA:8,0
DA:9,0
DA:10,0
DA:11,0
DA:13,0
DA:17,1
DA:18,0
DA:19,0
DA:20,0
DA:23,1
DA:24,0
DA:25,0
DA:26,0
DA:29,1
DA:30,0
DA:31,0
DA:32,0
DA:35,1
DA:36,0
DA:37,0
DA:38,0
DA:40,0
LF:25
LH:7
BRF:0
BRH:0
end_of_record
TN:
SF:src/presentation/controllers/refresh.controller.ts
FN:6,(anonymous_7)
FN:8,(anonymous_8)
FN:8,(anonymous_9)
FNF:3
FNH:1
FNDA:1,(anonymous_7)
FNDA:0,(anonymous_8)
FNDA:0,(anonymous_9)
DA:3,1
DA:5,1
DA:6,1
DA:8,1
DA:9,0
DA:10,0
DA:11,0
DA:12,0
DA:14,0
DA:15,0
DA:17,0
LF:11
LH:4
BRDA:14,0,0,0
BRDA:14,0,1,0
BRF:2
BRH:0
end_of_record
TN:
SF:src/presentation/controllers/role.controller.ts
FN:5,(anonymous_7)
FN:7,(anonymous_8)
FN:7,(anonymous_9)
FN:17,(anonymous_10)
FN:17,(anonymous_11)
FN:25,(anonymous_12)
FN:25,(anonymous_13)
FN:31,(anonymous_14)
FN:31,(anonymous_15)
FNF:9
FNH:1
FNDA:1,(anonymous_7)
FNDA:0,(anonymous_8)
FNDA:0,(anonymous_9)
FNDA:0,(anonymous_10)
FNDA:0,(anonymous_11)
FNDA:0,(anonymous_12)
FNDA:0,(anonymous_13)
FNDA:0,(anonymous_14)
FNDA:0,(anonymous_15)
DA:4,1
DA:5,1
DA:7,1
DA:8,0
DA:9,0
DA:10,0
DA:11,0
DA:13,0
DA:17,1
DA:18,0
DA:19,0
DA:20,0
DA:22,0
DA:25,1
DA:26,0
DA:27,0
DA:28,0
DA:31,1
DA:32,0
DA:33,0
DA:34,0
LF:21
LH:6
BRF:0
BRH:0
end_of_record
TN:
SF:src/presentation/controllers/user.controller.ts
FN:5,(anonymous_7)
FN:7,(anonymous_8)
FN:7,(anonymous_9)
FN:17,(anonymous_10)
FN:17,(anonymous_11)
FN:26,(anonymous_12)
FN:26,(anonymous_13)
FN:30,(anonymous_14)
FN:30,(anonymous_15)
FN:39,(anonymous_16)
FN:39,(anonymous_17)
FNF:11
FNH:1
FNDA:1,(anonymous_7)
FNDA:0,(anonymous_8)
FNDA:0,(anonymous_9)
FNDA:0,(anonymous_10)
FNDA:0,(anonymous_11)
FNDA:0,(anonymous_12)
FNDA:0,(anonymous_13)
FNDA:0,(anonymous_14)
FNDA:0,(anonymous_15)
FNDA:0,(anonymous_16)
FNDA:0,(anonymous_17)
DA:4,1
DA:5,1
DA:7,1
DA:8,0
DA:9,0
DA:10,0
DA:11,0
DA:13,0
DA:17,1
DA:18,0
DA:19,0
DA:20,0
DA:22,0
DA:26,1
DA:27,0
DA:28,0
DA:30,1
DA:31,0
DA:32,0
DA:33,0
DA:34,0
DA:36,0
DA:39,1
DA:40,0
DA:41,0
DA:42,0
LF:26
LH:7
BRF:0
BRH:0
end_of_record
TN:
SF:src/presentation/routes/Permission.route.ts
FNF:0
FNH:0
DA:1,1
DA:2,1
DA:3,1
DA:4,1
DA:5,1
DA:7,1
DA:8,1
DA:10,1
DA:17,1
DA:24,1
DA:31,1
DA:38,1
DA:45,1
LF:13
LH:13
BRF:0
BRH:0
end_of_record
TN:
SF:src/presentation/routes/auth.routes.ts
FNF:0
FNH:0
DA:1,1
DA:2,1
DA:3,1
DA:5,1
DA:6,1
DA:8,1
DA:9,1
DA:10,1
DA:12,1
LF:9
LH:9
BRF:0
BRH:0
end_of_record
TN:
SF:src/presentation/routes/refresh.routes.ts
FNF:0
FNH:0
DA:1,1
DA:2,1
DA:3,1
DA:5,1
DA:6,1
DA:8,1
DA:10,1
LF:7
LH:7
BRF:0
BRH:0
end_of_record
TN:
SF:src/presentation/routes/role.routes.ts
FNF:0
FNH:0
DA:1,1
DA:2,1
DA:3,1
DA:4,1
DA:6,1
DA:7,1
DA:9,1
DA:10,1
DA:11,1
DA:12,1
DA:14,1
LF:11
LH:11
BRF:0
BRH:0
end_of_record
TN:
SF:src/presentation/routes/user.routes.ts
FNF:0
FNH:0
DA:1,1
DA:2,1
DA:3,1
DA:4,1
DA:6,1
DA:7,1
DA:9,1
DA:10,1
DA:11,1
DA:12,1
DA:13,1
DA:14,1
DA:16,1
LF:13
LH:13
BRF:0
BRH:0
end_of_record
TN:
SF:src/shared/di.ts
FNF:0
FNH:0
DA:1,1
DA:2,1
DA:3,1
DA:4,1
DA:5,1
DA:6,1
DA:7,1
DA:8,1
DA:9,1
DA:10,1
DA:13,1
DA:14,1
DA:15,1
DA:16,1
DA:19,1
DA:20,1
DA:21,1
DA:22,1
DA:23,1
DA:24,1
LF:20
LH:20
BRF:0
BRH:0
end_of_record
TN:
SF:src/shared/index.ts
FNF:0
FNH:0
DA:1,1
DA:2,1
DA:3,1
DA:4,1
DA:5,1
DA:6,1
DA:7,1
DA:8,1
LF:8
LH:8
BRF:0
BRH:0
end_of_record
TN:
SF:src/shared/errors/AppError.ts
FN:4,(anonymous_0)
FNF:1
FNH:1
FNDA:3,(anonymous_0)
DA:1,1
DA:5,3
DA:6,3
DA:7,3
LF:4
LH:4
BRDA:4,0,0,0
BRF:1
BRH:0
end_of_record
TN:
SF:src/shared/errors/GlobalErrorHandler.ts
FN:4,(anonymous_0)
FNF:1
FNH:1
FNDA:7,(anonymous_0)
DA:2,1
DA:4,1
DA:10,7
DA:11,3
DA:17,4
DA:18,4
LF:6
LH:6
BRDA:10,0,0,3
BRDA:10,0,1,4
BRF:2
BRH:2
end_of_record
TN:
SF:src/shared/errors/index.ts
FNF:0
FNH:0
DA:1,1
DA:2,1
LF:2
LH:2
BRF:0
BRH:0
end_of_record
TN:
SF:src/shared/middlewares/AuthMiddleware.ts
FN:6,(anonymous_0)
FNF:1
FNH:0
FNDA:0,(anonymous_0)
DA:2,1
DA:3,1
DA:6,1
DA:11,0
DA:12,0
DA:13,0
DA:16,0
DA:18,0
DA:19,0
DA:20,0
DA:21,0
DA:23,0
LF:12
LH:3
BRDA:12,0,0,0
BRDA:12,0,1,0
BRDA:12,1,0,0
BRDA:12,1,1,0
BRF:4
BRH:0
end_of_record
TN:
SF:src/shared/middlewares/RbacMiddleware.ts
FN:11,(anonymous_7)
FN:12,(anonymous_8)
FN:12,(anonymous_9)
FN:29,(anonymous_10)
FN:30,(anonymous_11)
FNF:5
FNH:1
FNDA:5,(anonymous_7)
FNDA:0,(anonymous_8)
FNDA:0,(anonymous_9)
FNDA:0,(anonymous_10)
FNDA:0,(anonymous_11)
DA:2,1
DA:3,1
DA:4,1
DA:5,1
DA:11,1
DA:12,5
DA:13,0
DA:14,0
DA:17,0
DA:25,0
DA:27,0
DA:29,0
DA:30,0
DA:31,0
DA:35,0
DA:36,0
DA:39,0
LF:17
LH:6
BRDA:13,0,0,0
BRDA:13,0,1,0
BRDA:25,1,0,0
BRDA:25,1,1,0
BRDA:29,2,0,0
BRDA:29,2,1,0
BRDA:30,3,0,0
BRDA:30,3,1,0
BRDA:35,4,0,0
BRDA:35,4,1,0
BRF:10
BRH:0
end_of_record
TN:
SF:src/shared/middlewares/index.ts
FNF:0
FNH:0
DA:1,1
DA:2,1
LF:2
LH:2
BRF:0
BRH:0
end_of_record
TN:
SF:src/shared/utils/auditLogger.ts
FN:11,(anonymous_7)
FN:17,(anonymous_8)
FNF:2
FNH:0
FNDA:0,(anonymous_7)
FNDA:0,(anonymous_8)
DA:1,1
DA:11,1
DA:17,0
DA:18,0
DA:19,0
DA:27,0
LF:6
LH:2
BRDA:16,0,0,0
BRF:1
BRH:0
end_of_record
TN:
SF:src/shared/utils/jwt.ts
FN:6,(anonymous_1)
FN:32,(anonymous_2)
FN:41,(anonymous_3)
FN:45,(anonymous_4)
FNF:4
FNH:2
FNDA:5,(anonymous_1)
FNDA:5,(anonymous_2)
FNDA:0,(anonymous_3)
FNDA:0,(anonymous_4)
DA:1,1
DA:3,1
DA:6,1
DA:9,5
DA:32,1
DA:35,5
DA:41,1
DA:42,0
DA:45,1
DA:48,0
LF:10
LH:8
BRF:0
BRH:0
end_of_record
TN:
SF:src/shared/utils/password.ts
FN:5,(anonymous_8)
FN:5,(anonymous_9)
FN:9,(anonymous_10)
FN:12,(anonymous_11)
FNF:4
FNH:2
FNDA:0,(anonymous_8)
FNDA:0,(anonymous_9)
FNDA:5,(anonymous_10)
FNDA:5,(anonymous_11)
DA:1,1
DA:2,1
DA:5,1
DA:6,0
DA:9,1
DA:12,5
DA:13,5
DA:14,0
DA:17,5
LF:9
LH:7
BRDA:13,0,0,0
BRDA:13,0,1,5
BRDA:13,1,0,5
BRDA:13,1,1,5
BRF:4
BRH:3
end_of_record
TN:
SF:src/shared/utils/tokenExpiry.ts
FN:3,(anonymous_1)
FNF:1
FNH:0
FNDA:0,(anonymous_1)
DA:1,1
DA:3,1
DA:4,0
DA:6,0
DA:8,0
DA:9,0
DA:12,0
LF:7
LH:2
BRDA:4,0,0,0
BRDA:4,0,1,0
BRDA:4,1,0,0
BRDA:4,1,1,0
BRDA:8,2,0,0
BRDA:8,2,1,0
BRF:6
BRH:0
end_of_record
TN:
SF:test-utils/seedAdmin.ts
FN:6,(anonymous_8)
FN:6,(anonymous_9)
FNF:2
FNH:2
FNDA:2,(anonymous_8)
FNDA:2,(anonymous_9)
DA:1,2
DA:2,2
DA:3,2
DA:4,2
DA:6,2
DA:7,2
DA:8,2
DA:10,2
DA:11,2
DA:12,2
DA:19,2
DA:20,2
DA:21,2
DA:22,2
DA:31,2
DA:36,2
DA:37,2
DA:43,2
DA:44,2
DA:45,0
DA:49,0
DA:50,0
DA:57,2
DA:58,2
DA:60,0
DA:61,0
LF:26
LH:21
BRDA:11,0,0,2
BRDA:11,0,1,0
BRDA:20,1,0,2
BRDA:20,1,1,0
BRDA:36,2,0,2
BRDA:36,2,1,0
BRDA:49,3,0,0
BRDA:49,3,1,0
BRF:8
BRH:3
end_of_record
